[18:21:19] [ServerMain/INFO]: [bootstrap] Running Java 21 (Java HotSpot(TM) 64-Bit Server VM 21.0.5+9-LTS-239; Oracle Corporation null) on Windows 11 10.0 (amd64)
[18:21:19] [ServerMain/INFO]: [bootstrap] Loading Paper 1.21.1-40-master@2fdb2e9 (2024-08-21T01:35:33Z) for Minecraft 1.21.1
[18:21:19] [ServerMain/INFO]: [PluginInitializerManager] Initializing plugins...
[18:21:20] [ServerMain/INFO]: [PluginInitializerManager] Initialized 7 plugins
[18:21:20] [ServerMain/INFO]: [PluginInitializerManager] Bukkit plugins (7):
 - AxiomPaper (4.0.1), CommandPanels (3.21.4.3), FastAsyncWorldEdit (2.12.0), InvSeePlusPlus (0.29.6), WorldEdit (7.3.6+6892-3d660b8), playit-gg (0.1.4), voicechat (2.5.25)
[18:21:23] [ServerMain/INFO]: Environment: Environment[sessionHost=https://sessionserver.mojang.com, servicesHost=https://api.minecraftservices.com, name=PROD]
[18:21:24] [ServerMain/INFO]: Loaded 1290 recipes
[18:21:24] [ServerMain/INFO]: Loaded 1401 advancements
[18:21:25] [Server thread/INFO]: Starting minecraft server version 1.21.1
[18:21:25] [Server thread/INFO]: Loading properties
[18:21:25] [Server thread/INFO]: This server is running Paper version 1.21.1-40-master@2fdb2e9 (2024-08-21T01:35:33Z) (Implementing API version 1.21.1-R0.1-SNAPSHOT)
[18:21:26] [Server thread/INFO]: [spark] This server bundles the spark profiler. For more information please visit https://docs.papermc.io/paper/profiling
[18:21:26] [Server thread/INFO]: Server Ping Player Sample Count: 12
[18:21:26] [Server thread/INFO]: Using 4 threads for Netty based IO
[18:21:26] [Server thread/INFO]: [ChunkTaskScheduler] Chunk system is using 1 I/O threads, 3 worker threads, and population gen parallelism of 3 threads
[18:21:26] [Server console handler/ERROR]: [TerminalConsole] Failed to read console input
java.io.IOException: Das Handle ist ungültig
	at java.base/java.io.FileInputStream.readBytes(Native Method) ~[?:?]
	at java.base/java.io.FileInputStream.read(FileInputStream.java:287) ~[?:?]
	at java.base/java.io.BufferedInputStream.read1(BufferedInputStream.java:345) ~[?:?]
	at java.base/java.io.BufferedInputStream.implRead(BufferedInputStream.java:420) ~[?:?]
	at java.base/java.io.BufferedInputStream.read(BufferedInputStream.java:399) ~[?:?]
	at java.base/sun.nio.cs.StreamDecoder.readBytes(StreamDecoder.java:350) ~[?:?]
	at java.base/sun.nio.cs.StreamDecoder.implRead(StreamDecoder.java:393) ~[?:?]
	at java.base/sun.nio.cs.StreamDecoder.lockedRead(StreamDecoder.java:217) ~[?:?]
	at java.base/sun.nio.cs.StreamDecoder.read(StreamDecoder.java:171) ~[?:?]
	at java.base/java.io.InputStreamReader.read(InputStreamReader.java:188) ~[?:?]
	at java.base/java.io.BufferedReader.fill(BufferedReader.java:160) ~[?:?]
	at java.base/java.io.BufferedReader.implReadLine(BufferedReader.java:370) ~[?:?]
	at java.base/java.io.BufferedReader.readLine(BufferedReader.java:347) ~[?:?]
	at java.base/java.io.BufferedReader.readLine(BufferedReader.java:436) ~[?:?]
	at net.minecrell.terminalconsole.SimpleTerminalConsole.readCommands(SimpleTerminalConsole.java:180) ~[terminalconsoleappender-1.3.0.jar:?]
	at net.minecrell.terminalconsole.SimpleTerminalConsole.start(SimpleTerminalConsole.java:143) ~[terminalconsoleappender-1.3.0.jar:?]
	at net.minecraft.server.dedicated.DedicatedServer$1.run(DedicatedServer.java:117) ~[paper-1.21.1.jar:1.21.1-40-2fdb2e9]
	Suppressed: java.io.IOException: Das Handle ist ungültig
		at java.base/java.io.FileDescriptor.close0(Native Method) ~[?:?]
		at java.base/java.io.FileDescriptor.close(FileDescriptor.java:304) ~[?:?]
		at java.base/java.io.FileInputStream$1.close(FileInputStream.java:526) ~[?:?]
		at java.base/java.io.FileDescriptor.closeAll(FileDescriptor.java:362) ~[?:?]
		at java.base/java.io.FileInputStream.close(FileInputStream.java:524) ~[?:?]
		at java.base/java.io.BufferedInputStream.close(BufferedInputStream.java:618) ~[?:?]
		at java.base/sun.nio.cs.StreamDecoder.implClose(StreamDecoder.java:445) ~[?:?]
		at java.base/sun.nio.cs.StreamDecoder.lockedClose(StreamDecoder.java:266) ~[?:?]
		at java.base/sun.nio.cs.StreamDecoder.close(StreamDecoder.java:251) ~[?:?]
		at java.base/java.io.InputStreamReader.close(InputStreamReader.java:203) ~[?:?]
		at java.base/java.io.BufferedReader.implClose(BufferedReader.java:636) ~[?:?]
		at java.base/java.io.BufferedReader.close(BufferedReader.java:621) ~[?:?]
		at net.minecrell.terminalconsole.SimpleTerminalConsole.readCommands(SimpleTerminalConsole.java:183) ~[terminalconsoleappender-1.3.0.jar:?]
		at net.minecrell.terminalconsole.SimpleTerminalConsole.start(SimpleTerminalConsole.java:143) ~[terminalconsoleappender-1.3.0.jar:?]
		at net.minecraft.server.dedicated.DedicatedServer$1.run(DedicatedServer.java:117) ~[paper-1.21.1.jar:1.21.1-40-2fdb2e9]
[18:21:26] [Server thread/INFO]: Default game type: SURVIVAL
[18:21:26] [Server thread/INFO]: Generating keypair
[18:21:26] [Server thread/INFO]: Starting Minecraft server on *:25565
[18:21:26] [Server thread/INFO]: Using default channel type
[18:21:26] [Server thread/INFO]: Paper: Using Java compression from Velocity.
[18:21:26] [Server thread/INFO]: Paper: Using Java cipher from Velocity.
[18:21:27] [Server thread/ERROR]: [ModernPluginLoadingStrategy] Ambiguous plugin name 'playit-gg' for files 'plugins\.paper-remapped\playit-minecraft-plugin.jar' and 'plugins\.paper-remapped\playit-minecraft-plugin.jar' in 'plugins\.paper-remapped'
[18:21:27] [Server thread/ERROR]: [ModernPluginLoadingStrategy] Ambiguous plugin name 'WorldEdit' for files 'plugins\.paper-remapped\WorldEdit.jar' and 'plugins\.paper-remapped\FastAsyncWorldEdit-Bukkit-2.12.0.jar' in 'plugins\.paper-remapped'
[18:21:27] [Server thread/INFO]: [WorldEdit] Loading server plugin WorldEdit v7.3.6+6892-3d660b8
[18:21:28] [Server thread/INFO]: Got request to register class com.sk89q.worldedit.bukkit.BukkitServerInterface with WorldEdit [com.sk89q.worldedit.extension.platform.PlatformManager@5b0cac6f]
[18:21:28] [Server thread/INFO]: [voicechat] Loading server plugin voicechat v2.5.25
[18:21:28] [Server thread/INFO]: [playit-gg] Loading server plugin playit-gg v0.1.4
[18:21:28] [Server thread/INFO]: [InvSee++] Loading server plugin InvSeePlusPlus v0.29.6
[18:21:28] [Server thread/INFO]: [FastAsyncWorldEdit] Loading server plugin FastAsyncWorldEdit v2.12.0
[18:21:28] [Server thread/WARN]: You installed WorldEdit alongside FastAsyncWorldEdit. That is unneeded and will cause unforeseen issues, because FastAsyncWorldEdit already provides WorldEdit. Stop your server and delete the 'worldedit-bukkit' jar from your plugins folder.
[18:21:30] [Server thread/INFO]: Got request to register class com.sk89q.worldedit.bukkit.BukkitServerInterface with WorldEdit [com.sk89q.worldedit.extension.platform.PlatformManager@505d5f43]
[18:21:30] [Server thread/INFO]: [CommandPanels] Loading server plugin CommandPanels v3.21.4.3
[18:21:30] [Server thread/INFO]: [AxiomPaper] Loading server plugin AxiomPaper v4.0.1
[18:21:30] [Server thread/INFO]: Server permissions file permissions.yml is empty, ignoring it
[18:21:30] [Server thread/INFO]: [WorldEdit] Enabling WorldEdit v7.3.6+6892-3d660b8
[18:21:30] [Server thread/ERROR]: [WorldEdit] 
**********************************************
** /!\    SEVERE WARNING    /!\
** 
** A plugin developer has included a portion of 
** WorldEdit into their own plugin, so rather than using
** the version of WorldEdit that you downloaded, you
** will be using a broken mix of old WorldEdit (that came
** with the plugin) and your downloaded version. THIS MAY
** SEVERELY BREAK WORLDEDIT AND ALL OF ITS FEATURES.
**
** This may have happened because the developer is using
** the WorldEdit API and thinks that including
** WorldEdit is necessary. However, it is not!
**
** Here are some files that have been overridden:
** 
** 'World' came from 'FastAsyncWorldEdit (file:/C:/Users/Tobi/Desktop/amongus/plugins/.paper-remapped/FastAsyncWorldEdit-Bukkit-2.12.0.jar)'
** 'CommandManager' came from 'FastAsyncWorldEdit (file:/C:/Users/Tobi/Desktop/amongus/plugins/.paper-remapped/FastAsyncWorldEdit-Bukkit-2.12.0.jar)'
** 'EditSession' came from 'FastAsyncWorldEdit (file:/C:/Users/Tobi/Desktop/amongus/plugins/.paper-remapped/FastAsyncWorldEdit-Bukkit-2.12.0.jar)'
** 'Actor' came from 'FastAsyncWorldEdit (file:/C:/Users/Tobi/Desktop/amongus/plugins/.paper-remapped/FastAsyncWorldEdit-Bukkit-2.12.0.jar)'
**
** Please report this to the plugins' developers.
**********************************************

[18:21:30] [Server thread/INFO]: Registering commands with com.sk89q.worldedit.bukkit.BukkitServerInterface
[18:21:30] [Server thread/INFO]: WEPIF: Using the Bukkit Permissions API.
[18:21:31] [Server thread/INFO]: Using com.sk89q.worldedit.bukkit.adapter.impl.v1_21.PaperweightAdapter as the Bukkit adapter
[18:21:32] [Server thread/INFO]: [FastAsyncWorldEdit] Enabling FastAsyncWorldEdit v2.12.0
[18:21:32] [Server thread/ERROR]: [FastAsyncWorldEdit] 
**********************************************
** /!\    SEVERE WARNING    /!\
** 
** A plugin developer has included a portion of 
** FastAsyncWorldEdit into their own plugin, so rather than using
** the version of FastAsyncWorldEdit that you downloaded, you
** will be using a broken mix of old FastAsyncWorldEdit (that came
** with the plugin) and your downloaded version. THIS MAY
** SEVERELY BREAK FASTASYNCWORLDEDIT AND ALL OF ITS FEATURES.
**
** This may have happened because the developer is using
** the FastAsyncWorldEdit API and thinks that including
** FastAsyncWorldEdit is necessary. However, it is not!
**
** Here are some files that have been overridden:
** 
** 'World' came from 'WorldEdit (file:/C:/Users/Tobi/Desktop/amongus/plugins/.paper-remapped/WorldEdit.jar)'
** 'EditSession' came from 'WorldEdit (file:/C:/Users/Tobi/Desktop/amongus/plugins/.paper-remapped/WorldEdit.jar)'
** 'Actor' came from 'WorldEdit (file:/C:/Users/Tobi/Desktop/amongus/plugins/.paper-remapped/WorldEdit.jar)'
** 'CommandManager' came from 'WorldEdit (file:/C:/Users/Tobi/Desktop/amongus/plugins/.paper-remapped/WorldEdit.jar)'
**
** Please report this to the plugins' developers.
**********************************************

[18:21:32] [Server thread/INFO]: [com.fastasyncworldedit.core.Fawe] LZ4 Compression Binding loaded successfully
[18:21:32] [Server thread/INFO]: [com.fastasyncworldedit.core.Fawe] ZSTD Compression Binding loaded successfully
[18:21:32] [Server thread/INFO]: Registering commands with com.sk89q.worldedit.bukkit.BukkitServerInterface
[18:21:32] [Server thread/INFO]: WEPIF: Using the Bukkit Permissions API.
[18:21:32] [Server thread/INFO]: Using com.sk89q.worldedit.bukkit.adapter.impl.fawe.v1_21_R1.PaperweightFaweAdapter as the Bukkit adapter
[18:21:33] [Server thread/INFO]: Preparing level "world"
[18:21:33] [Server thread/INFO]: [STDOUT] [org.bukkit.craftbukkit.CraftServer] World world_nether is a duplicate of another world and has been prevented from loading. Please delete the uid.dat file from world_nether's world directory if you want to be able to load the duplicate world.
[18:21:33] [Server thread/INFO]: Preparing start region for dimension minecraft:overworld
[18:21:34] [Server thread/INFO]: Time elapsed: 187 ms
[18:21:34] [Server thread/INFO]: Preparing start region for dimension minecraft:the_nether
[18:21:34] [Server thread/INFO]: Time elapsed: 321 ms
[18:21:34] [Server thread/INFO]: Preparing start region for dimension minecraft:the_end
[18:21:34] [Server thread/INFO]: Time elapsed: 51 ms
[18:21:34] [Server thread/INFO]: [voicechat] Enabling voicechat v2.5.25
[18:21:34] [Server thread/INFO]: [voicechat] Initializing compatibility for Bukkit version 1.21.1-R0.1
[18:21:34] [Server thread/INFO]: [voicechat] Compatibility version 18
[18:21:34] [Server thread/INFO]: [voicechat] Successfully initialized commodore command completion
[18:21:34] [Server thread/INFO]: [playit-gg] Enabling playit-gg v0.1.4
[18:21:35] [Thread-9/INFO]: [gg.playit.minecraft.PlayitKeysSetup] secret key found, checking
[18:21:35] [Thread-9/INFO]: [gg.playit.minecraft.PlayitKeysSetup] check secret
[18:21:35] [Server thread/INFO]: [InvSee++] Enabling InvSeePlusPlus v0.29.6
[18:21:35] [Server thread/INFO]: [CommandPanels] Enabling CommandPanels v3.21.4.3
[18:21:35] [Server thread/INFO]: [CommandPanels] RockyHawk's CommandPanels v3.21.4.3 Plugin Loading...
[18:21:36] [Server thread/INFO]: [CommandPanels] RockyHawk's CommandPanels v3.21.4.3 Plugin Loaded!
[18:21:36] [Server thread/INFO]: [AxiomPaper] Enabling AxiomPaper v4.0.1
[18:21:36] [Server thread/INFO]: [spark] Starting background profiler...
[18:21:36] [Server thread/INFO]: [spark] The async-profiler engine is not supported for your os/arch (windows11/amd64), so the built-in Java engine will be used instead.
[18:21:36] [Thread-9/INFO]: [gg.playit.minecraft.PlayitKeysSetup] found minecraft java tunnel: corporation-lottery.joinmc.link
[18:21:36] [Thread-9/INFO]: [gg.playit.minecraft.PlayitManager] keys and tunnel setup
[18:21:36] [Thread-9/INFO]: playit.gg: WARNING:  plugin is running with a guest account
[18:21:36] [Thread-9/INFO]: playit.gg: see server console for setup URL
[18:21:37] [Server thread/INFO]: Done preparing level "world" (3.529s)
[18:21:37] [Server thread/INFO]: Starting GS4 status listener
[18:21:37] [Server thread/INFO]: Thread Query Listener started
[18:21:37] [Query Listener #1/INFO]: Query running on 0.0.0.0:25565
[18:21:37] [Server thread/INFO]: Running delayed init tasks
[18:21:37] [Server thread/INFO]: Done (18.771s)! For help, type "help"
[18:21:37] [Server thread/INFO]: Timings Reset
[18:21:37] [Server thread/INFO]: [voicechat] Loading plugins
[18:21:37] [Server thread/INFO]: [voicechat] Loaded 0 plugin(s)
[18:21:37] [Server thread/INFO]: [voicechat] Initializing plugins
[18:21:37] [Server thread/INFO]: [voicechat] Initialized 0 plugin(s)
[18:21:37] [VoiceChatServerThread/INFO]: [voicechat] Voice chat server started at port 24454
[18:21:37] [Thread-9/INFO]: [gg.playit.minecraft.PlayitManager] setup playit.gg account: https://playit.gg/login/guest-account/00010000000000000000000d8fa2675878cb01000000000238fbe80e63de523a9711079530ec0fd17b691abd8396fbdd128f8ef7a6b893a6
[18:21:37] [Thread-9/INFO]: playit.gg: tunnel setup
[18:21:37] [Thread-9/INFO]: playit.gg: corporation-lottery.joinmc.link
[18:21:37] [Thread-9/INFO]: [gg.playit.control.ChannelSetup] request queued, waiting 1 second before resend
[18:21:47] [Thread-9/INFO]: [gg.playit.minecraft.PlayitManager] got new client: NewClient{connectAddr=147.185.221.194:31303, peerAddr=31.16.251.197:26995, claimAddress=[2602:fbaf:0830:0000:0000:0000:0000:0002]:43784, claimToken=[44, 0, 60, -109, -71, -35, -62, 122, 71, 31, 16, -5, -59, 105, 115, -81, -95, 10, -5, -85, 8, 103, 88, 120, -42, 0, 0, 0, 0, 0, 13, -113, -94, 0, 0, 0, 0, 0, 58, 71, -94, 108, -5, -85, 8, 0, 0, 0, 0, 18, 0, 0, 0, 0, 0, 0, 0, 4, 0, 1, 107, 116, -24, -76, -96, -101, 24, 65, 47, -62, -107, -80, 109, -56, -4, -64], tunnelServerId=4, dataCenterId=18}
[18:21:47] [Thread-9/INFO]: [gg.playit.minecraft.PlayitManager] starting tcp tunnel for client
[18:21:47] [Thread-9/INFO]: [gg.playit.minecraft.PlayitTcpTunnel] start connection to /[2602:fbaf:830:0:0:0:0:2]:43784 to claim client
[18:21:47] [nioEventLoopGroup-2-1/INFO]: [gg.playit.minecraft.PlayitTcpTunnel] connected to tunnel server, sending claim token
[18:21:47] [nioEventLoopGroup-2-1/INFO]: [gg.playit.minecraft.PlayitTcpTunnel] claim token sent
[18:21:47] [nioEventLoopGroup-2-1/INFO]: [gg.playit.minecraft.PlayitTcpTunnel] connection to tunnel server has been established
[18:21:47] [nioEventLoopGroup-2-1/INFO]: [gg.playit.minecraft.PlayitTcpTunnel] Reflect: ReflectionHelper{ServerConnection=class net.minecraft.server.network.ServerConnectionListener, LegacyPingHandler=class net.minecraft.server.network.LegacyQueryHandler, MinecraftServer=class net.minecraft.server.MinecraftServer, PacketSplitter=class net.minecraft.network.Varint21FrameDecoder, PacketDecoder=class net.minecraft.network.PacketDecoder, EnumProtocolDirection=class net.minecraft.network.protocol.PacketFlow, PacketPrepender=class net.minecraft.network.Varint21LengthFieldPrepender, PacketEncoder=class net.minecraft.network.PacketEncoder, NetworkManagerServer=class net.minecraft.network.RateKickingConnection, NetworkManager=class net.minecraft.network.Connection, HandshakeListener=class net.minecraft.server.network.ServerHandshakePacketListenerImpl, PacketListener=interface net.minecraft.network.PacketListener, CraftServer=class org.bukkit.craftbukkit.CraftServer}
[18:21:47] [nioEventLoopGroup-2-1/INFO]: [gg.playit.minecraft.PlayitTcpTunnel] legacyPingHandler is null
[18:21:47] [nioEventLoopGroup-2-1/INFO]: [gg.playit.minecraft.PlayitTcpTunnel] connecting to minecraft server at localhost/127.0.0.1:25565
[18:21:47] [nioEventLoopGroup-2-2/INFO]: [gg.playit.minecraft.PlayitTcpTunnel] connected to local minecraft server
[18:22:51] [User Authenticator #0/INFO]: UUID of player RAPALLE is d0a66567-dc4d-410a-9f31-1debb1ff51ad
[18:22:51] [Server thread/INFO]: RAPALLE joined the game
[18:22:51] [Server thread/INFO]: RAPALLE[/127.0.0.1:57388] logged in with entity id 2 at ([world]50.37080662897325, 64.95840561948746, 55.109110758693795)
[18:22:51] [Server thread/INFO]: [voicechat] Received secret request of RAPALLE (18)
[18:22:51] [Server thread/INFO]: [voicechat] Sent secret to RAPALLE
[18:22:51] [VoiceChatPacketProcessingThread/INFO]: [voicechat] Successfully authenticated player d0a66567-dc4d-410a-9f31-1debb1ff51ad
[18:22:52] [VoiceChatPacketProcessingThread/INFO]: [voicechat] Successfully validated connection of player d0a66567-dc4d-410a-9f31-1debb1ff51ad
[18:22:52] [VoiceChatPacketProcessingThread/INFO]: [voicechat] Player RAPALLE (d0a66567-dc4d-410a-9f31-1debb1ff51ad) successfully connected to voice chat
[18:23:14] [Server thread/INFO]: RAPALLE issued server command: /gamemode creative
[18:23:14] [Server thread/INFO]: [RAPALLE: Set own game mode to Creative Mode]
[18:23:29] [Server thread/INFO]: [NBTAPI] [NBTAPI] Found Minecraft: 1.21.1! Trying to find NMS support
[18:23:29] [Server thread/INFO]: [NBTAPI] [NBTAPI] NMS support 'MC1_21_R1' loaded!
[18:23:29] [Server thread/INFO]: [NBTAPI] [NBTAPI] Using the plugin 'CommandPanels' to create a bStats instance!
[18:23:30] [Server thread/INFO]: [Not Secure] [@] task comlete
[18:23:30] [Server thread/INFO]: [Not Secure] [@] task comlete
[18:23:30] [Server thread/INFO]: [Not Secure] [@] task comlete
[18:23:30] [Server thread/INFO]: [Not Secure] [@] task comlete
[18:23:30] [Server thread/INFO]: [Not Secure] [@] task comlete
[18:23:30] [Server thread/INFO]: [Not Secure] [@] task comlete
[18:23:30] [Server thread/INFO]: [Not Secure] [@] task comlete
[18:23:30] [Server thread/INFO]: [Not Secure] [@] task comlete
[18:23:30] [Server thread/INFO]: [Not Secure] [@] task comlete
[18:23:30] [Server thread/INFO]: [Not Secure] [@] task comlete
[18:23:30] [Server thread/INFO]: [Not Secure] [@] task comlete
[18:23:30] [Server thread/INFO]: [Not Secure] [@] task comlete
[18:23:30] [Server thread/INFO]: [Not Secure] [@] task comlete
[18:23:30] [Server thread/INFO]: [Not Secure] [@] task comlete
[18:23:30] [Server thread/INFO]: [Not Secure] [@] task comlete
[18:23:30] [Server thread/INFO]: [Not Secure] [@] task comlete
[18:23:31] [Server thread/INFO]: [Not Secure] [@] task comlete
[18:23:31] [Server thread/INFO]: [Not Secure] [@] task comlete
[18:23:31] [Server thread/INFO]: [Not Secure] [@] task comlete
[18:23:31] [Server thread/INFO]: [Not Secure] [@] task comlete
[18:23:31] [Server thread/INFO]: [Not Secure] [@] task comlete
[18:23:39] [Server thread/INFO]: RAPALLE issued server command: /data get block 65 56 60
[18:23:51] [Server thread/INFO]: RAPALLE issued server command: /clone 66 56 69 67 56 69 62 57 60
[18:23:51] [Server thread/INFO]: [RAPALLE: Successfully cloned 2 block(s)]
[18:24:03] [Server thread/INFO]: RAPALLE issued server command: /data get block 65 56 60
[18:24:22] [Server thread/INFO]: [Not Secure] [@] task comlete
[18:24:33] [Server thread/INFO]: [Not Secure] [@] task comlete
[18:24:42] [Server thread/INFO]: RAPALLE issued server command: /data get block 65 56 60
[18:24:59] [Server thread/INFO]: RAPALLE issued server command: /data get block 65 56 61
[18:25:31] [Server thread/INFO]: [Not Secure] [@] task comlete
[18:25:56] [Server thread/INFO]: [Not Secure] [@] task comlete
[18:26:23] [Thread-9/INFO]: [gg.playit.control.ChannelSetup] send keep alive
[18:26:33] [Server thread/INFO]: [Not Secure] [@] task comlete
[18:26:41] [Server thread/INFO]: [Not Secure] [@] task comlete
[18:26:47] [Server thread/INFO]: [Not Secure] [@] task comlete
[18:26:58] [Server thread/INFO]: [Not Secure] [@] task comlete
[18:27:14] [Server thread/INFO]: [Not Secure] [@] task comlete
[18:27:17] [Server thread/INFO]: RAPALLE issued server command: /data get block 65 56 61
[18:27:23] [Thread-9/ERROR]: [gg.playit.minecraft.PlayitManager] failed when communicating with tunnel server, error: java.io.IOException: got unexpected error
[18:27:28] [Thread-9/INFO]: [gg.playit.minecraft.PlayitManager] trying to connect again
[18:27:28] [Thread-9/INFO]: [gg.playit.minecraft.PlayitManager] failed to connect, retrying
[18:27:29] [Thread-9/INFO]: [gg.playit.control.ChannelSetup] request queued, waiting 1 second before resend
[18:27:30] [Thread-9/INFO]: [gg.playit.control.ChannelSetup] request queued, waiting 1 second before resend
[18:28:51] [Thread-9/INFO]: [gg.playit.minecraft.PlayitManager] got new client: NewClient{connectAddr=147.185.221.194:31303, peerAddr=92.96.124.58:57170, claimAddress=209.25.141.2:43784, claimToken=[44, 0, 60, -109, -71, -35, -62, 122, 71, 92, 96, 124, 58, -33, 82, 78, -81, -11, -18, -85, 8, 103, 88, 122, 126, 0, 0, 0, 0, 0, 13, -113, -94, 0, 0, 0, 0, 0, 58, 71, -94, -23, -18, -85, 8, 0, 0, 0, 0, 36, 0, 0, 0, 0, 0, 0, 0, 1, 0, 1, -118, 14, 119, -44, -128, -128, -106, 24, 66, 107, -45, 16, 103, -94, -83, 39], tunnelServerId=1, dataCenterId=36}
[18:28:51] [Thread-9/INFO]: [gg.playit.minecraft.PlayitManager] starting tcp tunnel for client
[18:28:51] [Thread-9/INFO]: [gg.playit.minecraft.PlayitTcpTunnel] start connection to /209.25.141.2:43784 to claim client
[18:28:51] [nioEventLoopGroup-2-3/INFO]: [gg.playit.minecraft.PlayitTcpTunnel] connected to tunnel server, sending claim token
[18:28:51] [nioEventLoopGroup-2-3/INFO]: [gg.playit.minecraft.PlayitTcpTunnel] claim token sent
[18:28:51] [nioEventLoopGroup-2-3/INFO]: [gg.playit.minecraft.PlayitTcpTunnel] connection to tunnel server has been established
[18:28:51] [nioEventLoopGroup-2-3/INFO]: [gg.playit.minecraft.PlayitTcpTunnel] Reflect: ReflectionHelper{ServerConnection=class net.minecraft.server.network.ServerConnectionListener, LegacyPingHandler=class net.minecraft.server.network.LegacyQueryHandler, MinecraftServer=class net.minecraft.server.MinecraftServer, PacketSplitter=class net.minecraft.network.Varint21FrameDecoder, PacketDecoder=class net.minecraft.network.PacketDecoder, EnumProtocolDirection=class net.minecraft.network.protocol.PacketFlow, PacketPrepender=class net.minecraft.network.Varint21LengthFieldPrepender, PacketEncoder=class net.minecraft.network.PacketEncoder, NetworkManagerServer=class net.minecraft.network.RateKickingConnection, NetworkManager=class net.minecraft.network.Connection, HandshakeListener=class net.minecraft.server.network.ServerHandshakePacketListenerImpl, PacketListener=interface net.minecraft.network.PacketListener, CraftServer=class org.bukkit.craftbukkit.CraftServer}
[18:28:51] [nioEventLoopGroup-2-3/INFO]: [gg.playit.minecraft.PlayitTcpTunnel] legacyPingHandler is null
[18:28:51] [nioEventLoopGroup-2-3/INFO]: [gg.playit.minecraft.PlayitTcpTunnel] connecting to minecraft server at localhost/127.0.0.1:25565
[18:28:51] [nioEventLoopGroup-2-4/INFO]: [gg.playit.minecraft.PlayitTcpTunnel] connected to local minecraft server
[18:32:15] [Thread-9/INFO]: [gg.playit.control.ChannelSetup] send keep alive
[18:36:58] [Thread-9/INFO]: [gg.playit.control.ChannelSetup] send keep alive
[18:38:36] [Server thread/INFO]: RAPALLE issued server command: /scoreboard players set #pcount data 10
[18:38:36] [Server thread/INFO]: [RAPALLE: Set [data] for #pcount to 10]
[18:39:22] [Thread-9/INFO]: [gg.playit.minecraft.PlayitManager] got new client: NewClient{connectAddr=198.22.205.194:31303, peerAddr=62.210.99.136:54368, claimAddress=209.25.141.2:43783, claimToken=[44, 0, 60, -58, 22, -51, -62, 122, 71, 62, -46, 99, -120, -44, 96, -114, -92, -23, -44, -85, 7, 103, 88, 124, -12, 0, 0, 0, 0, 0, 13, -113, -94, 0, 0, 0, 0, 0, 58, 71, -94, 122, -44, -85, 7, 0, 0, 0, 0, 36, 0, 0, 0, 0, 0, 0, 0, 1, 0, 3, -31, 91, -51, -122, -74, -9, 25, 10, 96, 73, 103, 34, -70, 23, -122, 55], tunnelServerId=1, dataCenterId=36}
[18:39:22] [Thread-9/INFO]: [gg.playit.minecraft.PlayitManager] starting tcp tunnel for client
[18:39:22] [Thread-9/INFO]: [gg.playit.minecraft.PlayitTcpTunnel] start connection to /209.25.141.2:43783 to claim client
[18:39:22] [nioEventLoopGroup-2-1/INFO]: [gg.playit.minecraft.PlayitTcpTunnel] connected to tunnel server, sending claim token
[18:39:22] [nioEventLoopGroup-2-1/INFO]: [gg.playit.minecraft.PlayitTcpTunnel] claim token sent
[18:39:22] [nioEventLoopGroup-2-1/INFO]: [gg.playit.minecraft.PlayitTcpTunnel] connection to tunnel server has been established
[18:39:22] [nioEventLoopGroup-2-1/INFO]: [gg.playit.minecraft.PlayitTcpTunnel] Reflect: ReflectionHelper{ServerConnection=class net.minecraft.server.network.ServerConnectionListener, LegacyPingHandler=class net.minecraft.server.network.LegacyQueryHandler, MinecraftServer=class net.minecraft.server.MinecraftServer, PacketSplitter=class net.minecraft.network.Varint21FrameDecoder, PacketDecoder=class net.minecraft.network.PacketDecoder, EnumProtocolDirection=class net.minecraft.network.protocol.PacketFlow, PacketPrepender=class net.minecraft.network.Varint21LengthFieldPrepender, PacketEncoder=class net.minecraft.network.PacketEncoder, NetworkManagerServer=class net.minecraft.network.RateKickingConnection, NetworkManager=class net.minecraft.network.Connection, HandshakeListener=class net.minecraft.server.network.ServerHandshakePacketListenerImpl, PacketListener=interface net.minecraft.network.PacketListener, CraftServer=class org.bukkit.craftbukkit.CraftServer}
[18:39:22] [nioEventLoopGroup-2-1/INFO]: [gg.playit.minecraft.PlayitTcpTunnel] legacyPingHandler is null
[18:39:22] [nioEventLoopGroup-2-1/INFO]: [gg.playit.minecraft.PlayitTcpTunnel] connecting to minecraft server at localhost/127.0.0.1:25565
[18:39:22] [nioEventLoopGroup-2-2/INFO]: [gg.playit.minecraft.PlayitTcpTunnel] connected to local minecraft server
[18:39:24] [Server thread/INFO]: [Not Secure] [@] task comlete
[18:39:32] [Server thread/INFO]: [Not Secure] [@] task comlete
[18:41:01] [Thread-9/INFO]: [gg.playit.minecraft.PlayitManager] got new client: NewClient{connectAddr=147.185.221.194:31303, peerAddr=216.128.138.102:39746, claimAddress=209.25.141.2:43786, claimToken=[44, 0, 60, -109, -71, -35, -62, 122, 71, -40, -128, -118, 102, -101, 66, 5, -84, -119, 11, -85, 10, 103, 88, 125, 88, 0, 0, 0, 0, 0, 13, -113, -94, 0, 0, 0, 0, 0, 58, 71, -94, 65, 11, -85, 10, 0, 0, 0, 0, 46, 0, 0, 0, 0, 0, 0, 0, 1, 0, 4, -37, -116, 112, 60, 93, -108, 62, 67, -58, 111, 42, -81, -28, 121, -71, 122], tunnelServerId=1, dataCenterId=46}
[18:41:01] [Thread-9/INFO]: [gg.playit.minecraft.PlayitManager] starting tcp tunnel for client
[18:41:01] [Thread-9/INFO]: [gg.playit.minecraft.PlayitTcpTunnel] start connection to /209.25.141.2:43786 to claim client
[18:41:02] [nioEventLoopGroup-2-3/INFO]: [gg.playit.minecraft.PlayitTcpTunnel] connected to tunnel server, sending claim token
[18:41:02] [nioEventLoopGroup-2-3/INFO]: [gg.playit.minecraft.PlayitTcpTunnel] claim token sent
[18:41:03] [nioEventLoopGroup-2-3/INFO]: [gg.playit.minecraft.PlayitTcpTunnel] connection to tunnel server has been established
[18:41:03] [nioEventLoopGroup-2-3/INFO]: [gg.playit.minecraft.PlayitTcpTunnel] Reflect: ReflectionHelper{ServerConnection=class net.minecraft.server.network.ServerConnectionListener, LegacyPingHandler=class net.minecraft.server.network.LegacyQueryHandler, MinecraftServer=class net.minecraft.server.MinecraftServer, PacketSplitter=class net.minecraft.network.Varint21FrameDecoder, PacketDecoder=class net.minecraft.network.PacketDecoder, EnumProtocolDirection=class net.minecraft.network.protocol.PacketFlow, PacketPrepender=class net.minecraft.network.Varint21LengthFieldPrepender, PacketEncoder=class net.minecraft.network.PacketEncoder, NetworkManagerServer=class net.minecraft.network.RateKickingConnection, NetworkManager=class net.minecraft.network.Connection, HandshakeListener=class net.minecraft.server.network.ServerHandshakePacketListenerImpl, PacketListener=interface net.minecraft.network.PacketListener, CraftServer=class org.bukkit.craftbukkit.CraftServer}
[18:41:03] [nioEventLoopGroup-2-3/INFO]: [gg.playit.minecraft.PlayitTcpTunnel] legacyPingHandler is null
[18:41:03] [nioEventLoopGroup-2-3/INFO]: [gg.playit.minecraft.PlayitTcpTunnel] connecting to minecraft server at localhost/127.0.0.1:25565
[18:41:03] [nioEventLoopGroup-2-4/INFO]: [gg.playit.minecraft.PlayitTcpTunnel] connected to local minecraft server
[18:41:04] [Thread-9/INFO]: [gg.playit.minecraft.PlayitManager] got new client: NewClient{connectAddr=147.185.221.194:31303, peerAddr=216.128.138.102:47036, claimAddress=209.25.141.2:43786, claimToken=[44, 0, 60, -109, -71, -35, -62, 122, 71, -40, -128, -118, 102, -73, -68, 46, -41, -63, -121, -85, 10, 103, 88, 125, 91, 0, 0, 0, 0, 0, 13, -113, -94, 0, 0, 0, 0, 0, 58, 71, -94, -120, -121, -85, 10, 0, 0, 0, 0, 46, 0, 0, 0, 0, 0, 0, 0, 1, 0, 3, 109, -44, -54, -11, -85, 52, -99, -125, 121, -68, 87, -17, -38, -68, -29, 114], tunnelServerId=1, dataCenterId=46}
[18:41:04] [Thread-9/INFO]: [gg.playit.minecraft.PlayitManager] starting tcp tunnel for client
[18:41:04] [Thread-9/INFO]: [gg.playit.minecraft.PlayitTcpTunnel] start connection to /209.25.141.2:43786 to claim client
[18:41:05] [Thread-9/INFO]: [gg.playit.minecraft.PlayitManager] got new client: NewClient{connectAddr=147.185.221.194:31303, peerAddr=216.128.138.102:47042, claimAddress=209.25.141.2:43786, claimToken=[44, 0, 60, -109, -71, -35, -62, 122, 71, -40, -128, -118, 102, -73, -62, 46, 117, 87, 109, -85, 10, 103, 88, 125, 91, 0, 0, 0, 0, 0, 13, -113, -94, 0, 0, 0, 0, 0, 58, 71, -94, -75, 109, -85, 10, 0, 0, 0, 0, 46, 0, 0, 0, 0, 0, 0, 0, 1, 0, 2, 31, 108, 54, 34, -105, 91, -27, -50, -48, 59, 71, 65, 102, 87, -25, 21], tunnelServerId=1, dataCenterId=46}
[18:41:05] [Thread-9/INFO]: [gg.playit.minecraft.PlayitManager] starting tcp tunnel for client
[18:41:05] [Thread-9/INFO]: [gg.playit.minecraft.PlayitTcpTunnel] start connection to /209.25.141.2:43786 to claim client
[18:41:05] [Thread-9/INFO]: [gg.playit.minecraft.PlayitManager] got new client: NewClient{connectAddr=[2602:fbaf:080c:0001:0000:0000:0000:00c2]:31303, peerAddr=[2001:19f0:6402:08f2:5400:05ff:fe0c:67c3]:47744, claimAddress=209.25.141.2:43786, claimToken=[64, 0, 88, 38, 2, -5, -81, 8, 12, 0, 1, 0, 0, 0, 0, 0, 0, 0, -62, 122, 71, 32, 1, 25, -16, 100, 2, 8, -14, 84, 0, 5, -1, -2, 12, 103, -61, -70, -128, 0, 0, 0, 0, -98, -13, 44, 76, -85, 10, 103, 88, 125, 92, 0, 0, 0, 0, 0, 13, -113, -94, 0, 0, 0, 0, 0, 58, 71, -94, -24, 76, -85, 10, 0, 0, 0, 0, 44, 0, 0, 0, 0, 0, 0, 0, 1, 0, 3, 44, 112, 125, -110, -91, -6, 92, -17, -99, 10, 51, -1, 75, -114, 113, -97], tunnelServerId=1, dataCenterId=44}
[18:41:05] [Thread-9/INFO]: [gg.playit.minecraft.PlayitManager] starting tcp tunnel for client
[18:41:05] [Thread-9/INFO]: [gg.playit.minecraft.PlayitTcpTunnel] start connection to /209.25.141.2:43786 to claim client
[18:41:05] [nioEventLoopGroup-2-3/INFO]: [gg.playit.minecraft.PlayitTcpTunnel] connected to tunnel server, sending claim token
[18:41:05] [nioEventLoopGroup-2-3/INFO]: [gg.playit.minecraft.PlayitTcpTunnel] claim token sent
[18:41:05] [Thread-9/INFO]: [gg.playit.minecraft.PlayitManager] got new client: NewClient{connectAddr=147.185.221.194:31303, peerAddr=216.128.138.102:47060, claimAddress=209.25.141.2:43786, claimToken=[44, 0, 60, -109, -71, -35, -62, 122, 71, -40, -128, -118, 102, -73, -44, -17, 93, -60, -123, -85, 10, 103, 88, 125, 92, 0, 0, 0, 0, 0, 13, -113, -94, 0, 0, 0, 0, 0, 58, 71, -94, -16, -123, -85, 10, 0, 0, 0, 0, 46, 0, 0, 0, 0, 0, 0, 0, 1, 0, 2, -31, -122, 90, -1, -123, 62, -86, -38, -8, -96, -75, 25, -72, -8, -105, 84], tunnelServerId=1, dataCenterId=46}
[18:41:05] [Thread-9/INFO]: [gg.playit.minecraft.PlayitManager] starting tcp tunnel for client
[18:41:05] [Thread-9/INFO]: [gg.playit.minecraft.PlayitTcpTunnel] start connection to /209.25.141.2:43786 to claim client
[18:41:05] [nioEventLoopGroup-2-3/INFO]: [gg.playit.minecraft.PlayitTcpTunnel] connection to tunnel server has been established
[18:41:05] [nioEventLoopGroup-2-3/INFO]: [gg.playit.minecraft.PlayitTcpTunnel] Reflect: ReflectionHelper{ServerConnection=class net.minecraft.server.network.ServerConnectionListener, LegacyPingHandler=class net.minecraft.server.network.LegacyQueryHandler, MinecraftServer=class net.minecraft.server.MinecraftServer, PacketSplitter=class net.minecraft.network.Varint21FrameDecoder, PacketDecoder=class net.minecraft.network.PacketDecoder, EnumProtocolDirection=class net.minecraft.network.protocol.PacketFlow, PacketPrepender=class net.minecraft.network.Varint21LengthFieldPrepender, PacketEncoder=class net.minecraft.network.PacketEncoder, NetworkManagerServer=class net.minecraft.network.RateKickingConnection, NetworkManager=class net.minecraft.network.Connection, HandshakeListener=class net.minecraft.server.network.ServerHandshakePacketListenerImpl, PacketListener=interface net.minecraft.network.PacketListener, CraftServer=class org.bukkit.craftbukkit.CraftServer}
[18:41:05] [nioEventLoopGroup-2-3/INFO]: [gg.playit.minecraft.PlayitTcpTunnel] legacyPingHandler is null
[18:41:05] [nioEventLoopGroup-2-3/INFO]: [gg.playit.minecraft.PlayitTcpTunnel] connecting to minecraft server at localhost/127.0.0.1:25565
[18:41:05] [nioEventLoopGroup-2-1/INFO]: [gg.playit.minecraft.PlayitTcpTunnel] connected to local minecraft server
[18:41:05] [nioEventLoopGroup-2-4/INFO]: [gg.playit.minecraft.PlayitTcpTunnel] connected to tunnel server, sending claim token
[18:41:05] [nioEventLoopGroup-2-4/INFO]: [gg.playit.minecraft.PlayitTcpTunnel] claim token sent
[18:41:05] [nioEventLoopGroup-2-4/INFO]: [gg.playit.minecraft.PlayitTcpTunnel] connection to tunnel server has been established
[18:41:05] [nioEventLoopGroup-2-4/INFO]: [gg.playit.minecraft.PlayitTcpTunnel] Reflect: ReflectionHelper{ServerConnection=class net.minecraft.server.network.ServerConnectionListener, LegacyPingHandler=class net.minecraft.server.network.LegacyQueryHandler, MinecraftServer=class net.minecraft.server.MinecraftServer, PacketSplitter=class net.minecraft.network.Varint21FrameDecoder, PacketDecoder=class net.minecraft.network.PacketDecoder, EnumProtocolDirection=class net.minecraft.network.protocol.PacketFlow, PacketPrepender=class net.minecraft.network.Varint21LengthFieldPrepender, PacketEncoder=class net.minecraft.network.PacketEncoder, NetworkManagerServer=class net.minecraft.network.RateKickingConnection, NetworkManager=class net.minecraft.network.Connection, HandshakeListener=class net.minecraft.server.network.ServerHandshakePacketListenerImpl, PacketListener=interface net.minecraft.network.PacketListener, CraftServer=class org.bukkit.craftbukkit.CraftServer}
[18:41:05] [nioEventLoopGroup-2-4/INFO]: [gg.playit.minecraft.PlayitTcpTunnel] legacyPingHandler is null
[18:41:05] [nioEventLoopGroup-2-4/INFO]: [gg.playit.minecraft.PlayitTcpTunnel] connecting to minecraft server at localhost/127.0.0.1:25565
[18:41:05] [nioEventLoopGroup-2-2/INFO]: [gg.playit.minecraft.PlayitTcpTunnel] connected to local minecraft server
[18:41:06] [nioEventLoopGroup-2-1/INFO]: [gg.playit.minecraft.PlayitTcpTunnel] connected to tunnel server, sending claim token
[18:41:06] [nioEventLoopGroup-2-1/INFO]: [gg.playit.minecraft.PlayitTcpTunnel] claim token sent
[18:41:06] [nioEventLoopGroup-2-2/INFO]: [gg.playit.minecraft.PlayitTcpTunnel] connected to tunnel server, sending claim token
[18:41:06] [nioEventLoopGroup-2-2/INFO]: [gg.playit.minecraft.PlayitTcpTunnel] claim token sent
[18:41:06] [nioEventLoopGroup-2-1/INFO]: [gg.playit.minecraft.PlayitTcpTunnel] connection to tunnel server has been established
[18:41:06] [nioEventLoopGroup-2-1/INFO]: [gg.playit.minecraft.PlayitTcpTunnel] Reflect: ReflectionHelper{ServerConnection=class net.minecraft.server.network.ServerConnectionListener, LegacyPingHandler=class net.minecraft.server.network.LegacyQueryHandler, MinecraftServer=class net.minecraft.server.MinecraftServer, PacketSplitter=class net.minecraft.network.Varint21FrameDecoder, PacketDecoder=class net.minecraft.network.PacketDecoder, EnumProtocolDirection=class net.minecraft.network.protocol.PacketFlow, PacketPrepender=class net.minecraft.network.Varint21LengthFieldPrepender, PacketEncoder=class net.minecraft.network.PacketEncoder, NetworkManagerServer=class net.minecraft.network.RateKickingConnection, NetworkManager=class net.minecraft.network.Connection, HandshakeListener=class net.minecraft.server.network.ServerHandshakePacketListenerImpl, PacketListener=interface net.minecraft.network.PacketListener, CraftServer=class org.bukkit.craftbukkit.CraftServer}
[18:41:06] [nioEventLoopGroup-2-1/INFO]: [gg.playit.minecraft.PlayitTcpTunnel] legacyPingHandler is null
[18:41:06] [nioEventLoopGroup-2-1/INFO]: [gg.playit.minecraft.PlayitTcpTunnel] connecting to minecraft server at localhost/127.0.0.1:25565
[18:41:06] [nioEventLoopGroup-2-3/INFO]: [gg.playit.minecraft.PlayitTcpTunnel] connected to local minecraft server
[18:41:06] [nioEventLoopGroup-2-2/INFO]: [gg.playit.minecraft.PlayitTcpTunnel] connection to tunnel server has been established
[18:41:06] [nioEventLoopGroup-2-2/INFO]: [gg.playit.minecraft.PlayitTcpTunnel] Reflect: ReflectionHelper{ServerConnection=class net.minecraft.server.network.ServerConnectionListener, LegacyPingHandler=class net.minecraft.server.network.LegacyQueryHandler, MinecraftServer=class net.minecraft.server.MinecraftServer, PacketSplitter=class net.minecraft.network.Varint21FrameDecoder, PacketDecoder=class net.minecraft.network.PacketDecoder, EnumProtocolDirection=class net.minecraft.network.protocol.PacketFlow, PacketPrepender=class net.minecraft.network.Varint21LengthFieldPrepender, PacketEncoder=class net.minecraft.network.PacketEncoder, NetworkManagerServer=class net.minecraft.network.RateKickingConnection, NetworkManager=class net.minecraft.network.Connection, HandshakeListener=class net.minecraft.server.network.ServerHandshakePacketListenerImpl, PacketListener=interface net.minecraft.network.PacketListener, CraftServer=class org.bukkit.craftbukkit.CraftServer}
[18:41:06] [nioEventLoopGroup-2-2/INFO]: [gg.playit.minecraft.PlayitTcpTunnel] legacyPingHandler is null
[18:41:06] [nioEventLoopGroup-2-2/INFO]: [gg.playit.minecraft.PlayitTcpTunnel] connecting to minecraft server at localhost/127.0.0.1:25565
[18:41:06] [nioEventLoopGroup-2-4/INFO]: [gg.playit.minecraft.PlayitTcpTunnel] connected to local minecraft server
[18:41:06] [nioEventLoopGroup-2-3/WARN]: [gg.playit.minecraft.PlayitTcpTunnel] failed to send data to minecraft server
[18:41:07] [nioEventLoopGroup-2-4/WARN]: [gg.playit.minecraft.PlayitTcpTunnel] failed to send data to minecraft server
[18:41:11] [Thread-9/INFO]: [gg.playit.minecraft.PlayitManager] got new client: NewClient{connectAddr=[2602:fbaf:080c:0001:0000:0000:0000:00c2]:31303, peerAddr=[2001:19f0:6402:08f2:5400:05ff:fe0c:67c3]:35278, claimAddress=209.25.141.2:43786, claimToken=[64, 0, 88, 38, 2, -5, -81, 8, 12, 0, 1, 0, 0, 0, 0, 0, 0, 0, -62, 122, 71, 32, 1, 25, -16, 100, 2, 8, -14, 84, 0, 5, -1, -2, 12, 103, -61, -119, -50, 0, 0, 0, 0, -114, -100, 6, 33, -85, 10, 103, 88, 125, 98, 0, 0, 0, 0, 0, 13, -113, -94, 0, 0, 0, 0, 0, 58, 71, -94, 119, 33, -85, 10, 0, 0, 0, 0, 44, 0, 0, 0, 0, 0, 0, 0, 1, 0, 2, 9, -31, -27, -60, -62, 100, -30, -9, -35, 60, 40, -117, -101, 31, 125, 105], tunnelServerId=1, dataCenterId=44}
[18:41:11] [Thread-9/INFO]: [gg.playit.minecraft.PlayitManager] starting tcp tunnel for client
[18:41:11] [Thread-9/INFO]: [gg.playit.minecraft.PlayitTcpTunnel] start connection to /209.25.141.2:43786 to claim client
[18:41:11] [nioEventLoopGroup-2-1/INFO]: [gg.playit.minecraft.PlayitTcpTunnel] connected to tunnel server, sending claim token
[18:41:11] [nioEventLoopGroup-2-1/INFO]: [gg.playit.minecraft.PlayitTcpTunnel] claim token sent
[18:41:11] [nioEventLoopGroup-2-1/INFO]: [gg.playit.minecraft.PlayitTcpTunnel] connection to tunnel server has been established
[18:41:11] [nioEventLoopGroup-2-1/INFO]: [gg.playit.minecraft.PlayitTcpTunnel] Reflect: ReflectionHelper{ServerConnection=class net.minecraft.server.network.ServerConnectionListener, LegacyPingHandler=class net.minecraft.server.network.LegacyQueryHandler, MinecraftServer=class net.minecraft.server.MinecraftServer, PacketSplitter=class net.minecraft.network.Varint21FrameDecoder, PacketDecoder=class net.minecraft.network.PacketDecoder, EnumProtocolDirection=class net.minecraft.network.protocol.PacketFlow, PacketPrepender=class net.minecraft.network.Varint21LengthFieldPrepender, PacketEncoder=class net.minecraft.network.PacketEncoder, NetworkManagerServer=class net.minecraft.network.RateKickingConnection, NetworkManager=class net.minecraft.network.Connection, HandshakeListener=class net.minecraft.server.network.ServerHandshakePacketListenerImpl, PacketListener=interface net.minecraft.network.PacketListener, CraftServer=class org.bukkit.craftbukkit.CraftServer}
[18:41:11] [nioEventLoopGroup-2-1/INFO]: [gg.playit.minecraft.PlayitTcpTunnel] legacyPingHandler is null
[18:41:11] [nioEventLoopGroup-2-1/INFO]: [gg.playit.minecraft.PlayitTcpTunnel] connecting to minecraft server at localhost/127.0.0.1:25565
[18:41:11] [nioEventLoopGroup-2-2/INFO]: [gg.playit.minecraft.PlayitTcpTunnel] connected to local minecraft server
[18:41:12] [Thread-9/INFO]: [gg.playit.minecraft.PlayitManager] got new client: NewClient{connectAddr=147.185.221.194:31303, peerAddr=216.128.138.102:47072, claimAddress=209.25.141.2:43786, claimToken=[44, 0, 60, -109, -71, -35, -62, 122, 71, -40, -128, -118, 102, -73, -32, -96, 64, -87, 29, -85, 10, 103, 88, 125, 98, 0, 0, 0, 0, 0, 13, -113, -94, 0, 0, 0, 0, 0, 58, 71, -94, -46, 29, -85, 10, 0, 0, 0, 0, 46, 0, 0, 0, 0, 0, 0, 0, 1, 0, 3, -64, -127, -14, 70, -49, -116, 61, 121, 125, 64, -44, -67, 55, -72, -91, 35], tunnelServerId=1, dataCenterId=46}
[18:41:12] [Thread-9/INFO]: [gg.playit.minecraft.PlayitManager] starting tcp tunnel for client
[18:41:12] [Thread-9/INFO]: [gg.playit.minecraft.PlayitTcpTunnel] start connection to /209.25.141.2:43786 to claim client
[18:41:12] [nioEventLoopGroup-2-3/INFO]: [gg.playit.minecraft.PlayitTcpTunnel] connected to tunnel server, sending claim token
[18:41:12] [nioEventLoopGroup-2-3/INFO]: [gg.playit.minecraft.PlayitTcpTunnel] claim token sent
[18:41:12] [nioEventLoopGroup-2-3/INFO]: [gg.playit.minecraft.PlayitTcpTunnel] connection to tunnel server has been established
[18:41:12] [nioEventLoopGroup-2-3/INFO]: [gg.playit.minecraft.PlayitTcpTunnel] Reflect: ReflectionHelper{ServerConnection=class net.minecraft.server.network.ServerConnectionListener, LegacyPingHandler=class net.minecraft.server.network.LegacyQueryHandler, MinecraftServer=class net.minecraft.server.MinecraftServer, PacketSplitter=class net.minecraft.network.Varint21FrameDecoder, PacketDecoder=class net.minecraft.network.PacketDecoder, EnumProtocolDirection=class net.minecraft.network.protocol.PacketFlow, PacketPrepender=class net.minecraft.network.Varint21LengthFieldPrepender, PacketEncoder=class net.minecraft.network.PacketEncoder, NetworkManagerServer=class net.minecraft.network.RateKickingConnection, NetworkManager=class net.minecraft.network.Connection, HandshakeListener=class net.minecraft.server.network.ServerHandshakePacketListenerImpl, PacketListener=interface net.minecraft.network.PacketListener, CraftServer=class org.bukkit.craftbukkit.CraftServer}
[18:41:12] [nioEventLoopGroup-2-3/INFO]: [gg.playit.minecraft.PlayitTcpTunnel] legacyPingHandler is null
[18:41:12] [nioEventLoopGroup-2-3/INFO]: [gg.playit.minecraft.PlayitTcpTunnel] connecting to minecraft server at localhost/127.0.0.1:25565
[18:41:12] [nioEventLoopGroup-2-4/INFO]: [gg.playit.minecraft.PlayitTcpTunnel] connected to local minecraft server
[18:41:14] [Server thread/INFO]: [Not Secure] [@] task comlete
[18:41:18] [Thread-9/INFO]: [gg.playit.minecraft.PlayitManager] got new client: NewClient{connectAddr=147.185.221.194:31303, peerAddr=216.128.138.102:51304, claimAddress=209.25.141.2:43786, claimToken=[44, 0, 60, -109, -71, -35, -62, 122, 71, -40, -128, -118, 102, -56, 104, -59, -85, 116, 118, -85, 10, 103, 88, 125, 104, 0, 0, 0, 0, 0, 13, -113, -94, 0, 0, 0, 0, 0, 58, 71, -94, 23, 118, -85, 10, 0, 0, 0, 0, 46, 0, 0, 0, 0, 0, 0, 0, 1, 0, 3, -21, -68, -111, -26, -4, -106, -8, -48, 27, 119, 96, -47, 62, 93, 10, 35], tunnelServerId=1, dataCenterId=46}
[18:41:18] [Thread-9/INFO]: [gg.playit.minecraft.PlayitManager] starting tcp tunnel for client
[18:41:18] [Thread-9/INFO]: [gg.playit.minecraft.PlayitTcpTunnel] start connection to /209.25.141.2:43786 to claim client
[18:41:18] [nioEventLoopGroup-2-1/INFO]: [gg.playit.minecraft.PlayitTcpTunnel] connected to tunnel server, sending claim token
[18:41:18] [nioEventLoopGroup-2-1/INFO]: [gg.playit.minecraft.PlayitTcpTunnel] claim token sent
[18:41:18] [nioEventLoopGroup-2-1/INFO]: [gg.playit.minecraft.PlayitTcpTunnel] connection to tunnel server has been established
[18:41:18] [nioEventLoopGroup-2-1/INFO]: [gg.playit.minecraft.PlayitTcpTunnel] Reflect: ReflectionHelper{ServerConnection=class net.minecraft.server.network.ServerConnectionListener, LegacyPingHandler=class net.minecraft.server.network.LegacyQueryHandler, MinecraftServer=class net.minecraft.server.MinecraftServer, PacketSplitter=class net.minecraft.network.Varint21FrameDecoder, PacketDecoder=class net.minecraft.network.PacketDecoder, EnumProtocolDirection=class net.minecraft.network.protocol.PacketFlow, PacketPrepender=class net.minecraft.network.Varint21LengthFieldPrepender, PacketEncoder=class net.minecraft.network.PacketEncoder, NetworkManagerServer=class net.minecraft.network.RateKickingConnection, NetworkManager=class net.minecraft.network.Connection, HandshakeListener=class net.minecraft.server.network.ServerHandshakePacketListenerImpl, PacketListener=interface net.minecraft.network.PacketListener, CraftServer=class org.bukkit.craftbukkit.CraftServer}
[18:41:18] [nioEventLoopGroup-2-1/INFO]: [gg.playit.minecraft.PlayitTcpTunnel] legacyPingHandler is null
[18:41:18] [nioEventLoopGroup-2-1/INFO]: [gg.playit.minecraft.PlayitTcpTunnel] connecting to minecraft server at localhost/127.0.0.1:25565
[18:41:18] [nioEventLoopGroup-2-2/INFO]: [gg.playit.minecraft.PlayitTcpTunnel] connected to local minecraft server
[18:41:19] [Thread-9/INFO]: [gg.playit.minecraft.PlayitManager] got new client: NewClient{connectAddr=[2602:fbaf:080c:0001:0000:0000:0000:00c2]:31303, peerAddr=[2001:19f0:6402:08f2:5400:05ff:fe0c:67c3]:50584, claimAddress=209.25.141.2:43786, claimToken=[64, 0, 88, 38, 2, -5, -81, 8, 12, 0, 1, 0, 0, 0, 0, 0, 0, 0, -62, 122, 71, 32, 1, 25, -16, 100, 2, 8, -14, 84, 0, 5, -1, -2, 12, 103, -61, -59, -104, 0, 0, 0, 0, -107, -26, 7, -69, -85, 10, 103, 88, 125, 105, 0, 0, 0, 0, 0, 13, -113, -94, 0, 0, 0, 0, 0, 58, 71, -94, 98, -69, -85, 10, 0, 0, 0, 0, 44, 0, 0, 0, 0, 0, 0, 0, 1, 0, 4, 111, 22, 89, 51, 24, 69, 45, 105, -70, 26, -14, -39, -125, 101, -84, -107], tunnelServerId=1, dataCenterId=44}
[18:41:19] [Thread-9/INFO]: [gg.playit.minecraft.PlayitManager] starting tcp tunnel for client
[18:41:19] [Thread-9/INFO]: [gg.playit.minecraft.PlayitTcpTunnel] start connection to /209.25.141.2:43786 to claim client
[18:41:19] [nioEventLoopGroup-2-3/INFO]: [gg.playit.minecraft.PlayitTcpTunnel] connected to tunnel server, sending claim token
[18:41:19] [nioEventLoopGroup-2-3/INFO]: [gg.playit.minecraft.PlayitTcpTunnel] claim token sent
[18:41:19] [nioEventLoopGroup-2-3/INFO]: [gg.playit.minecraft.PlayitTcpTunnel] connection to tunnel server has been established
[18:41:19] [nioEventLoopGroup-2-3/INFO]: [gg.playit.minecraft.PlayitTcpTunnel] Reflect: ReflectionHelper{ServerConnection=class net.minecraft.server.network.ServerConnectionListener, LegacyPingHandler=class net.minecraft.server.network.LegacyQueryHandler, MinecraftServer=class net.minecraft.server.MinecraftServer, PacketSplitter=class net.minecraft.network.Varint21FrameDecoder, PacketDecoder=class net.minecraft.network.PacketDecoder, EnumProtocolDirection=class net.minecraft.network.protocol.PacketFlow, PacketPrepender=class net.minecraft.network.Varint21LengthFieldPrepender, PacketEncoder=class net.minecraft.network.PacketEncoder, NetworkManagerServer=class net.minecraft.network.RateKickingConnection, NetworkManager=class net.minecraft.network.Connection, HandshakeListener=class net.minecraft.server.network.ServerHandshakePacketListenerImpl, PacketListener=interface net.minecraft.network.PacketListener, CraftServer=class org.bukkit.craftbukkit.CraftServer}
[18:41:19] [nioEventLoopGroup-2-3/INFO]: [gg.playit.minecraft.PlayitTcpTunnel] legacyPingHandler is null
[18:41:19] [nioEventLoopGroup-2-3/INFO]: [gg.playit.minecraft.PlayitTcpTunnel] connecting to minecraft server at localhost/127.0.0.1:25565
[18:41:19] [nioEventLoopGroup-2-4/INFO]: [gg.playit.minecraft.PlayitTcpTunnel] connected to local minecraft server
[18:41:31] [Server thread/INFO]: [Not Secure] [@] task comlete
[18:41:41] [Thread-9/INFO]: [gg.playit.control.ChannelSetup] send keep alive
[18:42:26] [Server thread/INFO]: [Not Secure] [@] task comlete
[18:42:30] [Server thread/INFO]: [Not Secure] [@] task comlete
[18:43:25] [Server thread/INFO]: [Not Secure] [@] 2 true
[18:43:25] [Server thread/INFO]: [Not Secure] [@] 1 true
[18:45:59] [Server thread/INFO]: RAPALLE issued server command: /data get block 53 59 51
[18:46:26] [Thread-9/INFO]: [gg.playit.control.ChannelSetup] send keep alive
[18:46:28] [Server thread/INFO]: [Not Secure] [@] 2 true
[18:46:28] [Server thread/INFO]: [Not Secure] [@] 1 true
[18:46:50] [Server thread/INFO]: [Not Secure] [@] 2 true
[18:46:50] [Server thread/INFO]: [Not Secure] [@] 1 true
[18:46:52] [Server thread/INFO]: [Not Secure] [@] 2 true
[18:46:52] [Server thread/INFO]: [Not Secure] [@] 1 true
[18:46:58] [Server thread/INFO]: [Not Secure] [@] 2 true
[18:46:58] [Server thread/INFO]: [Not Secure] [@] 1 true
[18:47:01] [Server thread/INFO]: [Not Secure] [@] 2 true
[18:47:01] [Server thread/INFO]: [Not Secure] [@] 1 true
[18:47:01] [Server thread/INFO]: [Not Secure] [@] 2 true
[18:47:01] [Server thread/INFO]: [Not Secure] [@] 1 true
[18:47:02] [Server thread/INFO]: [Not Secure] [@] 2 true
[18:47:02] [Server thread/INFO]: [Not Secure] [@] 1 true
[18:47:03] [Server thread/INFO]: [Not Secure] [@] 2 true
[18:47:03] [Server thread/INFO]: [Not Secure] [@] 1 true
[18:47:08] [Netty Server IO #2/WARN]: Failed to update secure chat state for RAPALLE: 'Chat disabled due to missing profile public key. Please try reconnecting.'
[18:49:49] [Server thread/INFO]: [Not Secure] [@] 2 true
[18:49:49] [Server thread/INFO]: [Not Secure] [@] 1 true
[18:49:50] [Server thread/INFO]: [Not Secure] [@] task completed
[18:50:54] [Server thread/INFO]: [Not Secure] [@] task completed
[18:51:07] [Server thread/INFO]: [Not Secure] [@] task completed
[18:51:10] [Thread-9/INFO]: [gg.playit.control.ChannelSetup] send keep alive
[18:51:13] [Server thread/INFO]: [Not Secure] [@] task completed
[18:51:55] [Server thread/INFO]: [Not Secure] [@] 2 true
[18:51:55] [Server thread/INFO]: [Not Secure] [@] 1 true
[18:51:55] [Server thread/INFO]: [Not Secure] [@] task failed
[18:51:55] [Server thread/INFO]: [Not Secure] [@] task completed
[18:52:00] [Server thread/INFO]: [Not Secure] [@] task failed
[18:52:00] [Server thread/INFO]: [Not Secure] [@] task completed
[18:52:00] [Server thread/INFO]: [Not Secure] [@] task failed
[18:52:14] [Server thread/INFO]: [Not Secure] [@] task failed
[18:52:17] [Async Chat Thread - #7/INFO]: <RAPALLE> kl
[18:52:22] [Server thread/INFO]: [Not Secure] [@] 2 true
[18:52:22] [Server thread/INFO]: [Not Secure] [@] 1 true
[18:52:23] [Server thread/INFO]: [Not Secure] [@] task completed
[18:52:28] [Server thread/INFO]: [Not Secure] [@] task completed
[18:52:28] [Server thread/INFO]: [Not Secure] [@] task failed
[18:52:45] [Server thread/INFO]: [Not Secure] [@] task failed
[18:52:53] [Server thread/INFO]: [Not Secure] [@] 2 true
[18:52:53] [Server thread/INFO]: [Not Secure] [@] 1 true
[18:52:54] [Server thread/INFO]: [Not Secure] [@] task completed
[18:52:59] [Server thread/INFO]: [Not Secure] [@] task completed
[18:52:59] [Server thread/INFO]: [Not Secure] [@] task failed
[18:53:31] [Server thread/INFO]: [Not Secure] [@] task completed
[18:53:42] [Server thread/INFO]: [Not Secure] [@] task failed
[18:55:54] [Thread-9/INFO]: [gg.playit.control.ChannelSetup] send keep alive
[18:56:08] [Server thread/INFO]: [Not Secure] [@] task failed
[18:56:11] [Server thread/INFO]: [Not Secure] [@] 2 true
[18:56:11] [Server thread/INFO]: [Not Secure] [@] 1 true
[18:56:11] [Server thread/INFO]: [Not Secure] [@] task failed
[18:56:13] [Server thread/INFO]: [Not Secure] [@] task completed
[18:56:13] [Server thread/INFO]: [Not Secure] [@] task completed
[18:56:13] [Server thread/INFO]: [Not Secure] [@] task completed
[18:56:14] [Server thread/INFO]: [Not Secure] [@] task completed
[18:56:14] [Server thread/INFO]: [Not Secure] [@] task completed
[18:56:14] [Server thread/INFO]: [Not Secure] [@] task completed
[18:56:14] [Server thread/INFO]: [Not Secure] [@] task completed
[18:56:14] [Server thread/INFO]: [Not Secure] [@] task completed
[18:56:23] [Server thread/INFO]: [Not Secure] [@] task completed
[18:56:23] [Server thread/INFO]: [Not Secure] [@] task completed
[18:56:23] [Server thread/INFO]: [Not Secure] [@] task completed
[18:56:23] [Server thread/INFO]: [Not Secure] [@] task completed
[18:56:23] [Server thread/INFO]: [Not Secure] [@] task completed
[18:56:24] [Server thread/INFO]: [Not Secure] [@] task completed
[18:56:24] [Server thread/INFO]: [Not Secure] [@] task completed
[18:56:24] [Server thread/INFO]: [Not Secure] [@] task completed
[18:56:30] [Server thread/INFO]: [Not Secure] [@] task completed
[18:56:30] [Server thread/INFO]: [Not Secure] [@] task completed
[18:56:30] [Server thread/INFO]: [Not Secure] [@] task completed
[18:56:31] [Server thread/INFO]: [Not Secure] [@] task completed
[18:56:31] [Server thread/INFO]: [Not Secure] [@] task completed
[18:56:31] [Server thread/INFO]: [Not Secure] [@] task completed
[18:56:31] [Server thread/INFO]: [Not Secure] [@] task completed
[18:56:32] [Server thread/INFO]: [Not Secure] [@] task completed
[18:56:56] [Server thread/INFO]: [Not Secure] [@] task failed
[18:58:21] [Server thread/INFO]: [Not Secure] [@] 2 true
[18:58:21] [Server thread/INFO]: [Not Secure] [@] 1 true
[18:58:21] [Server thread/INFO]: [Not Secure] [@] task completed
[18:58:25] [Server thread/INFO]: [Not Secure] [@] task completed
[18:59:08] [Server thread/INFO]: [Not Secure] [@] task failed
[18:59:13] [Async Chat Thread - #11/INFO]: <RAPALLE> g
[18:59:15] [Server thread/INFO]: [Not Secure] [@] task failed
[18:59:17] [Server thread/INFO]: [Not Secure] [@] task failed
[18:59:18] [Server thread/INFO]: [Not Secure] [@] task failed
[18:59:22] [Server thread/INFO]: [Not Secure] [@] 2 true
[18:59:22] [Server thread/INFO]: [Not Secure] [@] 1 true
[18:59:22] [Server thread/INFO]: [Not Secure] [@] task failed
[18:59:22] [Server thread/INFO]: [Not Secure] [@] task completed
[18:59:40] [Server thread/INFO]: [Not Secure] [@] 2 true
[18:59:40] [Server thread/INFO]: [Not Secure] [@] 1 true
[18:59:40] [Server thread/INFO]: [Not Secure] [@] task failed
[18:59:40] [Server thread/INFO]: [Not Secure] [@] task completed
[18:59:42] [Server thread/INFO]: [Not Secure] [@] 2 true
[18:59:42] [Server thread/INFO]: [Not Secure] [@] 1 true
[18:59:42] [Server thread/INFO]: [Not Secure] [@] task failed
[18:59:42] [Server thread/INFO]: [Not Secure] [@] task completed
[18:59:56] [Server thread/INFO]: [Not Secure] [@] task failed
[18:59:58] [Server thread/INFO]: [Not Secure] [@] 2 true
[18:59:58] [Server thread/INFO]: [Not Secure] [@] 1 true
[18:59:58] [Server thread/INFO]: [Not Secure] [@] task completed
[19:00:00] [Server thread/INFO]: [Not Secure] [@] task failed
[19:00:00] [Server thread/INFO]: [Not Secure] [@] 2 true
[19:00:00] [Server thread/INFO]: [Not Secure] [@] 1 true
[19:00:01] [Server thread/INFO]: [Not Secure] [@] task completed
[19:00:03] [Async Chat Thread - #11/INFO]: <RAPALLE> g
[19:00:05] [Server thread/INFO]: [Not Secure] [@] task failed
[19:00:19] [Server thread/INFO]: [Not Secure] [@] 2 true
[19:00:19] [Server thread/INFO]: [Not Secure] [@] 1 true
[19:00:19] [Server thread/INFO]: [Not Secure] [@] task completed
[19:00:38] [Thread-9/INFO]: [gg.playit.control.ChannelSetup] send keep alive
[19:01:24] [Server thread/INFO]: [Not Secure] [@] task failed
[19:01:29] [Server thread/INFO]: [Not Secure] [@] task failed
[19:02:27] [Server thread/INFO]: [Not Secure] [@] task failed
[19:02:27] [Server thread/INFO]: [Not Secure] [@] 2 true
[19:02:27] [Server thread/INFO]: [Not Secure] [@] 1 true
[19:02:27] [Server thread/INFO]: [Not Secure] [@] task completed
[19:02:29] [Server thread/INFO]: [Not Secure] [@] task failed
[19:02:30] [Server thread/INFO]: [Not Secure] [@] 2 true
[19:02:30] [Server thread/INFO]: [Not Secure] [@] 1 true
[19:02:30] [Server thread/INFO]: [Not Secure] [@] task completed
[19:02:32] [Server thread/INFO]: [Not Secure] [@] task failed
[19:02:36] [Server thread/INFO]: [Not Secure] [@] 2 true
[19:02:36] [Server thread/INFO]: [Not Secure] [@] 1 true
[19:02:36] [Server thread/INFO]: [Not Secure] [@] task completed
[19:02:48] [Async Chat Thread - #12/INFO]: <RAPALLE> h
[19:02:50] [Server thread/INFO]: [Not Secure] [@] 2 true
[19:02:50] [Server thread/INFO]: [Not Secure] [@] 1 true
[19:02:51] [Server thread/INFO]: [Not Secure] [@] task completed
[19:02:53] [Server thread/INFO]: [Not Secure] [@] 2 true
[19:02:53] [Server thread/INFO]: [Not Secure] [@] 1 true
[19:02:54] [Server thread/INFO]: [Not Secure] [@] task completed
[19:02:56] [Server thread/INFO]: [Not Secure] [@] 2 true
[19:02:56] [Server thread/INFO]: [Not Secure] [@] task completed
[19:02:57] [Server thread/INFO]: [Not Secure] [@] task failed
[19:03:06] [Server thread/INFO]: [Not Secure] [@] 2 true
[19:03:08] [Server thread/INFO]: [Not Secure] [@] task failed
[19:03:11] [Server thread/INFO]: [Not Secure] [@] 2 true
[19:03:14] [Server thread/INFO]: [Not Secure] [@] 2 true
[19:03:14] [Server thread/INFO]: [Not Secure] [@] 1 true
[19:03:14] [Server thread/INFO]: [Not Secure] [@] task completed
[19:03:17] [Server thread/INFO]: [Not Secure] [@] 2 true
[19:03:17] [Server thread/INFO]: [Not Secure] [@] task completed
[19:03:19] [Server thread/INFO]: [Not Secure] [@] task failed
[19:04:19] [Server thread/INFO]: [Not Secure] [@] 2 true
[19:04:21] [Server thread/INFO]: [Not Secure] [@] task failed
[19:04:24] [Server thread/INFO]: [Not Secure] [@] 2 true
[19:04:24] [Server thread/INFO]: [Not Secure] [@] task failed
[19:04:26] [Server thread/INFO]: [Not Secure] [@] task failed
[19:04:26] [Server thread/INFO]: [Not Secure] [@] 2 true
[19:04:27] [Server thread/INFO]: [Not Secure] [@] task failed
[19:04:28] [Server thread/INFO]: [Not Secure] [@] task failed
[19:04:31] [Server thread/INFO]: [Not Secure] [@] 2 true
[19:04:32] [Server thread/INFO]: [Not Secure] [@] task failed
[19:04:38] [Server thread/INFO]: [Not Secure] [@] 2 true
[19:04:40] [Server thread/INFO]: [Not Secure] [@] task failed
[19:04:43] [Server thread/INFO]: [Not Secure] [@] 2 true
[19:04:43] [Server thread/INFO]: [Not Secure] [@] 1 true
[19:04:43] [Server thread/INFO]: [Not Secure] [@] task completed
[19:04:47] [Server thread/INFO]: [Not Secure] [@] 2 true
[19:04:47] [Server thread/INFO]: [Not Secure] [@] task completed
[19:04:48] [Server thread/INFO]: [Not Secure] [@] task failed
[19:05:10] [Server thread/INFO]: [Not Secure] [@] 2 true
[19:05:11] [Server thread/INFO]: [Not Secure] [@] 2 true
[19:05:11] [Server thread/INFO]: [Not Secure] [@] 2 true
[19:05:12] [Server thread/INFO]: [Not Secure] [@] 2 true
[19:05:12] [Server thread/INFO]: [Not Secure] [@] 2 true
[19:05:13] [Server thread/INFO]: [Not Secure] [@] 2 true
[19:05:16] [Server thread/INFO]: [Not Secure] [@] 2 true
[19:05:16] [Server thread/INFO]: [Not Secure] [@] 1 true
[19:05:16] [Server thread/INFO]: [Not Secure] [@] task completed
[19:05:16] [Server thread/INFO]: [Not Secure] [@] 2 true
[19:05:16] [Server thread/INFO]: [Not Secure] [@] 1 true
[19:05:17] [Server thread/INFO]: [Not Secure] [@] 2 true
[19:05:17] [Server thread/INFO]: [Not Secure] [@] 1 true
[19:05:18] [Server thread/INFO]: [Not Secure] [@] 2 true
[19:05:18] [Server thread/INFO]: [Not Secure] [@] 1 true
[19:05:20] [Server thread/INFO]: [Not Secure] [@] 2 true
[19:05:20] [Server thread/INFO]: [Not Secure] [@] task completed
[19:05:20] [Server thread/INFO]: [Not Secure] [@] 2 true
[19:05:21] [Server thread/INFO]: [Not Secure] [@] 2 true
[19:05:21] [Server thread/INFO]: [Not Secure] [@] task failed
[19:05:22] [Server thread/INFO]: [Not Secure] [@] 2 true
[19:05:22] [Server thread/INFO]: [Not Secure] [@] 2 true
[19:05:23] [Server thread/INFO]: [Not Secure] [@] 2 true
[19:05:23] [Thread-9/INFO]: [gg.playit.control.ChannelSetup] send keep alive
[19:05:23] [Server thread/INFO]: [Not Secure] [@] 2 true
[19:05:24] [Server thread/INFO]: [Not Secure] [@] 2 true
[19:05:25] [Server thread/INFO]: [Not Secure] [@] 2 true
[19:05:25] [Server thread/INFO]: [Not Secure] [@] 2 true
[19:05:26] [Server thread/INFO]: [Not Secure] [@] 2 true
[19:05:26] [Server thread/INFO]: [Not Secure] [@] 2 true
[19:05:27] [Server thread/INFO]: [Not Secure] [@] 2 true
[19:05:28] [Server thread/INFO]: [Not Secure] [@] 2 true
[19:05:28] [Server thread/INFO]: [Not Secure] [@] 2 true
[19:05:28] [Server thread/INFO]: [Not Secure] [@] 2 true
[19:05:29] [Server thread/INFO]: [Not Secure] [@] 2 true
[19:05:29] [Server thread/INFO]: [Not Secure] [@] 2 true
[19:05:30] [Server thread/INFO]: [Not Secure] [@] 2 true
[19:05:30] [Server thread/INFO]: [Not Secure] [@] 2 true
[19:05:30] [Server thread/INFO]: [Not Secure] [@] 2 true
[19:05:31] [Server thread/INFO]: [Not Secure] [@] 2 true
[19:05:31] [Server thread/INFO]: [Not Secure] [@] 2 true
[19:05:32] [Server thread/INFO]: [Not Secure] [@] 2 true
[19:05:32] [Server thread/INFO]: [Not Secure] [@] 2 true
[19:05:32] [Server thread/INFO]: [Not Secure] [@] 2 true
[19:05:33] [Server thread/INFO]: [Not Secure] [@] 2 true
[19:05:33] [Server thread/INFO]: [Not Secure] [@] 2 true
[19:05:34] [Server thread/INFO]: [Not Secure] [@] 2 true
[19:05:34] [Server thread/INFO]: [Not Secure] [@] 2 true
[19:05:34] [Server thread/INFO]: [Not Secure] [@] 2 true
[19:05:36] [Server thread/INFO]: [Not Secure] [@] 2 true
[19:05:46] [Server thread/INFO]: [Not Secure] [@] 2 true
[19:05:47] [Server thread/INFO]: RAPALLE issued server command: /data get block 53 59 51
[19:05:49] [Server thread/INFO]: [Not Secure] [@] 2 true
[19:05:51] [Server thread/INFO]: [Not Secure] [@] 2 true
[19:05:51] [Server thread/INFO]: [Not Secure] [@] 2 true
[19:05:52] [Server thread/INFO]: [Not Secure] [@] 2 true
[19:05:52] [Server thread/INFO]: [Not Secure] [@] 2 true
[19:05:52] [Server thread/INFO]: [Not Secure] [@] 2 true
[19:05:53] [Server thread/INFO]: [Not Secure] [@] 2 true
[19:05:53] [Server thread/INFO]: [Not Secure] [@] 2 true
[19:05:54] [Server thread/INFO]: [Not Secure] [@] 2 true
[19:05:54] [Server thread/INFO]: [Not Secure] [@] 2 true
[19:05:54] [Server thread/INFO]: [Not Secure] [@] 2 true
[19:05:55] [Server thread/INFO]: [Not Secure] [@] 2 true
[19:05:55] [Server thread/INFO]: [Not Secure] [@] 2 true
[19:05:56] [Server thread/INFO]: [Not Secure] [@] 2 true
[19:05:56] [Server thread/INFO]: [Not Secure] [@] 2 true
[19:05:56] [Server thread/INFO]: [Not Secure] [@] 2 true
[19:05:57] [Server thread/INFO]: [Not Secure] [@] 2 true
[19:05:57] [Server thread/INFO]: [Not Secure] [@] 2 true
[19:05:58] [Server thread/INFO]: [Not Secure] [@] 2 true
[19:05:58] [Server thread/INFO]: [Not Secure] [@] 2 true
[19:05:58] [Server thread/INFO]: RAPALLE lost connection: Disconnected
[19:05:58] [Server thread/INFO]: [voicechat] Disconnecting client RAPALLE
[19:05:58] [Server thread/INFO]: RAPALLE left the game
[19:05:58] [Server thread/INFO]: [Not Secure] [@] 2 true
[19:05:59] [Server thread/INFO]: [Not Secure] [@] 2 true
[19:05:59] [Server thread/INFO]: [Not Secure] [@] 2 true
[19:06:00] [Server thread/INFO]: [Not Secure] [@] 2 true
[19:06:00] [Server thread/INFO]: [Not Secure] [@] 2 true
[19:06:00] [Server thread/INFO]: [Not Secure] [@] 2 true
[19:06:01] [Server thread/INFO]: [Not Secure] [@] 2 true
[19:06:01] [Server thread/INFO]: [Not Secure] [@] 2 true
[19:06:02] [Server thread/INFO]: [Not Secure] [@] 2 true
[19:06:02] [Server thread/INFO]: [Not Secure] [@] 2 true
[19:06:02] [Server thread/INFO]: [Not Secure] [@] 2 true
[19:06:03] [Server thread/INFO]: [Not Secure] [@] 2 true
[19:06:04] [Server thread/INFO]: Stopping server
[19:06:04] [Server thread/INFO]: [AxiomPaper] Disabling AxiomPaper v4.0.1
[19:06:04] [Server thread/INFO]: [CommandPanels] Disabling CommandPanels v3.21.4.3
[19:06:04] [Server thread/INFO]: RockyHawk's CommandPanels Plugin Disabled, aww man.
[19:06:04] [Server thread/INFO]: [FastAsyncWorldEdit] Disabling FastAsyncWorldEdit v2.12.0
[19:06:04] [Server thread/INFO]: Unregistering com.sk89q.worldedit.bukkit.BukkitServerInterface from WorldEdit
[19:06:04] [Server thread/INFO]: [InvSee++] Disabling InvSeePlusPlus v0.29.6
[19:06:04] [Server thread/INFO]: [playit-gg] Disabling playit-gg v0.1.4
[19:06:04] [Server thread/INFO]: [voicechat] Disabling voicechat v2.5.25
[19:06:04] [Server thread/INFO]: [WorldEdit] Disabling WorldEdit v7.3.6+6892-3d660b8
[19:06:04] [Server thread/INFO]: Unregistering com.sk89q.worldedit.bukkit.BukkitServerInterface from WorldEdit
[19:06:04] [Server thread/INFO]: Saving players
