[15:22:09] [ServerMain/INFO]: Environment: Environment[sessionHost=https://sessionserver.mojang.com, servicesHost=https://api.minecraftservices.com, name=PROD]
[15:22:10] [ServerMain/INFO]: Loaded 1174 recipes
[15:22:10] [ServerMain/INFO]: Loaded 1271 advancements
[15:22:11] [Server thread/INFO]: Starting minecraft server version 1.20.4
[15:22:11] [Server thread/INFO]: Loading properties
[15:22:11] [Server thread/INFO]: This server is running Paper version git-Paper-497 (MC: 1.20.4) (Implementing API version 1.20.4-R0.1-SNAPSHOT) (Git: d8d54d9 on ver/1.20.4)
[15:22:11] [Server thread/INFO]: Server Ping Player Sample Count: 12
[15:22:11] [Server thread/INFO]: Using 4 threads for Netty based IO
[15:22:11] [Server thread/WARN]: [Configurations] The global config file didn't have a version set, assuming latest
[15:22:11] [Server thread/INFO]: [ChunkTaskScheduler] Chunk system is using 1 I/O threads, 3 worker threads, and gen parallelism of 3 threads
[15:22:11] [Server thread/WARN]: [!] The timings profiler has been enabled but has been scheduled for removal from Paper in the future.
    We recommend installing the spark profiler as a replacement: https://spark.lucko.me/
    For more information please visit: https://github.com/PaperMC/Paper/issues/8948
[15:22:12] [Server thread/INFO]: Default game type: SURVIVAL
[15:22:12] [Server thread/INFO]: Generating keypair
[15:22:12] [Server thread/INFO]: Starting Minecraft server on *:20001
[15:22:12] [Server thread/INFO]: Using default channel type
[15:22:12] [Server thread/INFO]: Paper: Using Java compression from Velocity.
[15:22:12] [Server thread/INFO]: Paper: Using Java cipher from Velocity.
[15:22:12] [Server thread/ERROR]: [ModernPluginLoadingStrategy] Ambiguous plugin name 'ViaVersion' for files 'plugins\ViaVersion-5.0.5.jar' and 'plugins\ViaVersion-5.0.3.jar' in 'plugins'
[15:22:12] [Server thread/INFO]: [SpigotLibraryLoader] [SuperiorSkyblock2] Loading 1 libraries... please wait
[15:22:12] [Server thread/INFO]: [SpigotLibraryLoader] [SuperiorSkyblock2] Loaded library L:\RAPALLE.NET\cloud\static\skyblock-1\libraries\org\openjdk\nashorn\nashorn-core\15.4\nashorn-core-15.4.jar
[15:22:12] [Server thread/INFO]: [SpigotLibraryLoader] [SuperiorSkyblock2] Loaded library L:\RAPALLE.NET\cloud\static\skyblock-1\libraries\org\ow2\asm\asm\7.3.1\asm-7.3.1.jar
[15:22:12] [Server thread/INFO]: [SpigotLibraryLoader] [SuperiorSkyblock2] Loaded library L:\RAPALLE.NET\cloud\static\skyblock-1\libraries\org\ow2\asm\asm-commons\7.3.1\asm-commons-7.3.1.jar
[15:22:12] [Server thread/INFO]: [SpigotLibraryLoader] [SuperiorSkyblock2] Loaded library L:\RAPALLE.NET\cloud\static\skyblock-1\libraries\org\ow2\asm\asm-analysis\7.3.1\asm-analysis-7.3.1.jar
[15:22:12] [Server thread/INFO]: [SpigotLibraryLoader] [SuperiorSkyblock2] Loaded library L:\RAPALLE.NET\cloud\static\skyblock-1\libraries\org\ow2\asm\asm-tree\7.3.1\asm-tree-7.3.1.jar
[15:22:12] [Server thread/INFO]: [SpigotLibraryLoader] [SuperiorSkyblock2] Loaded library L:\RAPALLE.NET\cloud\static\skyblock-1\libraries\org\ow2\asm\asm-util\7.3.1\asm-util-7.3.1.jar
[15:22:13] [Server thread/WARN]: [org.bukkit.craftbukkit.v1_20_R3.legacy.CraftLegacy] Initializing Legacy Material Support. Unless you have legacy plugins and/or data this is a bug!
[15:22:15] [Server thread/WARN]: Legacy plugin ServerSync v1.0-BETA does not specify an api-version.
[15:22:15] [Server thread/WARN]: Legacy plugin PlayTime v1.0 does not specify an api-version.
[15:22:16] [Server thread/INFO]: [SpigotLibraryLoader] [ChatImage] Loading 2 libraries... please wait
[15:22:16] [Server thread/INFO]: [SpigotLibraryLoader] [ChatImage] Loaded library L:\RAPALLE.NET\cloud\static\skyblock-1\libraries\commons-io\commons-io\2.11.0\commons-io-2.11.0.jar
[15:22:16] [Server thread/INFO]: [SpigotLibraryLoader] [ChatImage] Loaded library L:\RAPALLE.NET\cloud\static\skyblock-1\libraries\com\google\code\gson\gson\2.10.1\gson-2.10.1.jar
[15:22:16] [Server thread/INFO]: [ViaVersion] Loading server plugin ViaVersion v5.0.5
[15:22:16] [Server thread/INFO]: [ViaVersion] ViaVersion 5.0.5 is now loaded. Registering protocol transformers and injecting...
[15:22:16] [Via-Mappingloader-0/INFO]: [ViaVersion] Loading block connection mappings ...
[15:22:16] [Via-Mappingloader-0/INFO]: [ViaVersion] Using FastUtil Long2ObjectOpenHashMap for block connections
[15:22:16] [Server thread/INFO]: [LuckPerms] Loading server plugin LuckPerms v5.4.141
[15:22:17] [Server thread/INFO]: [Vault] Loading server plugin Vault v1.7.3-b131
[15:22:17] [Server thread/INFO]: [SuperiorSkyblock2] Loading server plugin SuperiorSkyblock2 v2024.3
[15:22:17] [Server thread/INFO]: [PlaceholderAPI] Loading server plugin PlaceholderAPI v2.11.6
[15:22:17] [Server thread/INFO]: [Multiverse-Core] Loading server plugin Multiverse-Core v4.3.1-b861
[15:22:17] [Server thread/INFO]: [FastAsyncWorldEdit] Loading server plugin FastAsyncWorldEdit v2.9.2
[15:22:18] [Server thread/INFO]: Got request to register class com.sk89q.worldedit.bukkit.BukkitServerInterface with WorldEdit [com.sk89q.worldedit.extension.platform.PlatformManager@aa782f7]
[15:22:18] [Server thread/INFO]: [VirtualStorages] Loading server plugin VirtualStorages v1.3.0.2
[15:22:18] [Server thread/INFO]: [TradeSystem] Loading server plugin TradeSystem v2.6.2
[15:22:18] [Server thread/INFO]: [Storage] Loading server plugin Storage v2.2.0
[15:22:18] [Server thread/INFO]: [SimpleScore] Loading server plugin SimpleScore v3.12.5
[15:22:18] [Server thread/INFO]: [SimplePortals] Loading server plugin SimplePortals v1.7.6
[15:22:18] [Server thread/INFO]: [ServerSync] Loading server plugin ServerSync v1.0-BETA
[15:22:18] [Server thread/INFO]: [PoloCloud-Plugin] Loading server plugin PoloCloud-Plugin v1.0.0
[15:22:18] [Server thread/INFO]: [PlugMan] Loading server plugin PlugMan v1.1.0
[15:22:18] [Server thread/INFO]: [PlayTime] Loading server plugin PlayTime v1.0
[15:22:18] [Server thread/INFO]: [Maintenance] Loading server plugin Maintenance v4.3.0
[15:22:18] [Server thread/INFO]: [LPC] Loading server plugin LPC v3.6.0
[15:22:18] [Server thread/INFO]: [GSit] Loading server plugin GSit v1.10.0
[15:22:19] [Server thread/INFO]: [eBackup] Loading server plugin eBackup v1.3.1
[15:22:19] [Server thread/INFO]: [CraftingGUI] Loading server plugin CraftingGUI v1.2.7
[15:22:19] [Server thread/INFO]: [CraftEnhance] Loading server plugin CraftEnhance v2.5.9
[15:22:19] [Server thread/INFO]: [CoreProtect] Loading server plugin CoreProtect v22.4
[15:22:19] [Server thread/INFO]: [CommandPanels] Loading server plugin CommandPanels v3.21.4.2
[15:22:19] [Server thread/INFO]: [ChatImage] Loading server plugin ChatImage v2.6.0
[15:22:19] [Server thread/INFO]: [ChatHead] Loading server plugin ChatHead v1.0.1
[15:22:19] [Server thread/INFO]: Server permissions file permissions.yml is empty, ignoring it
[15:22:19] [Server thread/INFO]: [LuckPerms] Enabling LuckPerms v5.4.141
[15:22:19] [Server thread/INFO]:         __    
[15:22:19] [Server thread/INFO]:   |    |__)   LuckPerms v5.4.141
[15:22:19] [Server thread/INFO]:   |___ |      Running on Bukkit - Paper
[15:22:19] [Server thread/INFO]: 
[15:22:19] [Server thread/INFO]: [LuckPerms] Loading configuration...
[15:22:19] [Server thread/INFO]: [LuckPerms] Loading storage provider... [MYSQL]
[15:22:20] [Server thread/INFO]: [me.lucko.luckperms.lib.hikari.HikariDataSource] luckperms-hikari - Starting...
[15:22:20] [Server thread/INFO]: [me.lucko.luckperms.lib.hikari.HikariDataSource] luckperms-hikari - Start completed.
[15:22:20] [Server thread/INFO]: [LuckPerms] Loading messaging service... [SQL]
[15:22:20] [Server thread/INFO]: [LuckPerms] Loading internal permission managers...
[15:22:21] [Server thread/INFO]: [LuckPerms] Performing initial data load...
[15:22:21] [Server thread/INFO]: [LuckPerms] Successfully enabled. (took 2082ms)
[15:22:21] [Server thread/INFO]: [Vault] Enabling Vault v1.7.3-b131
[15:22:21] [Server thread/INFO]: [Vault] [Permission] SuperPermissions loaded as backup permission system.
[15:22:21] [Server thread/INFO]: [Vault] Enabled Version 1.7.3-b131
[15:22:21] [Server thread/INFO]: [LuckPerms] Registered Vault permission & chat hook.
[15:22:21] [Server thread/INFO]: [FastAsyncWorldEdit] Enabling FastAsyncWorldEdit v2.9.2
[15:22:21] [Server thread/INFO]: [com.fastasyncworldedit.core.Fawe] LZ4 Compression Binding loaded successfully
[15:22:21] [Server thread/INFO]: [com.fastasyncworldedit.core.Fawe] ZSTD Compression Binding loaded successfully
[15:22:21] [Server thread/INFO]: Registering commands with com.sk89q.worldedit.bukkit.BukkitServerInterface
[15:22:21] [Server thread/INFO]: WEPIF: Vault detected! Using Vault for permissions
[15:22:21] [Server thread/INFO]: Using com.sk89q.worldedit.bukkit.adapter.impl.fawe.v1_20_R3.PaperweightFaweAdapter as the Bukkit adapter
[15:22:22] [Server thread/WARN]: **** SERVER IS RUNNING IN OFFLINE/INSECURE MODE!
[15:22:22] [Server thread/WARN]: The server will make no attempt to authenticate usernames. Beware.
[15:22:22] [Server thread/WARN]: Whilst this makes it possible to use Velocity, unless access to your server is properly restricted, it also opens up the ability for hackers to connect with any username they choose.
[15:22:22] [Server thread/WARN]: Please see https://docs.papermc.io/velocity/security for further information.
[15:22:22] [Server thread/WARN]: To change this, set "online-mode" to "true" in the server.properties file.
[15:22:22] [Server thread/INFO]: Preparing level "world"
[15:22:22] [ForkJoinPool.commonPool-worker-1/WARN]: [com.fastasyncworldedit.core.util.UpdateNotification] You are using a snapshot or a custom version of FAWE. This is not an official build distributed via https://www.spigotmc.org/resources/13932/
[15:22:22] [Server thread/INFO]: Preparing start region for dimension minecraft:overworld
[15:22:23] [Server thread/INFO]: Time elapsed: 1407 ms
[15:22:23] [Server thread/INFO]: [ViaVersion] Enabling ViaVersion v5.0.5
[15:22:23] [Server thread/INFO]: [ViaVersion] ViaVersion detected server version: 1.20.3-1.20.4 (765)
[15:22:24] [Server thread/INFO]: [SuperiorSkyblock2] Enabling SuperiorSkyblock2 v2024.3
[15:22:24] [Server thread/INFO]: Preparing start region for dimension minecraft:superiorworld
[15:22:24] [Server thread/INFO]: Time elapsed: 57 ms
[15:22:24] [Server thread/INFO]: [SuperiorSkyblock2] Enabling the module bank...
[15:22:24] [Server thread/INFO]: [SuperiorSkyblock2] Finished enabling the module bank (Took 8ms)
[15:22:24] [Server thread/INFO]: [SuperiorSkyblock2] Enabling the module missions...
[15:22:24] [Server thread/INFO]: [SuperiorSkyblock2] Registered mission miner_1
[15:22:24] [Server thread/INFO]: [SuperiorSkyblock2] Registered mission miner_2
[15:22:24] [Server thread/INFO]: [SuperiorSkyblock2] Registered mission miner_3
[15:22:25] [Server thread/INFO]: [SuperiorSkyblock2] Registered mission miner_4
[15:22:25] [Server thread/INFO]: [SuperiorSkyblock2] Registered mission miner_5
[15:22:25] [Server thread/INFO]: [SuperiorSkyblock2] Registered mission slayer_1
[15:22:25] [Server thread/INFO]: [SuperiorSkyblock2] Registered mission slayer_2
[15:22:25] [Server thread/INFO]: [SuperiorSkyblock2] Registered mission slayer_3
[15:22:25] [Server thread/INFO]: [SuperiorSkyblock2] Registered mission slayer_4
[15:22:25] [Server thread/INFO]: [SuperiorSkyblock2] Registered mission farmer_1
[15:22:25] [Server thread/INFO]: [SuperiorSkyblock2] Registered mission farmer_2
[15:22:25] [Server thread/INFO]: [SuperiorSkyblock2] Registered mission farmer_3
[15:22:25] [Server thread/INFO]: [SuperiorSkyblock2] Registered mission farmer_4
[15:22:25] [Server thread/INFO]: [SuperiorSkyblock2] Registered mission farmer_5
[15:22:25] [Server thread/INFO]: [SuperiorSkyblock2] Registered mission fisherman_1
[15:22:25] [Server thread/INFO]: [SuperiorSkyblock2] Registered mission fisherman_2
[15:22:25] [Server thread/INFO]: [SuperiorSkyblock2] Registered mission fisherman_3
[15:22:25] [Server thread/INFO]: [SuperiorSkyblock2] Registered mission explorer_1
[15:22:25] [Server thread/INFO]: [SuperiorSkyblock2] Registered mission explorer_2
[15:22:25] [Server thread/INFO]: [SuperiorSkyblock2] Finished enabling the module missions (Took 1215ms)
[15:22:25] [Server thread/INFO]: [SuperiorSkyblock2] Enabling the module generators...
[15:22:25] [Server thread/INFO]: [SuperiorSkyblock2] Finished enabling the module generators (Took 5ms)
[15:22:25] [Server thread/INFO]: [SuperiorSkyblock2] Enabling the module upgrades...
[15:22:25] [Server thread/INFO]: [SuperiorSkyblock2] Finished enabling the module upgrades (Took 18ms)
[15:22:25] [Server thread/INFO]: [SuperiorSkyblock2] Loading messages started...
[15:22:26] [Server thread/INFO]: [SuperiorSkyblock2]  - Found 699 messages in the language files.
[15:22:26] [Server thread/INFO]: [SuperiorSkyblock2] Loading messages done (Took 274ms)
[15:22:26] [Server thread/INFO]: [SuperiorSkyblock2] Successfully loaded schematic desert.schematic (DefaultSchematicParser)
[15:22:26] [Server thread/INFO]: [SuperiorSkyblock2] Successfully loaded schematic desert_nether.schematic (DefaultSchematicParser)
[15:22:26] [Server thread/INFO]: [SuperiorSkyblock2] Successfully loaded schematic desert_the_end.schematic (DefaultSchematicParser)
[15:22:26] [Server thread/INFO]: [SuperiorSkyblock2] Successfully loaded schematic mycel.schematic (DefaultSchematicParser)
[15:22:26] [Server thread/INFO]: [SuperiorSkyblock2] Successfully loaded schematic mycel_nether.schematic (DefaultSchematicParser)
[15:22:26] [Server thread/INFO]: [SuperiorSkyblock2] Successfully loaded schematic mycel_the_end.schematic (DefaultSchematicParser)
[15:22:26] [Server thread/INFO]: [SuperiorSkyblock2] Successfully loaded schematic normal.schematic (DefaultSchematicParser)
[15:22:26] [Server thread/INFO]: [SuperiorSkyblock2] Successfully loaded schematic normal_nether.schematic (DefaultSchematicParser)
[15:22:26] [Server thread/INFO]: [SuperiorSkyblock2] Successfully loaded schematic normal_the_end.schematic (DefaultSchematicParser)
[15:22:27] [Server thread/INFO]: [SuperiorSkyblock2] Trying to connect to local database (SQLite)...
[15:22:27] [Server thread/INFO]: [SuperiorSkyblock2] Successfully established connection with local database!
[15:22:27] [Server thread/INFO]: [SuperiorSkyblock2] Creating a backup file...
[15:22:27] [Server thread/INFO]: [SuperiorSkyblock2] Backup done!
[15:22:27] [Server thread/INFO]: [SuperiorSkyblock2] Starting to load players...
[15:22:27] [Server thread/INFO]: [SuperiorSkyblock2] Finished loading 4 players (Took 13ms)
[15:22:27] [Server thread/INFO]: [SuperiorSkyblock2] Starting to load islands...
[15:22:27] [Server thread/INFO]: [SuperiorSkyblock2] Finished loading 3 islands (Took 85ms)
[15:22:27] [Server thread/INFO]: [SuperiorSkyblock2] Starting to load grid...
[15:22:27] [Server thread/INFO]: [SuperiorSkyblock2] Finished grid!
[15:22:27] [Server thread/INFO]: [SuperiorSkyblock2] Starting to load stacked blocks...
[15:22:27] [Server thread/INFO]: [SuperiorSkyblock2] Finished stacked blocks!
[15:22:27] [Server thread/INFO]: [PlaceholderAPI] Enabling PlaceholderAPI v2.11.6
[15:22:27] [Server thread/INFO]: [PlaceholderAPI] Fetching available expansion information...
[15:22:27] [Server thread/INFO]: [Multiverse-Core] Enabling Multiverse-Core v4.3.1-b861
[15:22:27] [Server thread/WARN]: [Multiverse-Core] "Multiverse-Core v4.3.1-b861" has registered a listener for org.bukkit.event.entity.EntityCreatePortalEvent on method "public void com.onarandombox.MultiverseCore.listeners.MVPortalListener.entityPortalCreate(org.bukkit.event.entity.EntityCreatePortalEvent)", but the event is Deprecated. "Server performance will be affected"; please notify the authors [dumptruckman, Rigby, fernferret, lithium3141, main--].
[15:22:27] [Server thread/INFO]: [Multiverse-Core] §aWe are aware of the warning about the deprecated event. There is no alternative that allows us to do what we need to do and performance impact is negligible. It is safe to ignore.
[15:22:27] [Server thread/INFO]: Preparing start region for dimension minecraft:the_gold_mine
[15:22:28] [Server thread/INFO]: Time elapsed: 128 ms
[15:22:28] [Server thread/INFO]: Preparing start region for dimension minecraft:the_dungeon_hub
[15:22:28] [Server thread/INFO]: Time elapsed: 59 ms
[15:22:28] [Server thread/INFO]: Preparing start region for dimension minecraft:the_drawen_mines
[15:22:28] [Server thread/INFO]: Time elapsed: 86 ms
[15:22:28] [Server thread/INFO]: Preparing start region for dimension minecraft:the_spiders_den
[15:22:28] [Server thread/INFO]: Time elapsed: 30 ms
[15:22:28] [Server thread/INFO]: Preparing start region for dimension minecraft:the_end
[15:22:28] [Server thread/INFO]: Time elapsed: 32 ms
[15:22:28] [Server thread/INFO]: Preparing start region for dimension minecraft:tiktok
[15:22:28] [Server thread/INFO]: Time elapsed: 26 ms
[15:22:28] [Server thread/INFO]: Preparing start region for dimension minecraft:the_crimson_isle
[15:22:28] [Server thread/INFO]: Time elapsed: 37 ms
[15:22:28] [Server thread/INFO]: Preparing start region for dimension minecraft:the_hub
[15:22:28] [Server thread/INFO]: Time elapsed: 39 ms
[15:22:28] [Server thread/WARN]: [Multiverse-Core] WorldManager: Can't load this world because the folder was deleted/moved: The_Dwarven_Mines
[15:22:28] [Server thread/WARN]: [Multiverse-Core] Use '/mv remove' to remove it from the config!
[15:22:28] [Server thread/INFO]: Preparing start region for dimension minecraft:the_park
[15:22:29] [Server thread/INFO]: Time elapsed: 38 ms
[15:22:29] [Server thread/INFO]: Preparing start region for dimension minecraft:the_crystal_hollows
[15:22:29] [Server thread/INFO]: Time elapsed: 28 ms
[15:22:29] [Server thread/INFO]: Preparing start region for dimension minecraft:the_deep_caverns
[15:22:29] [Server thread/INFO]: Time elapsed: 37 ms
[15:22:29] [Server thread/INFO]: [Multiverse-Core] 13 - World(s) loaded.
[15:22:29] [Server thread/WARN]: [Multiverse-Core] Buscript failed to load! The script command will be disabled! If you would like not to see this message, use `/mv conf enablebuscript false` to disable Buscript from loading.
[15:22:29] [Server thread/INFO]: [Multiverse-Core] Version 4.3.1-b861 (API v24) Enabled - By dumptruckman, Rigby, fernferret, lithium3141 and main--
[15:22:29] [Server thread/INFO]: [VirtualStorages] Enabling VirtualStorages v1.3.0.2
[15:22:29] [Server thread/INFO]: ||   VirtualStorages   ||
[15:22:29] [Server thread/INFO]: ||    by DaveDuart     ||
[15:22:29] [Server thread/INFO]: ||  Enabled correctly  ||
[15:22:29] [Server thread/INFO]: [VirtualStorages] VirtualStorages folder detected.
[15:22:29] [Server thread/INFO]: [TradeSystem] Enabling TradeSystem v2.6.2
[15:22:29] [Server thread/INFO]:  
[15:22:29] [Server thread/INFO]: __________________________________________________________
[15:22:29] [Server thread/INFO]:  
[15:22:29] [Server thread/INFO]:                        TradeSystem [2.6.2]
[15:22:29] [Server thread/INFO]:  
[15:22:29] [Server thread/INFO]: Status:
[15:22:29] [Server thread/INFO]:  
[15:22:29] [Server thread/INFO]: MC-Version: Paper (git-Paper-497 (MC: 1.20.4))
[15:22:29] [Server thread/INFO]:  
[15:22:29] [Server thread/INFO]: [PlaceholderAPI] Successfully registered internal expansion: tradesystem [1.2]
[15:22:29] [Server thread/INFO]:   > Loading sounds
[15:22:29] [Server thread/INFO]:   > Loading blacklist
[15:22:29] [Server thread/INFO]:     ...got 3 blocked item(s)
[15:22:29] [Server thread/INFO]:   > Loading layouts
[15:22:29] [Server thread/ERROR]: [TradeSystem] A layout could not been loaded due to an error: The icon 'EssentialsIcon' could not be found. Either it is no longer available or a plugin requirement has not been fulfilled.
[15:22:29] [Server thread/INFO]:     ...got 4 layout(s)
[15:22:29] [Server thread/INFO]:   > Queuing database initializing task
[15:22:29] [Server thread/INFO]:  
[15:22:29] [Server thread/INFO]: Finished (491ms)
[15:22:29] [Server thread/INFO]:  
[15:22:29] [Server thread/INFO]: __________________________________________________________
[15:22:29] [Server thread/INFO]:  
[15:22:29] [Server thread/INFO]: [Storage] Enabling Storage v2.2.0
[15:22:29] [Server thread/INFO]: [PlaceholderAPI] Successfully registered internal expansion: storage [2.2.0]
[15:22:29] [Server thread/INFO]: [Storage] Loaded SQLite Data
[15:22:29] [Server thread/INFO]: [SimpleScore] Enabling SimpleScore v3.12.5
[15:22:30] [Server thread/INFO]: [SimpleScore] It looks like your server doesn't have ProtocolLib, install ProtocolLib for even better performance and compatibility with other plugins.
[15:22:30] [Server thread/INFO]: [SimpleScore] https://www.spigotmc.org/resources/protocollib.1997/
[15:22:30] [Server thread/INFO]: [PlaceholderAPI] Successfully registered internal expansion: SimpleScore [3.12.5]
[15:22:30] [Server thread/INFO]: [SimplePortals] Enabling SimplePortals v1.7.6
[15:22:30] [Server thread/INFO]: [SimplePortals] Everything inside the configuration seems to be up to date. (Took 1ms)
[15:22:30] [Server thread/INFO]: [SimplePortals] Packets have been setup for v1_20_R3!
[15:22:30] [Server thread/INFO]: [ServerSync] Enabling ServerSync v1.0-BETA*
[15:22:30] [Server thread/INFO]: [ServerSync] 
 __                          __                  
/ _\ ___ _ ____   _____ _ __/ _\_   _ _ __   ___ 
\ \ / _ \ '__\ \ / / _ \ '__\ \| | | | '_ \ / __|
_\ \  __/ |   \ V /  __/ |  _\ \ |_| | | | | (__ 
\__/\___|_|    \_/ \___|_|  \__/\__, |_| |_|\___|
                                |___/            

[15:22:30] [Server thread/INFO]: [ServerSync] This server is running ServerSync 1.0-BETA by AkramL.
[15:22:30] [Server thread/INFO]: [ServerSync] ServerSync will run under Redis message broker...
[15:22:32] [Server thread/ERROR]: [ServerSync] Failed to connect into redis, please check credentials!
[15:22:32] [Server thread/INFO]: [PoloCloud-Plugin] Enabling PoloCloud-Plugin v1.0.0
[15:22:32] [Server thread/INFO]: [PlugMan] Enabling PlugMan v1.1.0
[15:22:32] [Server thread/INFO]: [PlugMan] No Bot token set! To use Discord Please create the File Server/plugins/PlugMan/token.txt and paste your bot token in it.
[15:22:32] [Server thread/INFO]: [PlayTime] Enabling PlayTime v1.0*
[15:22:32] [Server thread/INFO]: ACTIVATED
[15:22:32] [Server thread/INFO]: [PlayTime] [STDOUT]     0
[15:22:32] [Server thread/WARN]: Nag author(s): '[lustigeeefails]' of 'PlayTime v1.0' about their usage of System.out/err.print. Please use your plugin's logger instead (JavaPlugin#getLogger).
[15:22:32] [Server thread/INFO]: [PlayTime] [STDOUT]   0   0
[15:22:32] [Server thread/INFO]: [PlayTime] [STDOUT] 0       0
[15:22:32] [Server thread/INFO]: [PlayTime] [STDOUT]     0
[15:22:32] [Server thread/INFO]: [PlayTime] [STDOUT]     0
[15:22:32] [Server thread/INFO]: [PlayTime] [STDOUT]     0
[15:22:32] [Server thread/INFO]: [PlayTime] [STDOUT]     0
[15:22:32] [Server thread/INFO]: [PlayTime] [STDOUT]     0
[15:22:32] [Server thread/INFO]: [PlayTime] [STDOUT]     0
[15:22:32] [Server thread/INFO]: [PlayTime] [STDOUT] §2Config loaded
[15:22:32] [Server thread/INFO]: [Maintenance] Enabling Maintenance v4.3.0
[15:22:33] [Server thread/INFO]: [LPC] Enabling LPC v3.6.0
[15:22:33] [Server thread/INFO]: [GSit] Enabling GSit v1.10.0
[15:22:33] [Server thread/INFO]: [GSit] The plugin was successfully enabled.
[15:22:33] [Server thread/INFO]: [GSit] Link with PlaceholderAPI successful!
[15:22:33] [Server thread/INFO]: [PlaceholderAPI] Successfully registered internal expansion: gsit [1.10.0]
[15:22:33] [Server thread/INFO]: [eBackup] Enabling eBackup v1.3.1
[15:22:33] [Server thread/INFO]: [eBackup] Initializing eBackup...
[15:22:33] [Server thread/INFO]: [eBackup] Configured the cron task to be: at 04:00 at 4 day
[15:22:33] [Server thread/INFO]: [eBackup] Plugin initialized!
[15:22:33] [Server thread/INFO]: [CraftingGUI] Enabling CraftingGUI v1.2.7
[15:22:33] [Server thread/INFO]: [CraftingGUI] Loading config.yml.
[15:22:33] [Server thread/INFO]: [CraftingGUI] Loading banned_recipes.yml.
[15:22:33] [Server thread/INFO]: [CraftingGUI] Loading language.yml.
[15:22:33] [Server thread/INFO]: [CraftEnhance] Enabling CraftEnhance v2.5.9
[15:22:33] [Server thread/INFO]: [CraftEnhance] Now starting MenuApi. Any errors will be shown below.
[15:22:33] [Server thread/WARN]: [CraftEnhance] It is not tested on versions beyond 1.19.4
[15:22:33] [Server thread/WARN]: [NBTAPI] [NBTAPI] This Server-Version(v1_20_R3) is not supported by this NBT-API Version(2.11.2) located at craftenhance.libs.menulib.dependencies.nbt.nbtapi.utils.MinecraftVersion. The NBT-API will try to work as good as it can! Some functions may not work!
[15:22:33] [Server thread/INFO]: [NBTAPI] [NBTAPI] Found Gson: class com.google.gson.Gson
[15:22:33] [Server thread/INFO]: [CraftEnhance] [STDOUT] getServerRecipe shapelesstrue
[15:22:33] [Server thread/WARN]: Nag author(s): '[DutchJelly]' of 'CraftEnhance v2.5.9' about their usage of System.out/err.print. Please use your plugin's logger instead (JavaPlugin#getLogger).
[15:22:33] [Thread-14/WARN]: [NBTAPI] [NBTAPI] The NBT-API located at 'package craftenhance.libs.menulib.dependencies.nbt.nbtapi' seems to be outdated!
[15:22:33] [Thread-14/WARN]: [NBTAPI] [NBTAPI] Current Version: '2.11.2' Newest Version: 2.13.2'
[15:22:33] [Thread-14/WARN]: [NBTAPI] [NBTAPI] Please update the NBTAPI or the plugin that contains the api(nag the mod author when the newest release has an old version, not the NBTAPI dev)!
[15:22:33] [Server thread/INFO]: [CraftEnhance] CraftEnhance is managed and developed by DutchJelly.
[15:22:33] [Server thread/INFO]: [CraftEnhance] If you find a bug in the plugin, please report it to https://github.com/DutchJelly/CraftEnhance/issues.
[15:22:33] [Server thread/INFO]: [CraftEnhance] Running a version check to check that the server is compatible with game version 1.9, 1.10, 1.11, 1.12, 1.13, 1.14, 1.15, 1.16, 1.17, 1.18, 1.19, 1.20.
[15:22:33] [Server thread/INFO]: [CraftEnhance] The correct version is installed.
[15:22:33] [Server thread/INFO]: [CoreProtect] Enabling CoreProtect v22.4
[15:22:34] [Server thread/INFO]: [CoreProtect] Invalid WorldEdit version found.
[15:22:34] [Server thread/INFO]: [CoreProtect] CoreProtect has been successfully enabled! 
[15:22:34] [Server thread/INFO]: [CoreProtect] Using SQLite for data storage.
[15:22:34] [Server thread/INFO]: --------------------
[15:22:34] [Server thread/INFO]: [CoreProtect] Enjoy CoreProtect? Join our Discord!
[15:22:34] [Server thread/INFO]: [CoreProtect] Discord: www.coreprotect.net/discord/
[15:22:34] [Server thread/INFO]: --------------------
[15:22:34] [Server thread/INFO]: [CommandPanels] Enabling CommandPanels v3.21.4.2
[15:22:34] [Server thread/INFO]: [CommandPanels] RockyHawk's CommandPanels v3.21.4.2 Plugin Loading...
[15:22:34] [Server thread/INFO]: [PlaceholderAPI] Successfully registered internal expansion: commandpanels [1.0.0]
[15:22:34] [Server thread/INFO]: [CommandPanels] RockyHawk's CommandPanels v3.21.4.2 Plugin Loaded!
[15:22:34] [Server thread/INFO]: [ChatImage] Enabling ChatImage v2.6.0
[15:22:34] [Server thread/INFO]: [PlaceholderAPI] Successfully registered internal expansion: chatimage [1.0.0]
[15:22:34] [Server thread/INFO]: [ChatHead] Enabling ChatHead v1.0.1
[15:22:34] [Server thread/INFO]: [PlaceholderAPI] Placeholder expansion registration initializing...
[15:22:34] [Server thread/INFO]: Running delayed init tasks
[15:22:34] [Craft Scheduler Thread - 1 - ViaVersion/INFO]: [ViaVersion] Finished mapping loading, shutting down loader executor.
[15:22:34] [Craft Scheduler Thread - 15 - Vault/INFO]: [Vault] Checking for Updates ... 
[15:22:34] [Craft Scheduler Thread - 5 - TradeSystem/INFO]: [TradeSystem] Database was started successfully.
[15:22:34] [Server thread/INFO]: [SuperiorSkyblock2] Using LuckPerms as a permissions provider.
[15:22:34] [Server thread/INFO]: [PlaceholderAPI] Successfully registered internal expansion: superior [2024.3]
[15:22:34] [Server thread/INFO]: [SuperiorSkyblock2] Using PlaceholderAPI for placeholders support.
[15:22:34] [Server thread/INFO]: [SuperiorSkyblock2] Detected PaperSpigot - Using async chunk-loading support with PaperMC.
[15:22:34] [Server thread/INFO]: [CraftingGUI] Loading recipes...
[15:22:34] [Craft Scheduler Thread - 10 - CraftEnhance/INFO]: [CraftEnhance] There's a new version (2.4.4) of the plugin available on https://www.spigotmc.org/resources/1-9-1-19-custom-recipes-and-crafting-craftenhance.65058/ or https://dev.bukkit.org/projects/craftenhance/files.
[15:22:34] [Craft Scheduler Thread - 15 - Vault/INFO]: [Vault] No new version available
[15:22:34] [Server thread/INFO]: [CraftingGUI] Recipes have loaded.
[15:22:34] [Server thread/INFO]: [PlaceholderAPI] Successfully registered external expansion: luckperms [5.4-R2]
[15:22:34] [Server thread/INFO]: 1 placeholder hook(s) registered!
[15:22:34] [Server thread/INFO]: [Storage] This is the latest version of Storage Plugin
[15:22:34] [Server thread/INFO]: Done (23.647s)! For help, type "help"
[15:22:34] [Server thread/INFO]: Timings Reset
[15:22:39] [User Authenticator #0/INFO]: UUID of player RAPALLE is d0a66567-dc4d-410a-9f31-1debb1ff51ad
[15:22:40] [Server thread/INFO]: [NBTAPI] [NBTAPI] Found Minecraft: v1_20_R3! Trying to find NMS support
[15:22:40] [Server thread/INFO]: [NBTAPI] [NBTAPI] NMS support 'MC1_20_R3' loaded!
[15:22:40] [Server thread/INFO]: [NBTAPI] [NBTAPI] Using the plugin 'CommandPanels' to create a bStats instance!
[15:22:40] [Server thread/INFO]: RAPALLE joined the game
[15:22:40] [Server thread/INFO]: RAPALLE[/127.0.0.1:54469] logged in with entity id 120 at ([SuperiorWorld]2.416052104471596, 100.0, 600.0352166221344)
[15:26:51] [Server thread/INFO]: RAPALLE lost connection: Disconnected
[15:26:51] [Server thread/INFO]: RAPALLE left the game
[15:27:45] [User Authenticator #1/INFO]: UUID of player RAPALLE is d0a66567-dc4d-410a-9f31-1debb1ff51ad
[15:27:45] [Server thread/INFO]: RAPALLE joined the game
[15:27:45] [Server thread/INFO]: RAPALLE[/127.0.0.1:55650] logged in with entity id 121 at ([SuperiorWorld]3.0178972714654786, 100.0, 599.9132388948602)
[15:28:31] [luckperms-worker-15/INFO]: [LP] LOG > (MINECRAFTER_TOBI) [U] (minecrafter_tobi)
[15:28:31] [luckperms-worker-15/INFO]: [LP] LOG > permission set tab.staff true
[15:30:41] [Server thread/INFO]: RAPALLE lost connection: Disconnected
[15:30:41] [Server thread/INFO]: RAPALLE left the game
[15:31:02] [User Authenticator #2/INFO]: UUID of player RAPALLE is d0a66567-dc4d-410a-9f31-1debb1ff51ad
[15:31:03] [Server thread/INFO]: RAPALLE joined the game
[15:31:03] [Server thread/INFO]: RAPALLE[/127.0.0.1:56299] logged in with entity id 124 at ([SuperiorWorld]3.0178972714654786, 100.0, 599.9132388948602)
[15:43:04] [Server thread/INFO]: Stopping the server
[15:43:04] [Server thread/INFO]: Stopping server
[15:43:04] [Server thread/INFO]: [ChatHead] Disabling ChatHead v1.0.1
[15:43:04] [Server thread/INFO]: [ChatImage] Disabling ChatImage v2.6.0
[15:43:04] [Server thread/INFO]: [CommandPanels] Disabling CommandPanels v3.21.4.2
[15:43:04] [Server thread/INFO]: RockyHawk's CommandPanels Plugin Disabled, aww man.
[15:43:04] [Server thread/INFO]: [CoreProtect] Disabling CoreProtect v22.4
[15:43:04] [Server thread/INFO]: [CoreProtect] Finishing up data logging. Please wait...
[15:43:05] [Server thread/INFO]: [CoreProtect] Success! Disabled CoreProtect v22.4
[15:43:05] [Server thread/INFO]: [CraftEnhance] Disabling CraftEnhance v2.5.9
[15:43:05] [Worker-Main-4/INFO]: Loaded 1174 recipes
[15:43:05] [Worker-Main-4/INFO]: Loaded 1271 advancements
[15:43:05] [Server thread/INFO]: [CraftingGUI] Disabling CraftingGUI v1.2.7
[15:43:05] [Server thread/INFO]: [eBackup] Disabling eBackup v1.3.1
[15:43:05] [Server thread/INFO]: [eBackup] Disabled eBackup!
[15:43:05] [Server thread/INFO]: [GSit] Disabling GSit v1.10.0
[15:43:05] [Server thread/INFO]: [GSit] The plugin was successfully disabled.
[15:43:05] [Server thread/INFO]: [LPC] Disabling LPC v3.6.0
[15:43:05] [Server thread/INFO]: [Maintenance] Disabling Maintenance v4.3.0
[15:43:05] [Server thread/INFO]: [PlayTime] Disabling PlayTime v1.0
[15:43:05] [Server thread/INFO]: DISABLED
[15:43:05] [Server thread/INFO]: [PlayTime] [STDOUT]     0
[15:43:05] [Server thread/WARN]: Nag author(s): '[lustigeeefails]' of 'PlayTime v1.0' about their usage of System.out/err.print. Please use your plugin's logger instead (JavaPlugin#getLogger).
[15:43:05] [Server thread/INFO]: [PlayTime] [STDOUT]   0   0
[15:43:05] [Server thread/INFO]: [PlayTime] [STDOUT] 0       0
[15:43:05] [Server thread/INFO]: [PlayTime] [STDOUT]     0
[15:43:05] [Server thread/INFO]: [PlayTime] [STDOUT]     0
[15:43:05] [Server thread/INFO]: [PlayTime] [STDOUT]     0
[15:43:05] [Server thread/INFO]: [PlayTime] [STDOUT]     0
[15:43:05] [Server thread/INFO]: [PlayTime] [STDOUT]     0
[15:43:05] [Server thread/INFO]: [PlayTime] [STDOUT]     0
[15:43:05] [Server thread/INFO]: [PlugMan] Disabling PlugMan v1.1.0
[15:43:05] [Server thread/INFO]: [PlugMan] CANT STOP BOT! BOT NOT RUNNING!
[15:43:05] [Server thread/INFO]: [PoloCloud-Plugin] Disabling PoloCloud-Plugin v1.0.0
[15:43:05] [Server thread/INFO]: [SimplePortals] Disabling SimplePortals v1.7.6
[15:43:05] [Server thread/INFO]: [SimpleScore] Disabling SimpleScore v3.12.5
[15:43:05] [Server thread/INFO]: [Storage] Disabling Storage v2.2.0
[15:43:05] [Server thread/INFO]: [TradeSystem] Disabling TradeSystem v2.6.2
[15:43:05] [Server thread/INFO]:  
[15:43:05] [Server thread/INFO]: __________________________________________________________
[15:43:05] [Server thread/INFO]:  
[15:43:05] [Server thread/INFO]:                        TradeSystem [2.6.2]
[15:43:05] [Server thread/INFO]:  
[15:43:05] [Server thread/INFO]: Status:
[15:43:05] [Server thread/INFO]:  
[15:43:05] [Server thread/INFO]: MC-Version: Paper (git-Paper-497 (MC: 1.20.4))
[15:43:05] [Server thread/INFO]:  
[15:43:05] [Server thread/INFO]:   > Cancelling all active trades
[15:43:05] [Server thread/INFO]:  
[15:43:05] [Server thread/INFO]: Finished (3ms)
[15:43:05] [Server thread/INFO]:  
[15:43:05] [Server thread/INFO]: __________________________________________________________
[15:43:05] [Server thread/INFO]:  
[15:43:06] [Server thread/INFO]: [VirtualStorages] Disabling VirtualStorages v1.3.0.2
[15:43:06] [Server thread/INFO]: ||   VirtualStorages   ||
[15:43:06] [Server thread/INFO]: ||      Disabled       ||
[15:43:06] [Server thread/INFO]: [FastAsyncWorldEdit] Disabling FastAsyncWorldEdit v2.9.2
[15:43:06] [Server thread/INFO]: Unregistering com.sk89q.worldedit.bukkit.BukkitServerInterface from WorldEdit
[15:43:06] [Server thread/INFO]: [Multiverse-Core] Disabling Multiverse-Core v4.3.1-b861
[15:43:06] [Server thread/INFO]: [PlaceholderAPI] Disabling PlaceholderAPI v2.11.6
[15:43:06] [Server thread/INFO]: [SuperiorSkyblock2] Disabling SuperiorSkyblock2 v2024.3
[15:43:06] [Server thread/INFO]: [SuperiorSkyblock2] Disabling the module bank...
[15:43:06] [Server thread/INFO]: [SuperiorSkyblock2] Disabling the module missions...
[15:43:06] [Server thread/INFO]: [SuperiorSkyblock2] Disabling the module generators...
[15:43:06] [Server thread/INFO]: [SuperiorSkyblock2] Disabling the module upgrades...
[15:43:06] [Server thread/INFO]: [SuperiorSkyblock2] Shutting down calculation task...
[15:43:06] [Server thread/INFO]: [SuperiorSkyblock2] Shutting down executor
[15:43:06] [Server thread/INFO]: [SuperiorSkyblock2] Shutting down database executor
[15:43:07] [Server thread/INFO]: [SuperiorSkyblock2] Closing database. This may hang the server. Do not shut it down, or data may get lost.
[15:43:07] [Server thread/INFO]: [Vault] Disabling Vault v1.7.3-b131
[15:43:07] [Server thread/INFO]: [LuckPerms] Disabling LuckPerms v5.4.141
[15:43:07] [Server thread/INFO]: [LuckPerms] Starting shutdown process...
[15:43:07] [Server thread/INFO]: [LuckPerms] Closing messaging service...
[15:43:07] [Server thread/INFO]: [LuckPerms] Closing storage...
[15:43:07] [Server thread/INFO]: [me.lucko.luckperms.lib.hikari.HikariDataSource] luckperms-hikari - Shutdown initiated...
[15:43:07] [Server thread/INFO]: [me.lucko.luckperms.lib.hikari.HikariDataSource] luckperms-hikari - Shutdown completed.
[15:43:07] [Server thread/INFO]: [LuckPerms] Goodbye!
[15:43:07] [Server thread/INFO]: [ViaVersion] Disabling ViaVersion v5.0.5
[15:43:07] [Server thread/INFO]: [ViaVersion] ViaVersion has been disabled; uninjected the platform and shut down the scheduler.
[15:43:07] [Server thread/INFO]: Saving players
[15:43:07] [Server thread/INFO]: RAPALLE lost connection: Server closed
[15:43:07] [Server thread/INFO]: RAPALLE left the game
[15:43:07] [Server thread/INFO]: Saving worlds
[15:43:07] [Server thread/INFO]: Saving chunks for level 'ServerLevel[world]'/minecraft:overworld
[15:43:07] [Server thread/INFO]: [ChunkHolderManager] Waiting 60s for chunk system to halt for world 'world'
[15:43:07] [Server thread/INFO]: [ChunkHolderManager] Halted chunk system for world 'world'
[15:43:07] [Server thread/INFO]: [ChunkHolderManager] Saving all chunkholders for world 'world'
[15:43:07] [Server thread/INFO]: [ChunkHolderManager] Saved 0 block chunks, 72 entity chunks, 0 poi chunks in world 'world' in 0,01s
[15:43:07] [Server thread/INFO]: ThreadedAnvilChunkStorage (world): All chunks are saved
[15:43:07] [Server thread/INFO]: Saving chunks for level 'ServerLevel[SuperiorWorld]'/minecraft:superiorworld
[15:43:07] [Server thread/INFO]: [ChunkHolderManager] Waiting 60s for chunk system to halt for world 'SuperiorWorld'
[15:43:07] [Server thread/INFO]: [ChunkHolderManager] Halted chunk system for world 'SuperiorWorld'
[15:43:07] [Server thread/INFO]: [ChunkHolderManager] Saving all chunkholders for world 'SuperiorWorld'
[15:43:07] [Server thread/INFO]: [ChunkHolderManager] Saved 0 block chunks, 0 entity chunks, 0 poi chunks in world 'SuperiorWorld' in 0,00s
[15:43:07] [Server thread/INFO]: ThreadedAnvilChunkStorage (SuperiorWorld): All chunks are saved
[15:43:07] [Server thread/INFO]: Saving chunks for level 'ServerLevel[The_Gold_Mine]'/minecraft:the_gold_mine
[15:43:07] [Server thread/INFO]: [ChunkHolderManager] Waiting 60s for chunk system to halt for world 'The_Gold_Mine'
[15:43:07] [Server thread/INFO]: [ChunkHolderManager] Halted chunk system for world 'The_Gold_Mine'
[15:43:07] [Server thread/INFO]: [ChunkHolderManager] Saving all chunkholders for world 'The_Gold_Mine'
[15:43:07] [Server thread/INFO]: [ChunkHolderManager] Saved 0 block chunks, 0 entity chunks, 0 poi chunks in world 'The_Gold_Mine' in 0,00s
[15:43:07] [Server thread/INFO]: ThreadedAnvilChunkStorage (The_Gold_Mine): All chunks are saved
[15:43:07] [Server thread/INFO]: Saving chunks for level 'ServerLevel[The_Dungeon_Hub]'/minecraft:the_dungeon_hub
[15:43:07] [Server thread/INFO]: [ChunkHolderManager] Waiting 60s for chunk system to halt for world 'The_Dungeon_Hub'
[15:43:07] [Server thread/INFO]: [ChunkHolderManager] Halted chunk system for world 'The_Dungeon_Hub'
[15:43:07] [Server thread/INFO]: [ChunkHolderManager] Saving all chunkholders for world 'The_Dungeon_Hub'
[15:43:07] [Server thread/INFO]: [ChunkHolderManager] Saved 0 block chunks, 1 entity chunks, 0 poi chunks in world 'The_Dungeon_Hub' in 0,00s
[15:43:07] [Server thread/INFO]: ThreadedAnvilChunkStorage (The_Dungeon_Hub): All chunks are saved
[15:43:07] [Server thread/INFO]: Saving chunks for level 'ServerLevel[The_Drawen_Mines]'/minecraft:the_drawen_mines
[15:43:07] [Server thread/INFO]: [ChunkHolderManager] Waiting 60s for chunk system to halt for world 'The_Drawen_Mines'
[15:43:07] [Server thread/INFO]: [ChunkHolderManager] Halted chunk system for world 'The_Drawen_Mines'
[15:43:07] [Server thread/INFO]: [ChunkHolderManager] Saving all chunkholders for world 'The_Drawen_Mines'
[15:43:07] [Server thread/INFO]: [ChunkHolderManager] Saved 0 block chunks, 0 entity chunks, 0 poi chunks in world 'The_Drawen_Mines' in 0,00s
[15:43:07] [Server thread/INFO]: ThreadedAnvilChunkStorage (The_Drawen_Mines): All chunks are saved
[15:43:07] [Server thread/INFO]: Saving chunks for level 'ServerLevel[The_SpiderS_Den]'/minecraft:the_spiders_den
[15:43:07] [Server thread/INFO]: [ChunkHolderManager] Waiting 60s for chunk system to halt for world 'The_SpiderS_Den'
[15:43:07] [Server thread/INFO]: [ChunkHolderManager] Halted chunk system for world 'The_SpiderS_Den'
[15:43:07] [Server thread/INFO]: [ChunkHolderManager] Saving all chunkholders for world 'The_SpiderS_Den'
[15:43:07] [Server thread/INFO]: [ChunkHolderManager] Saved 1 block chunks, 0 entity chunks, 0 poi chunks in world 'The_SpiderS_Den' in 0,00s
[15:43:07] [Server thread/INFO]: ThreadedAnvilChunkStorage (The_SpiderS_Den): All chunks are saved
[15:43:07] [Server thread/INFO]: Saving chunks for level 'ServerLevel[The_End]'/minecraft:the_end
[15:43:07] [Server thread/INFO]: [ChunkHolderManager] Waiting 60s for chunk system to halt for world 'The_End'
[15:43:07] [Server thread/INFO]: [ChunkHolderManager] Halted chunk system for world 'The_End'
[15:43:07] [Server thread/INFO]: [ChunkHolderManager] Saving all chunkholders for world 'The_End'
[15:43:07] [Server thread/INFO]: [ChunkHolderManager] Saved 0 block chunks, 0 entity chunks, 0 poi chunks in world 'The_End' in 0,00s
[15:43:07] [Server thread/INFO]: ThreadedAnvilChunkStorage (The_End): All chunks are saved
[15:43:07] [Server thread/INFO]: Saving chunks for level 'ServerLevel[tiktok]'/minecraft:tiktok
[15:43:07] [Server thread/INFO]: [ChunkHolderManager] Waiting 60s for chunk system to halt for world 'tiktok'
[15:43:07] [Server thread/INFO]: [ChunkHolderManager] Halted chunk system for world 'tiktok'
[15:43:07] [Server thread/INFO]: [ChunkHolderManager] Saving all chunkholders for world 'tiktok'
[15:43:07] [Server thread/INFO]: [ChunkHolderManager] Saved 0 block chunks, 6 entity chunks, 0 poi chunks in world 'tiktok' in 0,00s
[15:43:07] [Server thread/INFO]: ThreadedAnvilChunkStorage (tiktok): All chunks are saved
[15:43:07] [Server thread/INFO]: Saving chunks for level 'ServerLevel[The_Crimson_Isle]'/minecraft:the_crimson_isle
[15:43:07] [Server thread/INFO]: [ChunkHolderManager] Waiting 60s for chunk system to halt for world 'The_Crimson_Isle'
[15:43:07] [Server thread/INFO]: [ChunkHolderManager] Halted chunk system for world 'The_Crimson_Isle'
[15:43:07] [Server thread/INFO]: [ChunkHolderManager] Saving all chunkholders for world 'The_Crimson_Isle'
[15:43:07] [Server thread/INFO]: [ChunkHolderManager] Saved 0 block chunks, 0 entity chunks, 0 poi chunks in world 'The_Crimson_Isle' in 0,00s
[15:43:07] [Server thread/INFO]: ThreadedAnvilChunkStorage (The_Crimson_Isle): All chunks are saved
[15:43:07] [Server thread/INFO]: Saving chunks for level 'ServerLevel[The_Hub]'/minecraft:the_hub
[15:43:07] [Server thread/INFO]: [ChunkHolderManager] Waiting 60s for chunk system to halt for world 'The_Hub'
[15:43:07] [Server thread/INFO]: [ChunkHolderManager] Halted chunk system for world 'The_Hub'
[15:43:07] [Server thread/INFO]: [ChunkHolderManager] Saving all chunkholders for world 'The_Hub'
[15:43:07] [Server thread/INFO]: [ChunkHolderManager] Saved 0 block chunks, 1 entity chunks, 0 poi chunks in world 'The_Hub' in 0,00s
[15:43:07] [Server thread/INFO]: ThreadedAnvilChunkStorage (The_Hub): All chunks are saved
[15:43:07] [Server thread/INFO]: Saving chunks for level 'ServerLevel[The_Park]'/minecraft:the_park
[15:43:07] [Server thread/INFO]: [ChunkHolderManager] Waiting 60s for chunk system to halt for world 'The_Park'
[15:43:07] [Server thread/INFO]: [ChunkHolderManager] Halted chunk system for world 'The_Park'
[15:43:07] [Server thread/INFO]: [ChunkHolderManager] Saving all chunkholders for world 'The_Park'
[15:43:07] [Server thread/INFO]: [ChunkHolderManager] Saved 0 block chunks, 1 entity chunks, 0 poi chunks in world 'The_Park' in 0,00s
[15:43:07] [Server thread/INFO]: ThreadedAnvilChunkStorage (The_Park): All chunks are saved
[15:43:07] [Server thread/INFO]: Saving chunks for level 'ServerLevel[The_Crystal_Hollows]'/minecraft:the_crystal_hollows
[15:43:07] [Server thread/INFO]: [ChunkHolderManager] Waiting 60s for chunk system to halt for world 'The_Crystal_Hollows'
[15:43:07] [Server thread/INFO]: [ChunkHolderManager] Halted chunk system for world 'The_Crystal_Hollows'
[15:43:07] [Server thread/INFO]: [ChunkHolderManager] Saving all chunkholders for world 'The_Crystal_Hollows'
[15:43:07] [Server thread/INFO]: [ChunkHolderManager] Saved 0 block chunks, 0 entity chunks, 0 poi chunks in world 'The_Crystal_Hollows' in 0,00s
[15:43:07] [Server thread/INFO]: ThreadedAnvilChunkStorage (The_Crystal_Hollows): All chunks are saved
[15:43:07] [Server thread/INFO]: Saving chunks for level 'ServerLevel[The_Deep_Caverns]'/minecraft:the_deep_caverns
[15:43:07] [Server thread/INFO]: [ChunkHolderManager] Waiting 60s for chunk system to halt for world 'The_Deep_Caverns'
[15:43:07] [Server thread/INFO]: [ChunkHolderManager] Halted chunk system for world 'The_Deep_Caverns'
[15:43:07] [Server thread/INFO]: [ChunkHolderManager] Saving all chunkholders for world 'The_Deep_Caverns'
[15:43:07] [Server thread/INFO]: [ChunkHolderManager] Saved 0 block chunks, 5 entity chunks, 0 poi chunks in world 'The_Deep_Caverns' in 0,00s
[15:43:07] [Server thread/INFO]: ThreadedAnvilChunkStorage (The_Deep_Caverns): All chunks are saved
[15:43:07] [Server thread/INFO]: ThreadedAnvilChunkStorage: All dimensions are saved
[15:43:07] [Server thread/INFO]: Flushing Chunk IO
[15:43:07] [Server thread/INFO]: Closing Thread Pool
[15:43:07] [Server thread/INFO]: Closing Server
