[21:42:01] [Paper Plugin Remapper Thread - 2/INFO]: [PluginRemapper] Remapping plugin 'plugins\SharedBackpacks-1.0.jar'...
[21:42:02] [Paper Plugin Remapper Thread - 2/INFO]: [PluginRemapper] Done remapping plugin 'plugins\SharedBackpacks-1.0.jar' in 954ms.
[21:42:06] [ServerMain/INFO]: Environment: Environment[sessionHost=https://sessionserver.mojang.com, servicesHost=https://api.minecraftservices.com, name=PROD]
[21:42:08] [ServerMain/INFO]: Loaded 1175 recipes
[21:42:08] [ServerMain/INFO]: Loaded 1276 advancements
[21:42:09] [Server thread/INFO]: Starting minecraft server version 1.20.6
[21:42:09] [Server thread/INFO]: Loading properties
[21:42:09] [Server thread/INFO]: This server is running Paper version 1.20.6-148-ver/1.20.6@20f5165 (2024-07-02T15:37:33Z) (Implementing API version 1.20.6-R0.1-SNAPSHOT)
[21:42:09] [Server thread/INFO]: Server Ping Player Sample Count: 12
[21:42:09] [Server thread/INFO]: Using 4 threads for Netty based IO
[21:42:10] [Server thread/WARN]: [!] The timings profiler has been enabled but has been scheduled for removal from Paper in the future.
    We recommend installing the spark profiler as a replacement: https://spark.lucko.me/
    For more information please visit: https://github.com/PaperMC/Paper/issues/8948
[21:42:10] [Server thread/INFO]: [ChunkTaskScheduler] Chunk system is using 1 I/O threads, 3 worker threads, and gen parallelism of 3 threads
[21:42:10] [Server thread/INFO]: Default game type: CREATIVE
[21:42:10] [Server thread/INFO]: Generating keypair
[21:42:10] [Server thread/INFO]: Starting Minecraft server on *:14293
[21:42:10] [Server thread/INFO]: Using default channel type
[21:42:11] [Server thread/INFO]: Paper: Using Java compression from Velocity.
[21:42:11] [Server thread/INFO]: Paper: Using Java cipher from Velocity.
[21:42:11] [Server thread/INFO]: [SharedBackpacks] Loading server plugin SharedBackpacks v1.0
[21:42:11] [Server thread/INFO]: [Chattar] Loading server plugin Chattar v1.1-SNAPSHOT
[21:42:11] [Server thread/INFO]: Server permissions file permissions.yml is empty, ignoring it
[21:42:11] [Server thread/INFO]: [Chattar] Enabling Chattar v1.1-SNAPSHOT
[21:42:11] [Server thread/WARN]: **** SERVER IS RUNNING IN OFFLINE/INSECURE MODE!
[21:42:11] [Server thread/WARN]: The server will make no attempt to authenticate usernames. Beware.
[21:42:11] [Server thread/WARN]: While this makes the game possible to play without internet access, it also opens up the ability for hackers to connect with any username they choose.
[21:42:11] [Server thread/WARN]: To change this, set "online-mode" to "true" in the server.properties file.
[21:42:11] [Server thread/INFO]: Preparing level "world"
[21:42:11] [Server thread/INFO]: Preparing start region for dimension minecraft:overworld
[21:42:12] [Server thread/INFO]: Time elapsed: 1021 ms
[21:42:12] [Server thread/INFO]: [SharedBackpacks] Enabling SharedBackpacks v1.0
[21:42:12] [Server thread/INFO]: Backpacks » Enabled
[21:42:12] [Server thread/INFO]: Running delayed init tasks
[21:42:12] [Server thread/INFO]: Done (3.595s)! For help, type "help"
[21:42:12] [Server thread/INFO]: Timings Reset
[21:42:32] [Server thread/INFO]: Stopping the server
[21:42:32] [Server thread/INFO]: Stopping server
[21:42:32] [Server thread/INFO]: [Chattar] Disabling Chattar v1.1-SNAPSHOT
[21:42:32] [Server thread/INFO]: [SharedBackpacks] Disabling SharedBackpacks v1.0
[21:42:32] [Server thread/INFO]: Backpacks » Disabled
[21:42:32] [Server thread/INFO]: Saving players
[21:42:32] [Server thread/INFO]: Saving worlds
[21:42:32] [Server thread/INFO]: Saving chunks for level 'ServerLevel[world]'/minecraft:overworld
[21:42:32] [Server thread/INFO]: [ChunkHolderManager] Waiting 60s for chunk system to halt for world 'world'
[21:42:32] [Server thread/INFO]: [ChunkHolderManager] Halted chunk system for world 'world'
[21:42:32] [Server thread/INFO]: [ChunkHolderManager] Saving all chunkholders for world 'world'
[21:42:32] [Server thread/INFO]: [ChunkHolderManager] Saved 49 block chunks, 49 entity chunks, 0 poi chunks in world 'world' in 0,15s
[21:42:32] [Server thread/INFO]: ThreadedAnvilChunkStorage (world): All chunks are saved
[21:42:32] [Server thread/INFO]: ThreadedAnvilChunkStorage: All dimensions are saved
[21:42:32] [Server thread/INFO]: Flushing Chunk IO
[21:42:32] [Server thread/INFO]: Closing Thread Pool
[21:42:32] [Server thread/INFO]: Closing Server
