[16:53:10] [ServerMain/INFO]: Environment: Environment[sessionHost=https://sessionserver.mojang.com, servicesHost=https://api.minecraftservices.com, name=PROD]
[16:53:15] [ServerMain/INFO]: Loaded 1174 recipes
[16:53:16] [ServerMain/INFO]: Loaded 1271 advancements
[16:53:16] [Server thread/INFO]: Starting minecraft server version 1.20.4
[16:53:16] [Server thread/INFO]: Loading properties
[16:53:17] [Server thread/INFO]: This server is running Paper version git-Paper-497 (MC: 1.20.4) (Implementing API version 1.20.4-R0.1-SNAPSHOT) (Git: d8d54d9 on ver/1.20.4)
[16:53:18] [Server thread/INFO]: Server Ping Player Sample Count: 12
[16:53:19] [Server thread/INFO]: Using 4 threads for Netty based IO
[16:53:19] [Server thread/WARN]: [Configurations] The global config file didn't have a version set, assuming latest
[16:53:19] [Server thread/INFO]: [ChunkTaskScheduler] Chunk system is using 1 I/O threads, 3 worker threads, and gen parallelism of 3 threads
[16:53:19] [Server thread/WARN]: [!] The timings profiler has been enabled but has been scheduled for removal from Paper in the future.
    We recommend installing the spark profiler as a replacement: https://spark.lucko.me/
    For more information please visit: https://github.com/PaperMC/Paper/issues/8948
[16:53:19] [Server thread/INFO]: Default game type: SURVIVAL
[16:53:19] [Server thread/INFO]: Generating keypair
[16:53:20] [Server thread/INFO]: Starting Minecraft server on *:20002
[16:53:20] [Server thread/INFO]: Using default channel type
[16:53:20] [Server thread/INFO]: Paper: Using Java compression from Velocity.
[16:53:20] [Server thread/INFO]: Paper: Using Java cipher from Velocity.
[16:53:21] [Server thread/WARN]: [org.bukkit.craftbukkit.v1_20_R3.legacy.CraftLegacy] Initializing Legacy Material Support. Unless you have legacy plugins and/or data this is a bug!
[16:53:25] [Server thread/WARN]: Legacy plugin PlayTime v1.0 does not specify an api-version.
[16:53:25] [Server thread/INFO]: [SpigotLibraryLoader] [ChatImage] Loading 2 libraries... please wait
[16:53:25] [Server thread/INFO]: [SpigotLibraryLoader] [ChatImage] Loaded library C:\Users\Tobi\Desktop\RAPALLE.NET\cloud\static\limbo-1\libraries\commons-io\commons-io\2.11.0\commons-io-2.11.0.jar
[16:53:25] [Server thread/INFO]: [SpigotLibraryLoader] [ChatImage] Loaded library C:\Users\Tobi\Desktop\RAPALLE.NET\cloud\static\limbo-1\libraries\com\google\code\gson\gson\2.10.1\gson-2.10.1.jar
[16:53:25] [Server thread/INFO]: [PlaceholderAPI] Loading server plugin PlaceholderAPI v2.11.6
[16:53:25] [Server thread/INFO]: [ViaVersion] Loading server plugin ViaVersion v5.0.3
[16:53:25] [Server thread/INFO]: [ViaVersion] ViaVersion 5.0.3 is now loaded. Registering protocol transformers and injecting...
[16:53:27] [Server thread/INFO]: [PoloCloud-Plugin] Loading server plugin PoloCloud-Plugin v1.0.0
[16:53:27] [Server thread/INFO]: [PlayTime] Loading server plugin PlayTime v1.0
[16:53:27] [Server thread/INFO]: [GSit] Loading server plugin GSit v1.10.0
[16:53:28] [Server thread/INFO]: [eBackup] Loading server plugin eBackup v1.3.1
[16:53:28] [Server thread/INFO]: [CoreProtect] Loading server plugin CoreProtect v22.4
[16:53:28] [Server thread/INFO]: [ChatImage] Loading server plugin ChatImage v2.6.0
[16:53:28] [Server thread/INFO]: [ChatHead] Loading server plugin ChatHead v1.0.1
[16:53:28] [Server thread/INFO]: Server permissions file permissions.yml is empty, ignoring it
[16:53:28] [Server thread/WARN]: **** SERVER IS RUNNING IN OFFLINE/INSECURE MODE!
[16:53:28] [Server thread/WARN]: The server will make no attempt to authenticate usernames. Beware.
[16:53:28] [Server thread/WARN]: Whilst this makes it possible to use Velocity, unless access to your server is properly restricted, it also opens up the ability for hackers to connect with any username they choose.
[16:53:28] [Server thread/WARN]: Please see https://docs.papermc.io/velocity/security for further information.
[16:53:28] [Server thread/WARN]: To change this, set "online-mode" to "true" in the server.properties file.
[16:53:28] [Server thread/INFO]: Preparing level "world"
[16:53:28] [Via-Mappingloader-0/INFO]: [ViaVersion] Loading block connection mappings ...
[16:53:28] [Server thread/INFO]: Preparing start region for dimension minecraft:overworld
[16:53:29] [Via-Mappingloader-0/INFO]: [ViaVersion] Using FastUtil Long2ObjectOpenHashMap for block connections
[16:53:29] [Server thread/INFO]: Time elapsed: 365 ms
[16:53:29] [Server thread/INFO]: Preparing start region for dimension minecraft:the_nether
[16:53:29] [Server thread/INFO]: Time elapsed: 32 ms
[16:53:29] [Server thread/INFO]: Preparing start region for dimension minecraft:the_end
[16:53:29] [Server thread/INFO]: Time elapsed: 38 ms
[16:53:29] [Server thread/INFO]: [PlaceholderAPI] Enabling PlaceholderAPI v2.11.6
[16:53:30] [Server thread/INFO]: [PlaceholderAPI] Fetching available expansion information...
[16:53:30] [Server thread/INFO]: [ViaVersion] Enabling ViaVersion v5.0.3
[16:53:30] [Server thread/INFO]: [ViaVersion] ViaVersion detected server version: 1.20.3-1.20.4 (765)
[16:53:30] [Server thread/INFO]: [PoloCloud-Plugin] Enabling PoloCloud-Plugin v1.0.0
[16:53:30] [Server thread/INFO]: [PlayTime] Enabling PlayTime v1.0*
[16:53:30] [Server thread/INFO]: ACTIVATED
[16:53:30] [Server thread/INFO]: [PlayTime] [STDOUT]     0
[16:53:30] [Server thread/WARN]: Nag author(s): '[lustigeeefails]' of 'PlayTime v1.0' about their usage of System.out/err.print. Please use your plugin's logger instead (JavaPlugin#getLogger).
[16:53:30] [Server thread/INFO]: [PlayTime] [STDOUT]   0   0
[16:53:30] [Server thread/INFO]: [PlayTime] [STDOUT] 0       0
[16:53:30] [Server thread/INFO]: [PlayTime] [STDOUT]     0
[16:53:30] [Server thread/INFO]: [PlayTime] [STDOUT]     0
[16:53:30] [Server thread/INFO]: [PlayTime] [STDOUT]     0
[16:53:30] [Server thread/INFO]: [PlayTime] [STDOUT]     0
[16:53:30] [Server thread/INFO]: [PlayTime] [STDOUT]     0
[16:53:30] [Server thread/INFO]: [PlayTime] [STDOUT]     0
[16:53:30] [Server thread/INFO]: [PlayTime] [STDOUT] §2Config loaded
[16:53:30] [Server thread/INFO]: [GSit] Enabling GSit v1.10.0
[16:53:30] [Server thread/INFO]: [GSit] The plugin was successfully enabled.
[16:53:30] [Server thread/INFO]: [GSit] Link with PlaceholderAPI successful!
[16:53:30] [Server thread/INFO]: [PlaceholderAPI] Successfully registered internal expansion: gsit [1.10.0]
[16:53:31] [Server thread/INFO]: [eBackup] Enabling eBackup v1.3.1
[16:53:31] [Server thread/INFO]: [eBackup] Initializing eBackup...
[16:53:31] [Server thread/INFO]: [eBackup] Configured the cron task to be: at 04:00 at 4 day
[16:53:31] [Server thread/INFO]: [eBackup] Plugin initialized!
[16:53:31] [Server thread/INFO]: [CoreProtect] Enabling CoreProtect v22.4
[16:53:31] [Server thread/INFO]: [CoreProtect] CoreProtect has been successfully enabled! 
[16:53:31] [Server thread/INFO]: [CoreProtect] Using SQLite for data storage.
[16:53:31] [Server thread/INFO]: --------------------
[16:53:31] [Server thread/INFO]: [CoreProtect] Enjoy CoreProtect? Join our Discord!
[16:53:31] [Server thread/INFO]: [CoreProtect] Discord: www.coreprotect.net/discord/
[16:53:31] [Server thread/INFO]: --------------------
[16:53:31] [Server thread/INFO]: [ChatImage] Enabling ChatImage v2.6.0
[16:53:31] [Server thread/INFO]: [PlaceholderAPI] Successfully registered internal expansion: chatimage [1.0.0]
[16:53:31] [Server thread/INFO]: [ChatHead] Enabling ChatHead v1.0.1
[16:53:31] [Server thread/INFO]: [PlaceholderAPI] Placeholder expansion registration initializing...
[16:53:31] [Server thread/INFO]: Running delayed init tasks
[16:53:31] [Server thread/INFO]: Done (15.021s)! For help, type "help"
[16:53:31] [Server thread/INFO]: Timings Reset
[16:53:32] [Craft Scheduler Thread - 3 - ViaVersion/INFO]: [ViaVersion] Finished mapping loading, shutting down loader executor!
[16:53:32] [Server thread/WARN]: [PlaceholderAPI] Cannot load expansion luckperms due to a missing plugin: LuckPerms
[16:53:32] [Server thread/INFO]: 0 placeholder hook(s) registered!
[17:33:13] [Server thread/INFO]: Stopping the server
[17:33:13] [Server thread/INFO]: Stopping server
[17:33:13] [Server thread/INFO]: [ChatHead] Disabling ChatHead v1.0.1
[17:33:13] [Server thread/INFO]: [ChatImage] Disabling ChatImage v2.6.0
[17:33:13] [Server thread/INFO]: [CoreProtect] Disabling CoreProtect v22.4
[17:33:13] [Server thread/INFO]: [CoreProtect] Finishing up data logging. Please wait...
[17:33:14] [Server thread/INFO]: [CoreProtect] Success! Disabled CoreProtect v22.4
[17:33:14] [Server thread/INFO]: [eBackup] Disabling eBackup v1.3.1
[17:33:14] [Server thread/INFO]: [eBackup] Disabled eBackup!
[17:33:14] [Server thread/INFO]: [GSit] Disabling GSit v1.10.0
[17:33:14] [Server thread/INFO]: [GSit] The plugin was successfully disabled.
[17:33:14] [Server thread/INFO]: [PlayTime] Disabling PlayTime v1.0
[17:33:14] [Server thread/INFO]: DISABLED
[17:33:14] [Server thread/INFO]: [PlayTime] [STDOUT]     0
[17:33:14] [Server thread/WARN]: Nag author(s): '[lustigeeefails]' of 'PlayTime v1.0' about their usage of System.out/err.print. Please use your plugin's logger instead (JavaPlugin#getLogger).
[17:33:14] [Server thread/INFO]: [PlayTime] [STDOUT]   0   0
[17:33:14] [Server thread/INFO]: [PlayTime] [STDOUT] 0       0
[17:33:14] [Server thread/INFO]: [PlayTime] [STDOUT]     0
[17:33:14] [Server thread/INFO]: [PlayTime] [STDOUT]     0
[17:33:14] [Server thread/INFO]: [PlayTime] [STDOUT]     0
[17:33:14] [Server thread/INFO]: [PlayTime] [STDOUT]     0
[17:33:14] [Server thread/INFO]: [PlayTime] [STDOUT]     0
[17:33:14] [Server thread/INFO]: [PlayTime] [STDOUT]     0
[17:33:14] [Server thread/INFO]: [PoloCloud-Plugin] Disabling PoloCloud-Plugin v1.0.0
[17:33:14] [Server thread/INFO]: [ViaVersion] Disabling ViaVersion v5.0.3
[17:33:14] [Server thread/INFO]: [ViaVersion] ViaVersion has been disabled; uninjected the platform and shut down the scheduler.
[17:33:14] [Server thread/INFO]: [PlaceholderAPI] Disabling PlaceholderAPI v2.11.6
[17:33:14] [Server thread/INFO]: Saving players
[17:33:14] [Server thread/INFO]: Saving worlds
[17:33:14] [Server thread/INFO]: Saving chunks for level 'ServerLevel[world]'/minecraft:overworld
[17:33:14] [Server thread/INFO]: [ChunkHolderManager] Waiting 60s for chunk system to halt for world 'world'
[17:33:14] [Server thread/INFO]: [ChunkHolderManager] Halted chunk system for world 'world'
[17:33:14] [Server thread/INFO]: [ChunkHolderManager] Saving all chunkholders for world 'world'
[17:33:14] [Server thread/INFO]: [ChunkHolderManager] Saved 0 block chunks, 1 entity chunks, 0 poi chunks in world 'world' in 0,01s
[17:33:14] [Server thread/INFO]: ThreadedAnvilChunkStorage (world): All chunks are saved
[17:33:14] [Server thread/INFO]: Saving chunks for level 'ServerLevel[world_nether]'/minecraft:the_nether
[17:33:14] [Server thread/INFO]: [ChunkHolderManager] Waiting 60s for chunk system to halt for world 'world_nether'
[17:33:14] [Server thread/INFO]: [ChunkHolderManager] Halted chunk system for world 'world_nether'
[17:33:14] [Server thread/INFO]: [ChunkHolderManager] Saving all chunkholders for world 'world_nether'
[17:33:14] [Server thread/INFO]: [ChunkHolderManager] Saved 0 block chunks, 9 entity chunks, 0 poi chunks in world 'world_nether' in 0,02s
[17:33:14] [Server thread/INFO]: ThreadedAnvilChunkStorage (DIM-1): All chunks are saved
[17:33:14] [Server thread/INFO]: Saving chunks for level 'ServerLevel[world_the_end]'/minecraft:the_end
[17:33:14] [Server thread/INFO]: [ChunkHolderManager] Waiting 60s for chunk system to halt for world 'world_the_end'
[17:33:14] [Server thread/INFO]: [ChunkHolderManager] Halted chunk system for world 'world_the_end'
[17:33:14] [Server thread/INFO]: [ChunkHolderManager] Saving all chunkholders for world 'world_the_end'
[17:33:14] [Server thread/INFO]: [ChunkHolderManager] Saved 0 block chunks, 10 entity chunks, 0 poi chunks in world 'world_the_end' in 0,00s
[17:33:14] [Server thread/INFO]: ThreadedAnvilChunkStorage (DIM1): All chunks are saved
[17:33:14] [Server thread/INFO]: ThreadedAnvilChunkStorage: All dimensions are saved
[17:33:14] [Server thread/INFO]: Flushing Chunk IO
[17:33:14] [Server thread/INFO]: Closing Thread Pool
[17:33:14] [Server thread/INFO]: Closing Server
