[21:10:00] [ServerMain/INFO]: Environment: Environment[sessionHost=https://sessionserver.mojang.com, servicesHost=https://api.minecraftservices.com, name=PROD]
[21:10:02] [ServerMain/INFO]: Loaded 1175 recipes
[21:10:03] [ServerMain/INFO]: Loaded 1276 advancements
[21:10:03] [Server thread/INFO]: Starting minecraft server version 1.20.6
[21:10:03] [Server thread/INFO]: Loading properties
[21:10:03] [Server thread/INFO]: This server is running Paper version 1.20.6-148-ver/1.20.6@20f5165 (2024-07-02T15:37:33Z) (Implementing API version 1.20.6-R0.1-SNAPSHOT)
[21:10:04] [Server thread/INFO]: Server Ping Player Sample Count: 12
[21:10:04] [Server thread/INFO]: Using 4 threads for Netty based IO
[21:10:04] [Server thread/WARN]: [Configurations] The global config file didn't have a version set, assuming latest
[21:10:04] [Server thread/INFO]: [ChunkTaskScheduler] Chunk system is using 1 I/O threads, 3 worker threads, and gen parallelism of 3 threads
[21:10:04] [Server thread/WARN]: [!] The timings profiler has been enabled but has been scheduled for removal from Paper in the future.
    We recommend installing the spark profiler as a replacement: https://spark.lucko.me/
    For more information please visit: https://github.com/PaperMC/Paper/issues/8948
[21:10:05] [Server thread/INFO]: Default game type: SURVIVAL
[21:10:05] [Server thread/INFO]: Generating keypair
[21:10:05] [Server thread/INFO]: Starting Minecraft server on *:20001
[21:10:05] [Server thread/INFO]: Using default channel type
[21:10:05] [Server thread/INFO]: Paper: Using Java compression from Velocity.
[21:10:05] [Server thread/INFO]: Paper: Using Java cipher from Velocity.
[21:10:05] [Server thread/INFO]: [PoloCloud-Plugin] Loading server plugin PoloCloud-Plugin v1.0.0
[21:10:05] [Server thread/INFO]: Server permissions file permissions.yml is empty, ignoring it
[21:10:05] [Server thread/WARN]: **** SERVER IS RUNNING IN OFFLINE/INSECURE MODE!
[21:10:05] [Server thread/WARN]: The server will make no attempt to authenticate usernames. Beware.
[21:10:05] [Server thread/WARN]: Whilst this makes it possible to use Velocity, unless access to your server is properly restricted, it also opens up the ability for hackers to connect with any username they choose.
[21:10:05] [Server thread/WARN]: Please see https://docs.papermc.io/velocity/security for further information.
[21:10:05] [Server thread/WARN]: To change this, set "online-mode" to "true" in the server.properties file.
[21:10:05] [Server thread/INFO]: Preparing level "world"
[21:10:05] [Server thread/INFO]: Preparing start region for dimension minecraft:overworld
[21:10:07] [Server thread/INFO]: Time elapsed: 1249 ms
[21:10:07] [Server thread/INFO]: Preparing start region for dimension minecraft:the_nether
[21:10:07] [Server thread/INFO]: Time elapsed: 120 ms
[21:10:07] [Server thread/INFO]: [PoloCloud-Plugin] Enabling PoloCloud-Plugin v1.0.0
[21:10:07] [Server thread/INFO]: Running delayed init tasks
[21:10:07] [Server thread/INFO]: Done (4.092s)! For help, type "help"
[21:10:07] [Server thread/INFO]: Timings Reset
[21:12:33] [User Authenticator #0/INFO]: UUID of player RAPALLE is d0a66567-dc4d-410a-9f31-1debb1ff51ad
[21:12:34] [Server thread/INFO]: RAPALLE joined the game
[21:12:34] [Server thread/INFO]: RAPALLE[/127.0.0.1:58522] logged in with entity id 23 at ([world]2.5, 102.0, -3.5)
[21:13:00] [Server thread/INFO]: RAPALLE lost connection: Disconnected
[21:13:00] [Server thread/INFO]: RAPALLE left the game
[21:13:01] [User Authenticator #0/INFO]: UUID of player RAPALLE is d0a66567-dc4d-410a-9f31-1debb1ff51ad
[21:13:01] [Server thread/INFO]: RAPALLE joined the game
[21:13:01] [Server thread/INFO]: RAPALLE[/127.0.0.1:58575] logged in with entity id 330 at ([world]6.699999988079071, 106.0, 2.1406668137041835)
[21:13:06] [Server thread/INFO]: RAPALLE lost connection: Disconnected
[21:13:06] [Server thread/INFO]: RAPALLE left the game
[21:14:15] [User Authenticator #1/INFO]: UUID of player RAPALLE is d0a66567-dc4d-410a-9f31-1debb1ff51ad
[21:14:15] [Server thread/INFO]: RAPALLE joined the game
[21:14:15] [Server thread/INFO]: RAPALLE[/127.0.0.1:58659] logged in with entity id 331 at ([world]6.699999988079071, 106.0, 2.1406668137041835)
[21:14:35] [Server thread/INFO]: RAPALLE lost connection: Disconnected
[21:14:35] [Server thread/INFO]: RAPALLE left the game
[21:15:15] [User Authenticator #2/INFO]: UUID of player RAPALLE is d0a66567-dc4d-410a-9f31-1debb1ff51ad
[21:15:16] [Server thread/INFO]: RAPALLE joined the game
[21:15:16] [Server thread/INFO]: RAPALLE[/127.0.0.1:58744] logged in with entity id 373 at ([world]6.699999988079071, 106.0, 2.1406668137041835)
[21:15:22] [Server thread/INFO]: RAPALLE lost connection: Disconnected
[21:15:22] [Server thread/INFO]: RAPALLE left the game
[21:17:16] [User Authenticator #3/INFO]: UUID of player RAPALLE is d0a66567-dc4d-410a-9f31-1debb1ff51ad
[21:17:17] [Server thread/INFO]: RAPALLE joined the game
[21:17:17] [Server thread/INFO]: RAPALLE[/127.0.0.1:58870] logged in with entity id 381 at ([world]6.699999988079071, 106.0, 2.1406668137041835)
[21:17:52] [Server thread/INFO]: RAPALLE lost connection: Disconnected
[21:17:52] [Server thread/INFO]: RAPALLE left the game
[21:36:01] [User Authenticator #4/INFO]: UUID of player RAPALLE is d0a66567-dc4d-410a-9f31-1debb1ff51ad
[21:36:01] [Server thread/INFO]: RAPALLE joined the game
[21:36:01] [Server thread/INFO]: RAPALLE[/127.0.0.1:60532] logged in with entity id 437 at ([world]6.699999988079071, 106.0, 2.1406668137041835)
[21:36:06] [Server thread/INFO]: RAPALLE lost connection: Disconnected
[21:36:06] [Server thread/INFO]: RAPALLE left the game
[21:36:06] [User Authenticator #4/INFO]: UUID of player RAPALLE is d0a66567-dc4d-410a-9f31-1debb1ff51ad
[21:36:06] [Server thread/INFO]: RAPALLE joined the game
[21:36:06] [Server thread/INFO]: RAPALLE[/127.0.0.1:60539] logged in with entity id 458 at ([world]8.494625202472655, 111.0, 6.736683328126885)
