[12:47:14] [ServerMain/INFO]: [bootstrap] Running Java 21 (Java HotSpot(TM) 64-Bit Server VM 21.0.5+9-LTS-239; Oracle Corporation null) on Windows 11 10.0 (amd64)
[12:47:14] [ServerMain/INFO]: [bootstrap] Loading Paper 1.21-130-master@b1b5d4c (2024-08-10T10:02:42Z) for Minecraft 1.21
[12:47:15] [ServerMain/INFO]: [PluginInitializerManager] Initializing plugins...
[12:47:17] [Paper Plugin Remapper Thread - 0/INFO]: [ReobfServer] Remapping server...
[12:47:25] [Paper Plugin Remapper Thread - 0/INFO]: [ReobfServer] Done remapping server in 8110ms.
[12:47:25] [Paper Plugin Remapper Thread - 2/INFO]: [PluginRemapper] Remapping plugin 'plugins\WorldEdit.jar'...
[12:47:25] [Paper Plugin Remapper Thread - 0/INFO]: [PluginRemapper] Remapping plugin 'plugins\RHLeafDecay-1.21_R1.jar'...
[12:47:25] [Paper Plugin Remapper Thread - 3/INFO]: [PluginRemapper] Remapping plugin 'plugins\voicechat-bukkit-2.5.25.jar'...
[12:47:25] [Paper Plugin Remapper Thread - 4/INFO]: [PluginRemapper] Remapping plugin 'plugins\SinglePlayerSleep-1.16_2.13.53.jar'...
[12:47:25] [Paper Plugin Remapper Thread - 0/INFO]: [PluginRemapper] Done remapping plugin 'plugins\RHLeafDecay-1.21_R1.jar' in 377ms.
[12:47:25] [Paper Plugin Remapper Thread - 0/INFO]: [PluginRemapper] Remapping plugin 'plugins\playit-minecraft-plugin.jar'...
[12:47:26] [Paper Plugin Remapper Thread - 4/INFO]: [PluginRemapper] Done remapping plugin 'plugins\SinglePlayerSleep-1.16_2.13.53.jar' in 1389ms.
[12:47:26] [Paper Plugin Remapper Thread - 4/INFO]: [PluginRemapper] Remapping plugin 'plugins\LTItemMail-0.3.4.jar'...
[12:47:27] [Paper Plugin Remapper Thread - 3/INFO]: [PluginRemapper] Done remapping plugin 'plugins\voicechat-bukkit-2.5.25.jar' in 1753ms.
[12:47:27] [Paper Plugin Remapper Thread - 3/INFO]: [PluginRemapper] Remapping plugin 'plugins\KeepChunks-1.7.3.jar'...
[12:47:27] [Paper Plugin Remapper Thread - 4/INFO]: [PluginRemapper] Done remapping plugin 'plugins\LTItemMail-0.3.4.jar' in 407ms.
[12:47:27] [Paper Plugin Remapper Thread - 4/INFO]: [PluginRemapper] Remapping plugin 'plugins\InvSee++.jar'...
[12:47:27] [Paper Plugin Remapper Thread - 3/INFO]: [PluginRemapper] Done remapping plugin 'plugins\KeepChunks-1.7.3.jar' in 268ms.
[12:47:28] [Paper Plugin Remapper Thread - 0/INFO]: [PluginRemapper] Done remapping plugin 'plugins\playit-minecraft-plugin.jar' in 2146ms.
[12:47:28] [Paper Plugin Remapper Thread - 4/INFO]: [PluginRemapper] Done remapping plugin 'plugins\InvSee++.jar' in 1120ms.
[12:47:29] [Paper Plugin Remapper Thread - 2/INFO]: [PluginRemapper] Done remapping plugin 'plugins\WorldEdit.jar' in 3707ms.
[12:47:29] [ServerMain/INFO]: [PluginInitializerManager] Initialized 8 plugins
[12:47:29] [ServerMain/INFO]: [PluginInitializerManager] Bukkit plugins (8):
 - InvSeePlusPlus (0.29.6), KeepChunks (1.7.3), LTItemMail (0.3.4), RHLeafDecay (1.21_R1), SinglePlayerSleep (1.16_2.13.53), WorldEdit (7.3.6+6892-3d660b8), playit-gg (0.1.4), voicechat (2.5.25)
[12:47:35] [ServerMain/INFO]: Environment: Environment[sessionHost=https://sessionserver.mojang.com, servicesHost=https://api.minecraftservices.com, name=PROD]
[12:47:39] [ServerMain/INFO]: Loaded 1290 recipes
[12:47:39] [ServerMain/INFO]: Loaded 1399 advancements
[12:47:40] [Server thread/INFO]: Starting minecraft server version 1.21
[12:47:40] [Server thread/INFO]: Loading properties
[12:47:40] [Server thread/INFO]: This server is running Paper version 1.21-130-master@b1b5d4c (2024-08-10T10:02:42Z) (Implementing API version 1.21-R0.1-SNAPSHOT)
[12:47:41] [Server thread/INFO]: [spark] This server bundles the spark profiler. For more information please visit https://docs.papermc.io/paper/profiling
[12:47:41] [Server thread/INFO]: Server Ping Player Sample Count: 12
[12:47:41] [Server thread/INFO]: Using 4 threads for Netty based IO
[12:47:42] [Server thread/WARN]: [!] The timings profiler has been enabled but has been scheduled for removal from Paper in the future.
    We recommend migrating to the spark profiler.
    For more information please visit: https://github.com/PaperMC/Paper/discussions/10565
[12:47:42] [Server thread/INFO]: [ChunkTaskScheduler] Chunk system is using 1 I/O threads, 1 worker threads, and population gen parallelism of 1 threads
[12:47:43] [Server console handler/ERROR]: [TerminalConsole] Failed to read console input
java.io.IOException: Das Handle ist ungültig
	at java.base/java.io.FileInputStream.readBytes(Native Method) ~[?:?]
	at java.base/java.io.FileInputStream.read(FileInputStream.java:287) ~[?:?]
	at java.base/java.io.BufferedInputStream.read1(BufferedInputStream.java:345) ~[?:?]
	at java.base/java.io.BufferedInputStream.implRead(BufferedInputStream.java:420) ~[?:?]
	at java.base/java.io.BufferedInputStream.read(BufferedInputStream.java:399) ~[?:?]
	at java.base/sun.nio.cs.StreamDecoder.readBytes(StreamDecoder.java:350) ~[?:?]
	at java.base/sun.nio.cs.StreamDecoder.implRead(StreamDecoder.java:393) ~[?:?]
	at java.base/sun.nio.cs.StreamDecoder.lockedRead(StreamDecoder.java:217) ~[?:?]
	at java.base/sun.nio.cs.StreamDecoder.read(StreamDecoder.java:171) ~[?:?]
	at java.base/java.io.InputStreamReader.read(InputStreamReader.java:188) ~[?:?]
	at java.base/java.io.BufferedReader.fill(BufferedReader.java:160) ~[?:?]
	at java.base/java.io.BufferedReader.implReadLine(BufferedReader.java:370) ~[?:?]
	at java.base/java.io.BufferedReader.readLine(BufferedReader.java:347) ~[?:?]
	at java.base/java.io.BufferedReader.readLine(BufferedReader.java:436) ~[?:?]
	at net.minecrell.terminalconsole.SimpleTerminalConsole.readCommands(SimpleTerminalConsole.java:180) ~[terminalconsoleappender-1.3.0.jar:?]
	at net.minecrell.terminalconsole.SimpleTerminalConsole.start(SimpleTerminalConsole.java:143) ~[terminalconsoleappender-1.3.0.jar:?]
	at net.minecraft.server.dedicated.DedicatedServer$1.run(DedicatedServer.java:117) ~[paper-1.21.jar:1.21-130-b1b5d4c]
	Suppressed: java.io.IOException: Das Handle ist ungültig
		at java.base/java.io.FileDescriptor.close0(Native Method) ~[?:?]
		at java.base/java.io.FileDescriptor.close(FileDescriptor.java:304) ~[?:?]
		at java.base/java.io.FileInputStream$1.close(FileInputStream.java:526) ~[?:?]
		at java.base/java.io.FileDescriptor.closeAll(FileDescriptor.java:362) ~[?:?]
		at java.base/java.io.FileInputStream.close(FileInputStream.java:524) ~[?:?]
		at java.base/java.io.BufferedInputStream.close(BufferedInputStream.java:618) ~[?:?]
		at java.base/sun.nio.cs.StreamDecoder.implClose(StreamDecoder.java:445) ~[?:?]
		at java.base/sun.nio.cs.StreamDecoder.lockedClose(StreamDecoder.java:266) ~[?:?]
		at java.base/sun.nio.cs.StreamDecoder.close(StreamDecoder.java:251) ~[?:?]
		at java.base/java.io.InputStreamReader.close(InputStreamReader.java:203) ~[?:?]
		at java.base/java.io.BufferedReader.implClose(BufferedReader.java:636) ~[?:?]
		at java.base/java.io.BufferedReader.close(BufferedReader.java:621) ~[?:?]
		at net.minecrell.terminalconsole.SimpleTerminalConsole.readCommands(SimpleTerminalConsole.java:183) ~[terminalconsoleappender-1.3.0.jar:?]
		at net.minecrell.terminalconsole.SimpleTerminalConsole.start(SimpleTerminalConsole.java:143) ~[terminalconsoleappender-1.3.0.jar:?]
		at net.minecraft.server.dedicated.DedicatedServer$1.run(DedicatedServer.java:117) ~[paper-1.21.jar:1.21-130-b1b5d4c]
[12:47:43] [Server thread/INFO]: Default game type: SURVIVAL
[12:47:43] [Server thread/INFO]: Generating keypair
[12:47:43] [Server thread/INFO]: Starting Minecraft server on *:25565
[12:47:43] [Server thread/INFO]: Using default channel type
[12:47:43] [Server thread/INFO]: Paper: Using Java compression from Velocity.
[12:47:43] [Server thread/INFO]: Paper: Using Java cipher from Velocity.
[12:47:44] [Server thread/INFO]: [WorldEdit] Loading server plugin WorldEdit v7.3.6+6892-3d660b8
[12:47:47] [Server thread/INFO]: Got request to register class com.sk89q.worldedit.bukkit.BukkitServerInterface with WorldEdit [com.sk89q.worldedit.extension.platform.PlatformManager@6b586fce]
[12:47:47] [Server thread/INFO]: [voicechat] Loading server plugin voicechat v2.5.25
[12:47:47] [Server thread/INFO]: [SinglePlayerSleep] Loading server plugin SinglePlayerSleep v1.16_2.13.53
[12:47:47] [Server thread/INFO]: [RHLeafDecay] Loading server plugin RHLeafDecay v1.21_R1
[12:47:47] [Server thread/INFO]: [playit-gg] Loading server plugin playit-gg v0.1.4
[12:47:47] [Server thread/INFO]: [LTItemMail] Loading server plugin LTItemMail v0.3.4
[12:47:47] [Server thread/INFO]: [KeepChunks] Loading server plugin KeepChunks v1.7.3
[12:47:47] [Server thread/INFO]: [InvSee++] Loading server plugin InvSeePlusPlus v0.29.6
[12:47:47] [Server thread/INFO]: Server permissions file permissions.yml is empty, ignoring it
[12:47:47] [Server thread/INFO]: [WorldEdit] Enabling WorldEdit v7.3.6+6892-3d660b8
[12:47:47] [Server thread/INFO]: Registering commands with com.sk89q.worldedit.bukkit.BukkitServerInterface
[12:47:47] [Server thread/INFO]: WEPIF: Using the Bukkit Permissions API.
[12:47:49] [Server thread/INFO]: Using com.sk89q.worldedit.bukkit.adapter.impl.v1_21.PaperweightAdapter as the Bukkit adapter
[12:47:51] [Server thread/INFO]: Preparing level "world"
[12:47:52] [Server thread/INFO]: Preparing start region for dimension minecraft:overworld
[12:47:53] [Server thread/INFO]: Time elapsed: 923 ms
[12:47:53] [Server thread/INFO]: Preparing start region for dimension minecraft:the_nether
[12:47:54] [Server thread/INFO]: Time elapsed: 1411 ms
[12:47:54] [Server thread/INFO]: Preparing start region for dimension minecraft:the_end
[12:47:54] [Server thread/INFO]: Time elapsed: 146 ms
[12:47:54] [Server thread/INFO]: [voicechat] Enabling voicechat v2.5.25
[12:47:54] [Server thread/INFO]: [voicechat] Initializing compatibility for Bukkit version 1.21-R0.1
[12:47:54] [Server thread/INFO]: [voicechat] Compatibility version 18
[12:47:55] [Server thread/INFO]: [voicechat] Successfully initialized commodore command completion
[12:47:55] [Server thread/INFO]: [SinglePlayerSleep] Enabling SinglePlayerSleep v1.16_2.13.53
[12:47:55] [Server thread/INFO]: [SinglePlayerSleep] **************************************
[12:47:55] [Server thread/INFO]: [SinglePlayerSleep] v1.16_2.13.53 Loading...
[12:47:55] [Server thread/INFO]: [SinglePlayerSleep] Jar Filename: SinglePlayerSleep-1.16_2.13.53.jar
[12:47:55] [Server thread/INFO]: [SinglePlayerSleep] Server Version: 1.21-130-b1b5d4c (MC: 1.21)
[12:47:55] [Server thread/INFO]: [SinglePlayerSleep] Loading file version checker...
[12:47:55] [Server thread/INFO]: [SinglePlayerSleep] Loading config file...
[12:47:55] [Server thread/INFO]: [SinglePlayerSleep] Loading messages file...
[12:47:55] [Server thread/INFO]: [SinglePlayerSleep] Loading config.yml...
[12:47:55] [Server thread/INFO]: [SinglePlayerSleep] Loading messages.yml...
[12:47:55] [Server thread/INFO]: [SinglePlayerSleep] Checking for updates...
[12:47:55] [Server thread/INFO]: [SinglePlayerSleep] *!*!*!*!*!*!*!*!*!*!*!*!*!*!*!*!*!*!*!*!*!*!*!*!*!*!*!*
[12:47:55] [Server thread/INFO]: [SinglePlayerSleep] * Version ist auf dem neuesten Stand!
[12:47:55] [Server thread/INFO]: [SinglePlayerSleep] * Spenden: https://ko-fi.com/joelgodofwar
[12:47:55] [Server thread/INFO]: [SinglePlayerSleep] *!*!*!*!*!*!*!*!*!*!*!*!*!*!*!*!*!*!*!*!*!*!*!*!*!*!*!*
[12:47:55] [Server thread/INFO]: [SinglePlayerSleep] plugins\SinglePlayerSleep\permissions.yml
[12:47:56] [Server thread/INFO]: [SinglePlayerSleep]  v1.16_2.13.53 is ENABLED - Loading took 1 s 103 ms.
[12:47:56] [Server thread/INFO]: [RHLeafDecay] Enabling RHLeafDecay v1.21_R1
[12:47:56] [Server thread/INFO]: [RHLeafDecay] The plugin has been loaded!
[12:47:56] [Server thread/INFO]: [RHLeafDecay] You are using version 1.21_R1 /w 💕 by X0R3
[12:47:56] [Server thread/INFO]: [RHLeafDecay] Info:
[12:47:56] [Server thread/INFO]: [RHLeafDecay] If you want your server be presented on the plugin page, then please contact me! :)
[12:47:56] [Server thread/INFO]: [playit-gg] Enabling playit-gg v0.1.4
[12:47:58] [Thread-6/INFO]: [gg.playit.minecraft.PlayitKeysSetup] secret key found, checking
[12:47:58] [Thread-6/INFO]: [gg.playit.minecraft.PlayitKeysSetup] check secret
[12:47:58] [Server thread/INFO]: [LTItemMail] Enabling LTItemMail v0.3.4
[12:47:58] [Server thread/INFO]:  _   _______ _____ __  __ 
[12:47:58] [Server thread/INFO]: | | |__   __|_   _|  \/  |
[12:47:58] [Server thread/INFO]: | |    | |    | | | \  / |  Build number: 0.3.4
[12:47:58] [Server thread/INFO]: | |    | |    | | | |\/| |  Build date & time: 21/03/2024 19:08 (BRT)
[12:47:58] [Server thread/INFO]: | |____| |   _| |_| |  | |  Requires: Java 8 (or higher)
[12:47:58] [Server thread/INFO]: |______|_|  |_____|_|  |_|  Need support or have questions? https://discord.gg/Nvnrv3P
[12:47:58] [Server thread/INFO]: [LTIM INFO] Loaded config.yml.
[12:47:58] [Server thread/INFO]: [LTIM INFO] Loaded english.yml.
[12:47:58] [Server thread/INFO]: [LTIM INFO] Loaded database.
[12:47:58] [Server thread/INFO]: [LTIM INFO] Database up to date. (3)
[12:47:58] [Server thread/INFO]: [KeepChunks] Enabling KeepChunks v1.7.3
[12:47:59] [Server thread/INFO]: 
[12:47:59] [Server thread/INFO]:  _     _                   _______ _                 _          
[12:47:59] [Server thread/INFO]: (_)   | |                 (_______) |               | |  v1.7.3
[12:47:59] [Server thread/INFO]:  _____| |_____ _____ ____  _      | |__  _   _ ____ | |  _  ___ 
[12:47:59] [Server thread/INFO]: |  _   _) ___ | ___ |  _ \| |     |  _ \| | | |  _ \| |_/ )/___)
[12:47:59] [Server thread/INFO]: | |  \ \| ____| ____| |_| | |_____| | | | |_| | | | |  _ (|___ |
[12:47:59] [Server thread/INFO]: |_|   \_)_____)_____)  __/ \______)_| |_|____/|_| |_|_| \_|___/ 
[12:47:59] [Server thread/INFO]:                     |_|                                         
[12:47:59] [Server thread/INFO]: 
[12:47:59] [Server thread/INFO]: [KeepChunks] KeepChunks v1.7.3 has been enabled
[12:47:59] [Server thread/INFO]: [InvSee++] Enabling InvSeePlusPlus v0.29.6
[12:47:59] [Server thread/INFO]: [spark] Starting background profiler...
[12:47:59] [Server thread/INFO]: [spark] The async-profiler engine is not supported for your os/arch (windows11/amd64), so the built-in Java engine will be used instead.
[12:47:59] [Server thread/INFO]: Done preparing level "world" (8.491s)
[12:47:59] [Server thread/INFO]: Running delayed init tasks
[12:47:59] [Server thread/INFO]: Done (46.363s)! For help, type "help"
[12:47:59] [Server thread/INFO]: Timings Reset
[12:47:59] [Craft Scheduler Thread - 3 - LTItemMail/INFO]: [LTIM] The plugin is up to date!
[12:47:59] [Server thread/INFO]: [voicechat] Loading plugins
[12:47:59] [Server thread/INFO]: [voicechat] Loaded 0 plugin(s)
[12:47:59] [Server thread/INFO]: [voicechat] Initializing plugins
[12:47:59] [Server thread/INFO]: [voicechat] Initialized 0 plugin(s)
[12:48:00] [VoiceChatServerThread/ERROR]: [voicechat] Failed to run voice chat at UDP port 24454, make sure no other application is running at that port
[12:48:00] [VoiceChatServerThread/ERROR]: [voicechat] Voice chat server error
java.net.BindException: Address already in use: bind
	at java.base/sun.nio.ch.Net.bind0(Native Method) ~[?:?]
	at java.base/sun.nio.ch.Net.bind(Net.java:565) ~[?:?]
	at java.base/sun.nio.ch.DatagramChannelImpl.bindInternal(DatagramChannelImpl.java:1329) ~[?:?]
	at java.base/sun.nio.ch.DatagramChannelImpl.bind(DatagramChannelImpl.java:1299) ~[?:?]
	at java.base/sun.nio.ch.DatagramSocketAdaptor.bind(DatagramSocketAdaptor.java:108) ~[?:?]
	at java.base/java.net.DatagramSocket.createDelegate(DatagramSocket.java:1425) ~[?:?]
	at java.base/java.net.DatagramSocket.<init>(DatagramSocket.java:328) ~[?:?]
	at java.base/java.net.DatagramSocket.<init>(DatagramSocket.java:387) ~[?:?]
	at voicechat-bukkit-2.5.25.jar/de.maxhenkel.voicechat.plugins.impl.VoicechatSocketImpl.open(VoicechatSocketImpl.java:32) ~[voicechat-bukkit-2.5.25.jar:?]
	at voicechat-bukkit-2.5.25.jar/de.maxhenkel.voicechat.voice.server.Server.run(Server.java:78) ~[voicechat-bukkit-2.5.25.jar:?]
[12:48:00] [Thread-6/INFO]: [gg.playit.minecraft.PlayitKeysSetup] found minecraft java tunnel: battery-phase.joinmc.link
[12:48:00] [Thread-6/INFO]: [gg.playit.minecraft.PlayitManager] keys and tunnel setup
[12:48:00] [Thread-6/INFO]: playit.gg: tunnel setup
[12:48:00] [Thread-6/INFO]: playit.gg: battery-phase.joinmc.link
[12:48:00] [Server thread/ERROR]: [voicechat] Disabling Simple Voice Chat
[12:48:00] [Server thread/INFO]: [voicechat] Disabling voicechat v2.5.25
[12:48:01] [Thread-6/INFO]: [gg.playit.control.ChannelSetup] request queued, waiting 1 second before resend
[12:48:02] [Thread-6/INFO]: [gg.playit.control.ChannelSetup] request queued, waiting 1 second before resend
[12:51:40] [User Authenticator #0/INFO]: UUID of player RAPALLE is d0a66567-dc4d-410a-9f31-1debb1ff51ad
[12:51:41] [Server thread/INFO]: RAPALLE joined the game
[12:51:42] [Server thread/INFO]: RAPALLE[/127.4.18.131:52529] logged in with entity id 2051 at ([world]312.3518973021047, 53.0, 52.043213357268094)
[12:52:04] [Thread-6/INFO]: [gg.playit.control.ChannelSetup] send keep alive
[12:55:27] [Server thread/INFO]: RAPALLE issued server command: /gamemode creative
[12:55:27] [Server thread/INFO]: [RAPALLE: Set own game mode to Creative Mode]
[12:55:29] [Server thread/INFO]: RAPALLE issued server command: /gamemode spectator
[12:55:29] [Server thread/INFO]: [RAPALLE: Set own game mode to Spectator Mode]
[12:55:49] [Server thread/INFO]: RAPALLE issued server command: /gamemode survival
[12:55:49] [Server thread/INFO]: [RAPALLE: Set own game mode to Survival Mode]
[12:56:05] [Thread-6/INFO]: [gg.playit.control.ChannelSetup] send keep alive
[12:56:11] [Server thread/INFO]: RAPALLE issued server command: /gamemode spectator
[12:56:11] [Server thread/INFO]: [RAPALLE: Set own game mode to Spectator Mode]
[12:56:13] [Server thread/INFO]: RAPALLE issued server command: /gamemode survival
[12:56:13] [Server thread/INFO]: [RAPALLE: Set own game mode to Survival Mode]
[12:56:20] [Server thread/INFO]: RAPALLE issued server command: /gamemode spectator
[12:56:20] [Server thread/INFO]: [RAPALLE: Set own game mode to Spectator Mode]
[12:56:22] [Server thread/INFO]: RAPALLE issued server command: /gamemode survival
[12:56:22] [Server thread/INFO]: [RAPALLE: Set own game mode to Survival Mode]
[12:56:43] [Server thread/INFO]: RAPALLE issued server command: /esee RAPALLE
[12:57:13] [Server thread/INFO]: RAPALLE issued server command: /gamemode spectator
[12:57:13] [Server thread/INFO]: [RAPALLE: Set own game mode to Spectator Mode]
[12:57:18] [Server thread/INFO]: RAPALLE issued server command: /gamemode survival
[12:57:18] [Server thread/INFO]: [RAPALLE: Set own game mode to Survival Mode]
[12:57:24] [Server thread/INFO]: RAPALLE issued server command: /gamemode spectator
[12:57:24] [Server thread/INFO]: [RAPALLE: Set own game mode to Spectator Mode]
[12:57:27] [Server thread/INFO]: RAPALLE issued server command: /gamemode survival
[12:57:27] [Server thread/INFO]: [RAPALLE: Set own game mode to Survival Mode]
[12:58:53] [Server thread/INFO]: RAPALLE issued server command: /gamemode spectator
[12:58:53] [Server thread/INFO]: [RAPALLE: Set own game mode to Spectator Mode]
[12:58:55] [Server thread/INFO]: RAPALLE issued server command: /gamemode creative
[12:58:55] [Server thread/INFO]: [RAPALLE: Set own game mode to Creative Mode]
[12:58:56] [Server thread/INFO]: RAPALLE issued server command: /gamemode spectator
[12:58:56] [Server thread/INFO]: [RAPALLE: Set own game mode to Spectator Mode]
[12:58:58] [Server thread/INFO]: RAPALLE issued server command: /gamemode survival
[12:58:58] [Server thread/INFO]: [RAPALLE: Set own game mode to Survival Mode]
[12:59:09] [Thread-6/INFO]: [gg.playit.minecraft.PlayitManager] got new client: NewClient{connectAddr=147.185.221.194:31812, peerAddr=216.128.138.102:33670, claimAddress=[2602:fbaf:0830:0000:0000:0000:0000:0002]:43786, claimToken=[44, 0, 60, -109, -71, -35, -62, 124, 68, -40, -128, -118, 102, -125, -122, -63, 13, -120, -77, -85, 10, 103, -117, -105, -115, 0, 0, 0, 0, 0, 7, 41, 53, 0, 0, 0, 0, 0, 58, 120, 125, 6, -77, -85, 10, 0, 0, 0, 0, 44, 0, 0, 0, 0, 0, 0, 0, 1, 0, 2, -123, -33, -12, -22, -101, 93, -60, 43, 87, 28, 23, 72, 42, 4, -35, 89], tunnelServerId=1, dataCenterId=44}
[12:59:09] [Thread-6/INFO]: [gg.playit.minecraft.PlayitManager] starting tcp tunnel for client
[12:59:09] [Thread-6/INFO]: [gg.playit.minecraft.PlayitTcpTunnel] start connection to /[2602:fbaf:830:0:0:0:0:2]:43786 to claim client
[12:59:09] [Thread-6/INFO]: [gg.playit.minecraft.PlayitManager] got new client: NewClient{connectAddr=[2602:fbaf:080c:0001:0000:0000:0000:00c2]:31812, peerAddr=[2001:19f0:6402:08f2:5400:05ff:fe0c:67c3]:59632, claimAddress=[2602:fbaf:0830:0000:0000:0000:0000:0002]:43786, claimToken=[64, 0, 88, 38, 2, -5, -81, 8, 12, 0, 1, 0, 0, 0, 0, 0, 0, 0, -62, 124, 68, 32, 1, 25, -16, 100, 2, 8, -14, 84, 0, 5, -1, -2, 12, 103, -61, -24, -16, 0, 0, 0, 0, -68, 111, 115, 0, -85, 10, 103, -117, -105, -115, 0, 0, 0, 0, 0, 7, 41, 53, 0, 0, 0, 0, 0, 58, 120, 125, -15, 0, -85, 10, 0, 0, 0, 0, 44, 0, 0, 0, 0, 0, 0, 0, 1, 0, 2, -4, 23, 60, 72, 124, -126, -114, 69, 39, 45, 12, 12, -54, 123, -20, -94], tunnelServerId=1, dataCenterId=44}
[12:59:09] [Thread-6/INFO]: [gg.playit.minecraft.PlayitManager] starting tcp tunnel for client
[12:59:09] [Thread-6/INFO]: [gg.playit.minecraft.PlayitTcpTunnel] start connection to /[2602:fbaf:830:0:0:0:0:2]:43786 to claim client
[12:59:09] [nioEventLoopGroup-2-2/INFO]: [gg.playit.minecraft.PlayitTcpTunnel] connected to tunnel server, sending claim token
[12:59:09] [nioEventLoopGroup-2-1/INFO]: [gg.playit.minecraft.PlayitTcpTunnel] connected to tunnel server, sending claim token
[12:59:09] [nioEventLoopGroup-2-2/INFO]: [gg.playit.minecraft.PlayitTcpTunnel] claim token sent
[12:59:09] [nioEventLoopGroup-2-1/INFO]: [gg.playit.minecraft.PlayitTcpTunnel] claim token sent
[12:59:09] [nioEventLoopGroup-2-2/INFO]: [gg.playit.minecraft.PlayitTcpTunnel] connection to tunnel server has been established
[12:59:09] [nioEventLoopGroup-2-1/INFO]: [gg.playit.minecraft.PlayitTcpTunnel] connection to tunnel server has been established
[12:59:09] [nioEventLoopGroup-2-1/INFO]: [gg.playit.minecraft.PlayitTcpTunnel] Reflect: ReflectionHelper{ServerConnection=class net.minecraft.server.network.ServerConnectionListener, LegacyPingHandler=class net.minecraft.server.network.LegacyQueryHandler, MinecraftServer=class net.minecraft.server.MinecraftServer, PacketSplitter=class net.minecraft.network.Varint21FrameDecoder, PacketDecoder=class net.minecraft.network.PacketDecoder, EnumProtocolDirection=class net.minecraft.network.protocol.PacketFlow, PacketPrepender=class net.minecraft.network.Varint21LengthFieldPrepender, PacketEncoder=class net.minecraft.network.PacketEncoder, NetworkManagerServer=class net.minecraft.network.RateKickingConnection, NetworkManager=class net.minecraft.network.Connection, HandshakeListener=class net.minecraft.server.network.ServerHandshakePacketListenerImpl, PacketListener=interface net.minecraft.network.PacketListener, CraftServer=class org.bukkit.craftbukkit.CraftServer}
[12:59:09] [nioEventLoopGroup-2-2/INFO]: [gg.playit.minecraft.PlayitTcpTunnel] Reflect: ReflectionHelper{ServerConnection=class net.minecraft.server.network.ServerConnectionListener, LegacyPingHandler=class net.minecraft.server.network.LegacyQueryHandler, MinecraftServer=class net.minecraft.server.MinecraftServer, PacketSplitter=class net.minecraft.network.Varint21FrameDecoder, PacketDecoder=class net.minecraft.network.PacketDecoder, EnumProtocolDirection=class net.minecraft.network.protocol.PacketFlow, PacketPrepender=class net.minecraft.network.Varint21LengthFieldPrepender, PacketEncoder=class net.minecraft.network.PacketEncoder, NetworkManagerServer=class net.minecraft.network.RateKickingConnection, NetworkManager=class net.minecraft.network.Connection, HandshakeListener=class net.minecraft.server.network.ServerHandshakePacketListenerImpl, PacketListener=interface net.minecraft.network.PacketListener, CraftServer=class org.bukkit.craftbukkit.CraftServer}
[12:59:09] [nioEventLoopGroup-2-1/INFO]: [gg.playit.minecraft.PlayitTcpTunnel] legacyPingHandler is null
[12:59:09] [nioEventLoopGroup-2-1/INFO]: [gg.playit.minecraft.PlayitTcpTunnel] connecting to minecraft server at localhost/127.0.0.1:25565
[12:59:09] [nioEventLoopGroup-2-2/INFO]: [gg.playit.minecraft.PlayitTcpTunnel] legacyPingHandler is null
[12:59:09] [nioEventLoopGroup-2-2/INFO]: [gg.playit.minecraft.PlayitTcpTunnel] connecting to minecraft server at localhost/127.0.0.1:25565
[12:59:09] [nioEventLoopGroup-2-3/INFO]: [gg.playit.minecraft.PlayitTcpTunnel] connected to local minecraft server
[12:59:09] [nioEventLoopGroup-2-4/INFO]: [gg.playit.minecraft.PlayitTcpTunnel] connected to local minecraft server
[12:59:10] [Thread-6/INFO]: [gg.playit.minecraft.PlayitManager] got new client: NewClient{connectAddr=147.185.221.194:31812, peerAddr=216.128.138.102:33688, claimAddress=[2602:fbaf:0830:0000:0000:0000:0000:0002]:43786, claimToken=[44, 0, 60, -109, -71, -35, -62, 124, 68, -40, -128, -118, 102, -125, -104, -90, 117, 30, 39, -85, 10, 103, -117, -105, -114, 0, 0, 0, 0, 0, 7, 41, 53, 0, 0, 0, 0, 0, 58, 120, 125, 22, 39, -85, 10, 0, 0, 0, 0, 46, 0, 0, 0, 0, 0, 0, 0, 1, 0, 2, -45, 68, -1, -121, 40, -27, -97, 22, -85, -31, -14, 40, -47, 6, 7, -39], tunnelServerId=1, dataCenterId=46}
[12:59:10] [Thread-6/INFO]: [gg.playit.minecraft.PlayitManager] starting tcp tunnel for client
[12:59:10] [Thread-6/INFO]: [gg.playit.minecraft.PlayitTcpTunnel] start connection to /[2602:fbaf:830:0:0:0:0:2]:43786 to claim client
[12:59:10] [nioEventLoopGroup-2-1/INFO]: [gg.playit.minecraft.PlayitTcpTunnel] connected to tunnel server, sending claim token
[12:59:10] [nioEventLoopGroup-2-1/INFO]: [gg.playit.minecraft.PlayitTcpTunnel] claim token sent
[12:59:10] [nioEventLoopGroup-2-1/INFO]: [gg.playit.minecraft.PlayitTcpTunnel] connection to tunnel server has been established
[12:59:10] [nioEventLoopGroup-2-1/INFO]: [gg.playit.minecraft.PlayitTcpTunnel] Reflect: ReflectionHelper{ServerConnection=class net.minecraft.server.network.ServerConnectionListener, LegacyPingHandler=class net.minecraft.server.network.LegacyQueryHandler, MinecraftServer=class net.minecraft.server.MinecraftServer, PacketSplitter=class net.minecraft.network.Varint21FrameDecoder, PacketDecoder=class net.minecraft.network.PacketDecoder, EnumProtocolDirection=class net.minecraft.network.protocol.PacketFlow, PacketPrepender=class net.minecraft.network.Varint21LengthFieldPrepender, PacketEncoder=class net.minecraft.network.PacketEncoder, NetworkManagerServer=class net.minecraft.network.RateKickingConnection, NetworkManager=class net.minecraft.network.Connection, HandshakeListener=class net.minecraft.server.network.ServerHandshakePacketListenerImpl, PacketListener=interface net.minecraft.network.PacketListener, CraftServer=class org.bukkit.craftbukkit.CraftServer}
[12:59:10] [nioEventLoopGroup-2-1/INFO]: [gg.playit.minecraft.PlayitTcpTunnel] legacyPingHandler is null
[12:59:10] [nioEventLoopGroup-2-1/INFO]: [gg.playit.minecraft.PlayitTcpTunnel] connecting to minecraft server at localhost/127.0.0.1:25565
[12:59:10] [nioEventLoopGroup-2-2/INFO]: [gg.playit.minecraft.PlayitTcpTunnel] connected to local minecraft server
[12:59:10] [Thread-6/INFO]: [gg.playit.minecraft.PlayitManager] got new client: NewClient{connectAddr=[2602:fbaf:080c:0001:0000:0000:0000:00c2]:31812, peerAddr=[2001:19f0:6402:08f2:5400:05ff:fe0c:67c3]:59642, claimAddress=[2602:fbaf:0830:0000:0000:0000:0000:0002]:43786, claimToken=[64, 0, 88, 38, 2, -5, -81, 8, 12, 0, 1, 0, 0, 0, 0, 0, 0, 0, -62, 124, 68, 32, 1, 25, -16, 100, 2, 8, -14, 84, 0, 5, -1, -2, 12, 103, -61, -24, -6, 0, 0, 0, 0, -82, -94, -15, -93, -85, 10, 103, -117, -105, -113, 0, 0, 0, 0, 0, 7, 41, 53, 0, 0, 0, 0, 0, 58, 120, 125, 78, -93, -85, 10, 0, 0, 0, 0, 44, 0, 0, 0, 0, 0, 0, 0, 1, 0, 3, 19, -85, 71, -92, 4, -14, 35, 82, -85, -116, 31, -6, -81, 41, 17, 32], tunnelServerId=1, dataCenterId=44}
[12:59:10] [Thread-6/INFO]: [gg.playit.minecraft.PlayitManager] starting tcp tunnel for client
[12:59:10] [Thread-6/INFO]: [gg.playit.minecraft.PlayitTcpTunnel] start connection to /[2602:fbaf:830:0:0:0:0:2]:43786 to claim client
[12:59:10] [nioEventLoopGroup-2-3/INFO]: [gg.playit.minecraft.PlayitTcpTunnel] connected to tunnel server, sending claim token
[12:59:10] [nioEventLoopGroup-2-3/INFO]: [gg.playit.minecraft.PlayitTcpTunnel] claim token sent
[12:59:10] [nioEventLoopGroup-2-3/INFO]: [gg.playit.minecraft.PlayitTcpTunnel] connection to tunnel server has been established
[12:59:10] [nioEventLoopGroup-2-3/INFO]: [gg.playit.minecraft.PlayitTcpTunnel] Reflect: ReflectionHelper{ServerConnection=class net.minecraft.server.network.ServerConnectionListener, LegacyPingHandler=class net.minecraft.server.network.LegacyQueryHandler, MinecraftServer=class net.minecraft.server.MinecraftServer, PacketSplitter=class net.minecraft.network.Varint21FrameDecoder, PacketDecoder=class net.minecraft.network.PacketDecoder, EnumProtocolDirection=class net.minecraft.network.protocol.PacketFlow, PacketPrepender=class net.minecraft.network.Varint21LengthFieldPrepender, PacketEncoder=class net.minecraft.network.PacketEncoder, NetworkManagerServer=class net.minecraft.network.RateKickingConnection, NetworkManager=class net.minecraft.network.Connection, HandshakeListener=class net.minecraft.server.network.ServerHandshakePacketListenerImpl, PacketListener=interface net.minecraft.network.PacketListener, CraftServer=class org.bukkit.craftbukkit.CraftServer}
[12:59:10] [nioEventLoopGroup-2-3/INFO]: [gg.playit.minecraft.PlayitTcpTunnel] legacyPingHandler is null
[12:59:10] [nioEventLoopGroup-2-3/INFO]: [gg.playit.minecraft.PlayitTcpTunnel] connecting to minecraft server at localhost/127.0.0.1:25565
[12:59:10] [nioEventLoopGroup-2-4/INFO]: [gg.playit.minecraft.PlayitTcpTunnel] connected to local minecraft server
[12:59:11] [Thread-6/INFO]: [gg.playit.minecraft.PlayitManager] got new client: NewClient{connectAddr=147.185.221.194:31812, peerAddr=216.128.138.102:33716, claimAddress=[2602:fbaf:0830:0000:0000:0000:0000:0002]:43786, claimToken=[44, 0, 60, -109, -71, -35, -62, 124, 68, -40, -128, -118, 102, -125, -76, 95, 127, 126, -38, -85, 10, 103, -117, -105, -112, 0, 0, 0, 0, 0, 7, 41, 53, 0, 0, 0, 0, 0, 58, 120, 125, 0, -38, -85, 10, 0, 0, 0, 0, 44, 0, 0, 0, 0, 0, 0, 0, 1, 0, 2, -122, -23, -122, 95, -75, 20, -118, 66, -121, -44, -48, 44, -73, 20, 72, -113], tunnelServerId=1, dataCenterId=44}
[12:59:11] [Thread-6/INFO]: [gg.playit.minecraft.PlayitManager] starting tcp tunnel for client
[12:59:11] [Thread-6/INFO]: [gg.playit.minecraft.PlayitTcpTunnel] start connection to /[2602:fbaf:830:0:0:0:0:2]:43786 to claim client
[12:59:11] [nioEventLoopGroup-2-1/INFO]: [gg.playit.minecraft.PlayitTcpTunnel] connected to tunnel server, sending claim token
[12:59:11] [nioEventLoopGroup-2-1/INFO]: [gg.playit.minecraft.PlayitTcpTunnel] claim token sent
[12:59:12] [nioEventLoopGroup-2-1/INFO]: [gg.playit.minecraft.PlayitTcpTunnel] connection to tunnel server has been established
[12:59:12] [nioEventLoopGroup-2-1/INFO]: [gg.playit.minecraft.PlayitTcpTunnel] Reflect: ReflectionHelper{ServerConnection=class net.minecraft.server.network.ServerConnectionListener, LegacyPingHandler=class net.minecraft.server.network.LegacyQueryHandler, MinecraftServer=class net.minecraft.server.MinecraftServer, PacketSplitter=class net.minecraft.network.Varint21FrameDecoder, PacketDecoder=class net.minecraft.network.PacketDecoder, EnumProtocolDirection=class net.minecraft.network.protocol.PacketFlow, PacketPrepender=class net.minecraft.network.Varint21LengthFieldPrepender, PacketEncoder=class net.minecraft.network.PacketEncoder, NetworkManagerServer=class net.minecraft.network.RateKickingConnection, NetworkManager=class net.minecraft.network.Connection, HandshakeListener=class net.minecraft.server.network.ServerHandshakePacketListenerImpl, PacketListener=interface net.minecraft.network.PacketListener, CraftServer=class org.bukkit.craftbukkit.CraftServer}
[12:59:12] [nioEventLoopGroup-2-1/INFO]: [gg.playit.minecraft.PlayitTcpTunnel] legacyPingHandler is null
[12:59:12] [nioEventLoopGroup-2-1/INFO]: [gg.playit.minecraft.PlayitTcpTunnel] connecting to minecraft server at localhost/127.0.0.1:25565
[12:59:12] [nioEventLoopGroup-2-2/INFO]: [gg.playit.minecraft.PlayitTcpTunnel] connected to local minecraft server
[12:59:12] [Thread-6/INFO]: [gg.playit.minecraft.PlayitManager] got new client: NewClient{connectAddr=[2602:fbaf:080c:0001:0000:0000:0000:00c2]:31812, peerAddr=[2001:19f0:6402:08f2:5400:05ff:fe0c:67c3]:59654, claimAddress=[2602:fbaf:0830:0000:0000:0000:0000:0002]:43786, claimToken=[64, 0, 88, 38, 2, -5, -81, 8, 12, 0, 1, 0, 0, 0, 0, 0, 0, 0, -62, 124, 68, 32, 1, 25, -16, 100, 2, 8, -14, 84, 0, 5, -1, -2, 12, 103, -61, -23, 6, 0, 0, 0, 0, -55, -54, 54, -14, -85, 10, 103, -117, -105, -112, 0, 0, 0, 0, 0, 7, 41, 53, 0, 0, 0, 0, 0, 58, 120, 125, -116, -14, -85, 10, 0, 0, 0, 0, 44, 0, 0, 0, 0, 0, 0, 0, 1, 0, 3, -32, -98, -118, 5, 86, 58, 100, -60, 111, -82, 81, -34, -42, -21, 34, -110], tunnelServerId=1, dataCenterId=44}
[12:59:12] [Thread-6/INFO]: [gg.playit.minecraft.PlayitManager] starting tcp tunnel for client
[12:59:12] [Thread-6/INFO]: [gg.playit.minecraft.PlayitTcpTunnel] start connection to /[2602:fbaf:830:0:0:0:0:2]:43786 to claim client
[12:59:12] [nioEventLoopGroup-2-3/INFO]: [gg.playit.minecraft.PlayitTcpTunnel] connected to tunnel server, sending claim token
[12:59:12] [nioEventLoopGroup-2-3/INFO]: [gg.playit.minecraft.PlayitTcpTunnel] claim token sent
[12:59:12] [nioEventLoopGroup-2-3/INFO]: [gg.playit.minecraft.PlayitTcpTunnel] connection to tunnel server has been established
[12:59:12] [nioEventLoopGroup-2-3/INFO]: [gg.playit.minecraft.PlayitTcpTunnel] Reflect: ReflectionHelper{ServerConnection=class net.minecraft.server.network.ServerConnectionListener, LegacyPingHandler=class net.minecraft.server.network.LegacyQueryHandler, MinecraftServer=class net.minecraft.server.MinecraftServer, PacketSplitter=class net.minecraft.network.Varint21FrameDecoder, PacketDecoder=class net.minecraft.network.PacketDecoder, EnumProtocolDirection=class net.minecraft.network.protocol.PacketFlow, PacketPrepender=class net.minecraft.network.Varint21LengthFieldPrepender, PacketEncoder=class net.minecraft.network.PacketEncoder, NetworkManagerServer=class net.minecraft.network.RateKickingConnection, NetworkManager=class net.minecraft.network.Connection, HandshakeListener=class net.minecraft.server.network.ServerHandshakePacketListenerImpl, PacketListener=interface net.minecraft.network.PacketListener, CraftServer=class org.bukkit.craftbukkit.CraftServer}
[12:59:12] [nioEventLoopGroup-2-3/INFO]: [gg.playit.minecraft.PlayitTcpTunnel] legacyPingHandler is null
[12:59:12] [nioEventLoopGroup-2-3/INFO]: [gg.playit.minecraft.PlayitTcpTunnel] connecting to minecraft server at localhost/127.0.0.1:25565
[12:59:12] [nioEventLoopGroup-2-4/INFO]: [gg.playit.minecraft.PlayitTcpTunnel] connected to local minecraft server
[12:59:13] [Thread-6/INFO]: [gg.playit.minecraft.PlayitManager] got new client: NewClient{connectAddr=[2602:fbaf:080c:0001:0000:0000:0000:00c2]:31812, peerAddr=[2001:19f0:6402:08f2:5400:05ff:fe0c:67c3]:59666, claimAddress=[2602:fbaf:0830:0000:0000:0000:0000:0002]:43786, claimToken=[64, 0, 88, 38, 2, -5, -81, 8, 12, 0, 1, 0, 0, 0, 0, 0, 0, 0, -62, 124, 68, 32, 1, 25, -16, 100, 2, 8, -14, 84, 0, 5, -1, -2, 12, 103, -61, -23, 18, 0, 0, 0, 0, 43, -69, -47, 31, -85, 10, 103, -117, -105, -111, 0, 0, 0, 0, 0, 7, 41, 53, 0, 0, 0, 0, 0, 58, 120, 125, 105, 31, -85, 10, 0, 0, 0, 0, 44, 0, 0, 0, 0, 0, 0, 0, 1, 0, 4, 5, 3, -121, -76, -79, -32, -3, -126, -41, -8, 93, -121, 42, -54, 10, 29], tunnelServerId=1, dataCenterId=44}
[12:59:13] [Thread-6/INFO]: [gg.playit.minecraft.PlayitManager] starting tcp tunnel for client
[12:59:13] [Thread-6/INFO]: [gg.playit.minecraft.PlayitTcpTunnel] start connection to /[2602:fbaf:830:0:0:0:0:2]:43786 to claim client
[12:59:13] [nioEventLoopGroup-2-1/INFO]: [gg.playit.minecraft.PlayitTcpTunnel] connected to tunnel server, sending claim token
[12:59:13] [nioEventLoopGroup-2-1/INFO]: [gg.playit.minecraft.PlayitTcpTunnel] claim token sent
[12:59:13] [nioEventLoopGroup-2-1/INFO]: [gg.playit.minecraft.PlayitTcpTunnel] connection to tunnel server has been established
[12:59:13] [nioEventLoopGroup-2-1/INFO]: [gg.playit.minecraft.PlayitTcpTunnel] Reflect: ReflectionHelper{ServerConnection=class net.minecraft.server.network.ServerConnectionListener, LegacyPingHandler=class net.minecraft.server.network.LegacyQueryHandler, MinecraftServer=class net.minecraft.server.MinecraftServer, PacketSplitter=class net.minecraft.network.Varint21FrameDecoder, PacketDecoder=class net.minecraft.network.PacketDecoder, EnumProtocolDirection=class net.minecraft.network.protocol.PacketFlow, PacketPrepender=class net.minecraft.network.Varint21LengthFieldPrepender, PacketEncoder=class net.minecraft.network.PacketEncoder, NetworkManagerServer=class net.minecraft.network.RateKickingConnection, NetworkManager=class net.minecraft.network.Connection, HandshakeListener=class net.minecraft.server.network.ServerHandshakePacketListenerImpl, PacketListener=interface net.minecraft.network.PacketListener, CraftServer=class org.bukkit.craftbukkit.CraftServer}
[12:59:13] [nioEventLoopGroup-2-1/INFO]: [gg.playit.minecraft.PlayitTcpTunnel] legacyPingHandler is null
[12:59:13] [nioEventLoopGroup-2-1/INFO]: [gg.playit.minecraft.PlayitTcpTunnel] connecting to minecraft server at localhost/127.0.0.1:25565
[12:59:13] [nioEventLoopGroup-2-2/INFO]: [gg.playit.minecraft.PlayitTcpTunnel] connected to local minecraft server
[12:59:14] [Thread-6/INFO]: [gg.playit.minecraft.PlayitManager] got new client: NewClient{connectAddr=147.185.221.194:31812, peerAddr=216.128.138.102:33734, claimAddress=[2602:fbaf:0830:0000:0000:0000:0000:0002]:43786, claimToken=[44, 0, 60, -109, -71, -35, -62, 124, 68, -40, -128, -118, 102, -125, -58, -3, -28, 7, -42, -85, 10, 103, -117, -105, -110, 0, 0, 0, 0, 0, 7, 41, 53, 0, 0, 0, 0, 0, 58, 120, 125, 58, -42, -85, 10, 0, 0, 0, 0, 44, 0, 0, 0, 0, 0, 0, 0, 1, 0, 1, 84, 113, -114, -3, -64, 77, 44, 97, 102, -93, -94, 108, -34, 42, 123, -118], tunnelServerId=1, dataCenterId=44}
[12:59:14] [Thread-6/INFO]: [gg.playit.minecraft.PlayitManager] starting tcp tunnel for client
[12:59:14] [Thread-6/INFO]: [gg.playit.minecraft.PlayitTcpTunnel] start connection to /[2602:fbaf:830:0:0:0:0:2]:43786 to claim client
[12:59:14] [nioEventLoopGroup-2-3/INFO]: [gg.playit.minecraft.PlayitTcpTunnel] connected to tunnel server, sending claim token
[12:59:14] [nioEventLoopGroup-2-3/INFO]: [gg.playit.minecraft.PlayitTcpTunnel] claim token sent
[12:59:14] [Thread-6/INFO]: [gg.playit.minecraft.PlayitManager] got new client: NewClient{connectAddr=147.185.221.194:31812, peerAddr=216.128.138.102:33746, claimAddress=[2602:fbaf:0830:0000:0000:0000:0000:0002]:43786, claimToken=[44, 0, 60, -109, -71, -35, -62, 124, 68, -40, -128, -118, 102, -125, -46, 92, -113, 18, -28, -85, 10, 103, -117, -105, -110, 0, 0, 0, 0, 0, 7, 41, 53, 0, 0, 0, 0, 0, 58, 120, 125, 33, -28, -85, 10, 0, 0, 0, 0, 44, 0, 0, 0, 0, 0, 0, 0, 1, 0, 4, -38, -6, -30, 18, -18, -20, -41, -103, 64, 36, 80, -31, -4, -69, -7, -90], tunnelServerId=1, dataCenterId=44}
[12:59:14] [Thread-6/INFO]: [gg.playit.minecraft.PlayitManager] starting tcp tunnel for client
[12:59:14] [Thread-6/INFO]: [gg.playit.minecraft.PlayitTcpTunnel] start connection to /[2602:fbaf:830:0:0:0:0:2]:43786 to claim client
[12:59:14] [nioEventLoopGroup-2-3/INFO]: [gg.playit.minecraft.PlayitTcpTunnel] connection to tunnel server has been established
[12:59:14] [nioEventLoopGroup-2-3/INFO]: [gg.playit.minecraft.PlayitTcpTunnel] Reflect: ReflectionHelper{ServerConnection=class net.minecraft.server.network.ServerConnectionListener, LegacyPingHandler=class net.minecraft.server.network.LegacyQueryHandler, MinecraftServer=class net.minecraft.server.MinecraftServer, PacketSplitter=class net.minecraft.network.Varint21FrameDecoder, PacketDecoder=class net.minecraft.network.PacketDecoder, EnumProtocolDirection=class net.minecraft.network.protocol.PacketFlow, PacketPrepender=class net.minecraft.network.Varint21LengthFieldPrepender, PacketEncoder=class net.minecraft.network.PacketEncoder, NetworkManagerServer=class net.minecraft.network.RateKickingConnection, NetworkManager=class net.minecraft.network.Connection, HandshakeListener=class net.minecraft.server.network.ServerHandshakePacketListenerImpl, PacketListener=interface net.minecraft.network.PacketListener, CraftServer=class org.bukkit.craftbukkit.CraftServer}
[12:59:14] [nioEventLoopGroup-2-3/INFO]: [gg.playit.minecraft.PlayitTcpTunnel] legacyPingHandler is null
[12:59:14] [nioEventLoopGroup-2-3/INFO]: [gg.playit.minecraft.PlayitTcpTunnel] connecting to minecraft server at localhost/127.0.0.1:25565
[12:59:14] [nioEventLoopGroup-2-1/INFO]: [gg.playit.minecraft.PlayitTcpTunnel] connected to local minecraft server
[12:59:14] [nioEventLoopGroup-2-4/INFO]: [gg.playit.minecraft.PlayitTcpTunnel] connected to tunnel server, sending claim token
[12:59:14] [nioEventLoopGroup-2-4/INFO]: [gg.playit.minecraft.PlayitTcpTunnel] claim token sent
[12:59:14] [nioEventLoopGroup-2-4/INFO]: [gg.playit.minecraft.PlayitTcpTunnel] connection to tunnel server has been established
[12:59:14] [nioEventLoopGroup-2-4/INFO]: [gg.playit.minecraft.PlayitTcpTunnel] Reflect: ReflectionHelper{ServerConnection=class net.minecraft.server.network.ServerConnectionListener, LegacyPingHandler=class net.minecraft.server.network.LegacyQueryHandler, MinecraftServer=class net.minecraft.server.MinecraftServer, PacketSplitter=class net.minecraft.network.Varint21FrameDecoder, PacketDecoder=class net.minecraft.network.PacketDecoder, EnumProtocolDirection=class net.minecraft.network.protocol.PacketFlow, PacketPrepender=class net.minecraft.network.Varint21LengthFieldPrepender, PacketEncoder=class net.minecraft.network.PacketEncoder, NetworkManagerServer=class net.minecraft.network.RateKickingConnection, NetworkManager=class net.minecraft.network.Connection, HandshakeListener=class net.minecraft.server.network.ServerHandshakePacketListenerImpl, PacketListener=interface net.minecraft.network.PacketListener, CraftServer=class org.bukkit.craftbukkit.CraftServer}
[12:59:14] [nioEventLoopGroup-2-4/INFO]: [gg.playit.minecraft.PlayitTcpTunnel] legacyPingHandler is null
[12:59:14] [nioEventLoopGroup-2-4/INFO]: [gg.playit.minecraft.PlayitTcpTunnel] connecting to minecraft server at localhost/127.0.0.1:25565
[12:59:14] [nioEventLoopGroup-2-2/INFO]: [gg.playit.minecraft.PlayitTcpTunnel] connected to local minecraft server
[12:59:15] [Thread-6/INFO]: [gg.playit.minecraft.PlayitManager] got new client: NewClient{connectAddr=147.185.221.194:31812, peerAddr=216.128.138.102:58114, claimAddress=[2602:fbaf:0830:0000:0000:0000:0000:0002]:43786, claimToken=[44, 0, 60, -109, -71, -35, -62, 124, 68, -40, -128, -118, 102, -29, 2, 45, 29, 107, -109, -85, 10, 103, -117, -105, -108, 0, 0, 0, 0, 0, 7, 41, 53, 0, 0, 0, 0, 0, 58, 120, 125, 20, -109, -85, 10, 0, 0, 0, 0, 44, 0, 0, 0, 0, 0, 0, 0, 1, 0, 4, -76, -65, -108, 120, -52, -62, -78, 119, -76, -23, 77, -48, 32, 99, -68, -122], tunnelServerId=1, dataCenterId=44}
[12:59:15] [Thread-6/INFO]: [gg.playit.minecraft.PlayitManager] starting tcp tunnel for client
[12:59:15] [Thread-6/INFO]: [gg.playit.minecraft.PlayitTcpTunnel] start connection to /[2602:fbaf:830:0:0:0:0:2]:43786 to claim client
[12:59:15] [Thread-6/INFO]: [gg.playit.minecraft.PlayitManager] got new client: NewClient{connectAddr=147.185.221.194:31812, peerAddr=216.128.138.102:58100, claimAddress=[2602:fbaf:0830:0000:0000:0000:0000:0002]:43786, claimToken=[44, 0, 60, -109, -71, -35, -62, 124, 68, -40, -128, -118, 102, -30, -12, 98, 114, -19, -20, -85, 10, 103, -117, -105, -108, 0, 0, 0, 0, 0, 7, 41, 53, 0, 0, 0, 0, 0, 58, 120, 125, -25, -20, -85, 10, 0, 0, 0, 0, 46, 0, 0, 0, 0, 0, 0, 0, 1, 0, 2, 62, 86, 71, -123, -113, -8, 24, 88, -49, -40, 11, -14, -91, 60, 45, -69], tunnelServerId=1, dataCenterId=46}
[12:59:15] [Thread-6/INFO]: [gg.playit.minecraft.PlayitManager] starting tcp tunnel for client
[12:59:15] [Thread-6/INFO]: [gg.playit.minecraft.PlayitTcpTunnel] start connection to /[2602:fbaf:830:0:0:0:0:2]:43786 to claim client
[12:59:15] [nioEventLoopGroup-2-3/INFO]: [gg.playit.minecraft.PlayitTcpTunnel] connected to tunnel server, sending claim token
[12:59:15] [nioEventLoopGroup-2-3/INFO]: [gg.playit.minecraft.PlayitTcpTunnel] claim token sent
[12:59:15] [nioEventLoopGroup-2-4/INFO]: [gg.playit.minecraft.PlayitTcpTunnel] connected to tunnel server, sending claim token
[12:59:15] [nioEventLoopGroup-2-4/INFO]: [gg.playit.minecraft.PlayitTcpTunnel] claim token sent
[12:59:16] [nioEventLoopGroup-2-4/INFO]: [gg.playit.minecraft.PlayitTcpTunnel] connection to tunnel server has been established
[12:59:16] [nioEventLoopGroup-2-3/INFO]: [gg.playit.minecraft.PlayitTcpTunnel] connection to tunnel server has been established
[12:59:16] [nioEventLoopGroup-2-4/INFO]: [gg.playit.minecraft.PlayitTcpTunnel] Reflect: ReflectionHelper{ServerConnection=class net.minecraft.server.network.ServerConnectionListener, LegacyPingHandler=class net.minecraft.server.network.LegacyQueryHandler, MinecraftServer=class net.minecraft.server.MinecraftServer, PacketSplitter=class net.minecraft.network.Varint21FrameDecoder, PacketDecoder=class net.minecraft.network.PacketDecoder, EnumProtocolDirection=class net.minecraft.network.protocol.PacketFlow, PacketPrepender=class net.minecraft.network.Varint21LengthFieldPrepender, PacketEncoder=class net.minecraft.network.PacketEncoder, NetworkManagerServer=class net.minecraft.network.RateKickingConnection, NetworkManager=class net.minecraft.network.Connection, HandshakeListener=class net.minecraft.server.network.ServerHandshakePacketListenerImpl, PacketListener=interface net.minecraft.network.PacketListener, CraftServer=class org.bukkit.craftbukkit.CraftServer}
[12:59:16] [nioEventLoopGroup-2-4/INFO]: [gg.playit.minecraft.PlayitTcpTunnel] legacyPingHandler is null
[12:59:16] [nioEventLoopGroup-2-4/INFO]: [gg.playit.minecraft.PlayitTcpTunnel] connecting to minecraft server at localhost/127.0.0.1:25565
[12:59:16] [nioEventLoopGroup-2-1/INFO]: [gg.playit.minecraft.PlayitTcpTunnel] connected to local minecraft server
[12:59:16] [nioEventLoopGroup-2-3/INFO]: [gg.playit.minecraft.PlayitTcpTunnel] Reflect: ReflectionHelper{ServerConnection=class net.minecraft.server.network.ServerConnectionListener, LegacyPingHandler=class net.minecraft.server.network.LegacyQueryHandler, MinecraftServer=class net.minecraft.server.MinecraftServer, PacketSplitter=class net.minecraft.network.Varint21FrameDecoder, PacketDecoder=class net.minecraft.network.PacketDecoder, EnumProtocolDirection=class net.minecraft.network.protocol.PacketFlow, PacketPrepender=class net.minecraft.network.Varint21LengthFieldPrepender, PacketEncoder=class net.minecraft.network.PacketEncoder, NetworkManagerServer=class net.minecraft.network.RateKickingConnection, NetworkManager=class net.minecraft.network.Connection, HandshakeListener=class net.minecraft.server.network.ServerHandshakePacketListenerImpl, PacketListener=interface net.minecraft.network.PacketListener, CraftServer=class org.bukkit.craftbukkit.CraftServer}
[12:59:16] [nioEventLoopGroup-2-3/INFO]: [gg.playit.minecraft.PlayitTcpTunnel] legacyPingHandler is null
[12:59:16] [nioEventLoopGroup-2-3/INFO]: [gg.playit.minecraft.PlayitTcpTunnel] connecting to minecraft server at localhost/127.0.0.1:25565
[12:59:16] [nioEventLoopGroup-2-2/INFO]: [gg.playit.minecraft.PlayitTcpTunnel] connected to local minecraft server
[12:59:20] [Thread-6/INFO]: [gg.playit.minecraft.PlayitManager] got new client: NewClient{connectAddr=[2602:fbaf:080c:0001:0000:0000:0000:00c2]:31812, peerAddr=[2001:19f0:6402:08f2:5400:05ff:fe0c:67c3]:52254, claimAddress=[2602:fbaf:0830:0000:0000:0000:0000:0002]:43786, claimToken=[64, 0, 88, 38, 2, -5, -81, 8, 12, 0, 1, 0, 0, 0, 0, 0, 0, 0, -62, 124, 68, 32, 1, 25, -16, 100, 2, 8, -14, 84, 0, 5, -1, -2, 12, 103, -61, -52, 30, 0, 0, 0, 0, 71, 113, -31, -73, -85, 10, 103, -117, -105, -104, 0, 0, 0, 0, 0, 7, 41, 53, 0, 0, 0, 0, 0, 58, 120, 125, 111, -73, -85, 10, 0, 0, 0, 0, 44, 0, 0, 0, 0, 0, 0, 0, 1, 0, 4, 32, 20, 70, 73, 100, 100, -61, 57, -125, 117, -107, -88, 24, 35, 81, -55], tunnelServerId=1, dataCenterId=44}
[12:59:20] [Thread-6/INFO]: [gg.playit.minecraft.PlayitManager] starting tcp tunnel for client
[12:59:20] [Thread-6/INFO]: [gg.playit.minecraft.PlayitTcpTunnel] start connection to /[2602:fbaf:830:0:0:0:0:2]:43786 to claim client
[12:59:20] [nioEventLoopGroup-2-3/INFO]: [gg.playit.minecraft.PlayitTcpTunnel] connected to tunnel server, sending claim token
[12:59:20] [nioEventLoopGroup-2-3/INFO]: [gg.playit.minecraft.PlayitTcpTunnel] claim token sent
[12:59:20] [nioEventLoopGroup-2-3/INFO]: [gg.playit.minecraft.PlayitTcpTunnel] connection to tunnel server has been established
[12:59:20] [nioEventLoopGroup-2-3/INFO]: [gg.playit.minecraft.PlayitTcpTunnel] Reflect: ReflectionHelper{ServerConnection=class net.minecraft.server.network.ServerConnectionListener, LegacyPingHandler=class net.minecraft.server.network.LegacyQueryHandler, MinecraftServer=class net.minecraft.server.MinecraftServer, PacketSplitter=class net.minecraft.network.Varint21FrameDecoder, PacketDecoder=class net.minecraft.network.PacketDecoder, EnumProtocolDirection=class net.minecraft.network.protocol.PacketFlow, PacketPrepender=class net.minecraft.network.Varint21LengthFieldPrepender, PacketEncoder=class net.minecraft.network.PacketEncoder, NetworkManagerServer=class net.minecraft.network.RateKickingConnection, NetworkManager=class net.minecraft.network.Connection, HandshakeListener=class net.minecraft.server.network.ServerHandshakePacketListenerImpl, PacketListener=interface net.minecraft.network.PacketListener, CraftServer=class org.bukkit.craftbukkit.CraftServer}
[12:59:20] [nioEventLoopGroup-2-3/INFO]: [gg.playit.minecraft.PlayitTcpTunnel] legacyPingHandler is null
[12:59:20] [nioEventLoopGroup-2-3/INFO]: [gg.playit.minecraft.PlayitTcpTunnel] connecting to minecraft server at localhost/127.0.0.1:25565
[12:59:20] [nioEventLoopGroup-2-4/INFO]: [gg.playit.minecraft.PlayitTcpTunnel] connected to local minecraft server
[12:59:23] [Thread-6/INFO]: [gg.playit.minecraft.PlayitManager] got new client: NewClient{connectAddr=147.185.221.194:31812, peerAddr=216.128.138.102:58140, claimAddress=[2602:fbaf:0830:0000:0000:0000:0000:0002]:43786, claimToken=[44, 0, 60, -109, -71, -35, -62, 124, 68, -40, -128, -118, 102, -29, 28, 103, -115, 66, 54, -85, 10, 103, -117, -105, -101, 0, 0, 0, 0, 0, 7, 41, 53, 0, 0, 0, 0, 0, 58, 120, 125, 81, 54, -85, 10, 0, 0, 0, 0, 46, 0, 0, 0, 0, 0, 0, 0, 1, 0, 3, 94, 19, 59, -35, 39, -76, -44, 125, 56, 83, 109, 60, -48, 102, 110, 0], tunnelServerId=1, dataCenterId=46}
[12:59:23] [Thread-6/INFO]: [gg.playit.minecraft.PlayitManager] starting tcp tunnel for client
[12:59:23] [Thread-6/INFO]: [gg.playit.minecraft.PlayitTcpTunnel] start connection to /[2602:fbaf:830:0:0:0:0:2]:43786 to claim client
[12:59:23] [nioEventLoopGroup-2-1/INFO]: [gg.playit.minecraft.PlayitTcpTunnel] connected to tunnel server, sending claim token
[12:59:23] [nioEventLoopGroup-2-1/INFO]: [gg.playit.minecraft.PlayitTcpTunnel] claim token sent
[12:59:23] [nioEventLoopGroup-2-1/INFO]: [gg.playit.minecraft.PlayitTcpTunnel] connection to tunnel server has been established
[12:59:23] [nioEventLoopGroup-2-1/INFO]: [gg.playit.minecraft.PlayitTcpTunnel] Reflect: ReflectionHelper{ServerConnection=class net.minecraft.server.network.ServerConnectionListener, LegacyPingHandler=class net.minecraft.server.network.LegacyQueryHandler, MinecraftServer=class net.minecraft.server.MinecraftServer, PacketSplitter=class net.minecraft.network.Varint21FrameDecoder, PacketDecoder=class net.minecraft.network.PacketDecoder, EnumProtocolDirection=class net.minecraft.network.protocol.PacketFlow, PacketPrepender=class net.minecraft.network.Varint21LengthFieldPrepender, PacketEncoder=class net.minecraft.network.PacketEncoder, NetworkManagerServer=class net.minecraft.network.RateKickingConnection, NetworkManager=class net.minecraft.network.Connection, HandshakeListener=class net.minecraft.server.network.ServerHandshakePacketListenerImpl, PacketListener=interface net.minecraft.network.PacketListener, CraftServer=class org.bukkit.craftbukkit.CraftServer}
[12:59:23] [nioEventLoopGroup-2-1/INFO]: [gg.playit.minecraft.PlayitTcpTunnel] legacyPingHandler is null
[12:59:23] [nioEventLoopGroup-2-1/INFO]: [gg.playit.minecraft.PlayitTcpTunnel] connecting to minecraft server at localhost/127.0.0.1:25565
[12:59:23] [nioEventLoopGroup-2-2/INFO]: [gg.playit.minecraft.PlayitTcpTunnel] connected to local minecraft server
[12:59:26] [Thread-6/INFO]: [gg.playit.minecraft.PlayitManager] got new client: NewClient{connectAddr=[2602:fbaf:080c:0001:0000:0000:0000:00c2]:31812, peerAddr=[2001:19f0:6402:08f2:5400:05ff:fe0c:67c3]:59330, claimAddress=[2602:fbaf:0830:0000:0000:0000:0000:0002]:43786, claimToken=[64, 0, 88, 38, 2, -5, -81, 8, 12, 0, 1, 0, 0, 0, 0, 0, 0, 0, -62, 124, 68, 32, 1, 25, -16, 100, 2, 8, -14, 84, 0, 5, -1, -2, 12, 103, -61, -25, -62, 0, 0, 0, 0, 113, -114, -22, 99, -85, 10, 103, -117, -105, -98, 0, 0, 0, 0, 0, 7, 41, 53, 0, 0, 0, 0, 0, 58, 120, 125, 112, 99, -85, 10, 0, 0, 0, 0, 44, 0, 0, 0, 0, 0, 0, 0, 1, 0, 2, 18, -47, 65, -66, 79, 82, -40, -16, -101, 67, -115, 126, -73, 86, 13, 68], tunnelServerId=1, dataCenterId=44}
[12:59:26] [Thread-6/INFO]: [gg.playit.minecraft.PlayitManager] starting tcp tunnel for client
[12:59:26] [Thread-6/INFO]: [gg.playit.minecraft.PlayitTcpTunnel] start connection to /[2602:fbaf:830:0:0:0:0:2]:43786 to claim client
[12:59:26] [Thread-6/INFO]: [gg.playit.minecraft.PlayitManager] got new client: NewClient{connectAddr=[2602:fbaf:080c:0001:0000:0000:0000:00c2]:31812, peerAddr=[2001:19f0:6402:08f2:5400:05ff:fe0c:67c3]:59342, claimAddress=[2602:fbaf:0830:0000:0000:0000:0000:0002]:43786, claimToken=[64, 0, 88, 38, 2, -5, -81, 8, 12, 0, 1, 0, 0, 0, 0, 0, 0, 0, -62, 124, 68, 32, 1, 25, -16, 100, 2, 8, -14, 84, 0, 5, -1, -2, 12, 103, -61, -25, -50, 0, 0, 0, 0, 49, -30, -24, -43, -85, 10, 103, -117, -105, -98, 0, 0, 0, 0, 0, 7, 41, 53, 0, 0, 0, 0, 0, 58, 120, 125, -57, -43, -85, 10, 0, 0, 0, 0, 44, 0, 0, 0, 0, 0, 0, 0, 1, 0, 4, 66, -26, -23, 55, 15, 86, 31, 1, 49, -22, 69, -88, -109, -49, 20, -49], tunnelServerId=1, dataCenterId=44}
[12:59:26] [Thread-6/INFO]: [gg.playit.minecraft.PlayitManager] starting tcp tunnel for client
[12:59:26] [Thread-6/INFO]: [gg.playit.minecraft.PlayitTcpTunnel] start connection to /[2602:fbaf:830:0:0:0:0:2]:43786 to claim client
[12:59:26] [nioEventLoopGroup-2-3/INFO]: [gg.playit.minecraft.PlayitTcpTunnel] connected to tunnel server, sending claim token
[12:59:26] [nioEventLoopGroup-2-3/INFO]: [gg.playit.minecraft.PlayitTcpTunnel] claim token sent
[12:59:26] [nioEventLoopGroup-2-4/INFO]: [gg.playit.minecraft.PlayitTcpTunnel] connected to tunnel server, sending claim token
[12:59:26] [nioEventLoopGroup-2-4/INFO]: [gg.playit.minecraft.PlayitTcpTunnel] claim token sent
[12:59:26] [nioEventLoopGroup-2-3/INFO]: [gg.playit.minecraft.PlayitTcpTunnel] connection to tunnel server has been established
[12:59:26] [nioEventLoopGroup-2-3/INFO]: [gg.playit.minecraft.PlayitTcpTunnel] Reflect: ReflectionHelper{ServerConnection=class net.minecraft.server.network.ServerConnectionListener, LegacyPingHandler=class net.minecraft.server.network.LegacyQueryHandler, MinecraftServer=class net.minecraft.server.MinecraftServer, PacketSplitter=class net.minecraft.network.Varint21FrameDecoder, PacketDecoder=class net.minecraft.network.PacketDecoder, EnumProtocolDirection=class net.minecraft.network.protocol.PacketFlow, PacketPrepender=class net.minecraft.network.Varint21LengthFieldPrepender, PacketEncoder=class net.minecraft.network.PacketEncoder, NetworkManagerServer=class net.minecraft.network.RateKickingConnection, NetworkManager=class net.minecraft.network.Connection, HandshakeListener=class net.minecraft.server.network.ServerHandshakePacketListenerImpl, PacketListener=interface net.minecraft.network.PacketListener, CraftServer=class org.bukkit.craftbukkit.CraftServer}
[12:59:26] [nioEventLoopGroup-2-3/INFO]: [gg.playit.minecraft.PlayitTcpTunnel] legacyPingHandler is null
[12:59:26] [nioEventLoopGroup-2-3/INFO]: [gg.playit.minecraft.PlayitTcpTunnel] connecting to minecraft server at localhost/127.0.0.1:25565
[12:59:26] [nioEventLoopGroup-2-1/INFO]: [gg.playit.minecraft.PlayitTcpTunnel] connected to local minecraft server
[12:59:26] [nioEventLoopGroup-2-4/INFO]: [gg.playit.minecraft.PlayitTcpTunnel] connection to tunnel server has been established
[12:59:26] [nioEventLoopGroup-2-4/INFO]: [gg.playit.minecraft.PlayitTcpTunnel] Reflect: ReflectionHelper{ServerConnection=class net.minecraft.server.network.ServerConnectionListener, LegacyPingHandler=class net.minecraft.server.network.LegacyQueryHandler, MinecraftServer=class net.minecraft.server.MinecraftServer, PacketSplitter=class net.minecraft.network.Varint21FrameDecoder, PacketDecoder=class net.minecraft.network.PacketDecoder, EnumProtocolDirection=class net.minecraft.network.protocol.PacketFlow, PacketPrepender=class net.minecraft.network.Varint21LengthFieldPrepender, PacketEncoder=class net.minecraft.network.PacketEncoder, NetworkManagerServer=class net.minecraft.network.RateKickingConnection, NetworkManager=class net.minecraft.network.Connection, HandshakeListener=class net.minecraft.server.network.ServerHandshakePacketListenerImpl, PacketListener=interface net.minecraft.network.PacketListener, CraftServer=class org.bukkit.craftbukkit.CraftServer}
[12:59:26] [nioEventLoopGroup-2-4/INFO]: [gg.playit.minecraft.PlayitTcpTunnel] legacyPingHandler is null
[12:59:26] [nioEventLoopGroup-2-4/INFO]: [gg.playit.minecraft.PlayitTcpTunnel] connecting to minecraft server at localhost/127.0.0.1:25565
[12:59:26] [nioEventLoopGroup-2-2/INFO]: [gg.playit.minecraft.PlayitTcpTunnel] connected to local minecraft server
[13:00:08] [Thread-6/INFO]: [gg.playit.control.ChannelSetup] send keep alive
[13:00:48] [Server thread/INFO]: RAPALLE issued server command: /esee RAPALLE
[13:01:20] [Server thread/INFO]: RAPALLE issued server command: /esee RAPALLE
[13:04:00] [Server thread/INFO]: RAPALLE lost connection: Disconnected
[13:04:00] [Server thread/INFO]: RAPALLE left the game
[13:04:10] [Thread-6/INFO]: [gg.playit.control.ChannelSetup] send keep alive
[13:04:25] [User Authenticator #1/INFO]: UUID of player RAPALLE is d0a66567-dc4d-410a-9f31-1debb1ff51ad
[13:04:26] [Server thread/INFO]: RAPALLE joined the game
[13:04:26] [Server thread/INFO]: RAPALLE[/127.4.18.131:52791] logged in with entity id 7808 at ([world]351.0703103798353, 80.86784123770954, 40.633118219687425)
[13:05:30] [Thread-6/INFO]: [gg.playit.minecraft.PlayitManager] got new client: NewClient{connectAddr=147.185.221.194:31812, peerAddr=80.137.113.152:62089, claimAddress=[2602:fbaf:0830:0000:0000:0000:0000:0002]:43784, claimToken=[44, 0, 60, -109, -71, -35, -62, 124, 68, 80, -119, 113, -104, -14, -119, -6, -25, -3, -61, -85, 8, 103, -117, -103, 10, 0, 0, 0, 0, 0, 7, 41, 53, 0, 0, 0, 0, 0, 58, 120, 125, 1, -61, -85, 8, 0, 0, 0, 0, 36, 0, 0, 0, 0, 0, 0, 0, 1, 0, 2, 46, 42, -61, 113, 119, -83, 122, 9, -51, 29, 62, 82, -125, -39, 84, -33], tunnelServerId=1, dataCenterId=36}
[13:05:30] [Thread-6/INFO]: [gg.playit.minecraft.PlayitManager] starting tcp tunnel for client
[13:05:30] [Thread-6/INFO]: [gg.playit.minecraft.PlayitTcpTunnel] start connection to /[2602:fbaf:830:0:0:0:0:2]:43784 to claim client
[13:05:30] [nioEventLoopGroup-2-3/INFO]: [gg.playit.minecraft.PlayitTcpTunnel] connected to tunnel server, sending claim token
[13:05:30] [nioEventLoopGroup-2-3/INFO]: [gg.playit.minecraft.PlayitTcpTunnel] claim token sent
[13:05:30] [nioEventLoopGroup-2-3/INFO]: [gg.playit.minecraft.PlayitTcpTunnel] connection to tunnel server has been established
[13:05:30] [nioEventLoopGroup-2-3/INFO]: [gg.playit.minecraft.PlayitTcpTunnel] Reflect: ReflectionHelper{ServerConnection=class net.minecraft.server.network.ServerConnectionListener, LegacyPingHandler=class net.minecraft.server.network.LegacyQueryHandler, MinecraftServer=class net.minecraft.server.MinecraftServer, PacketSplitter=class net.minecraft.network.Varint21FrameDecoder, PacketDecoder=class net.minecraft.network.PacketDecoder, EnumProtocolDirection=class net.minecraft.network.protocol.PacketFlow, PacketPrepender=class net.minecraft.network.Varint21LengthFieldPrepender, PacketEncoder=class net.minecraft.network.PacketEncoder, NetworkManagerServer=class net.minecraft.network.RateKickingConnection, NetworkManager=class net.minecraft.network.Connection, HandshakeListener=class net.minecraft.server.network.ServerHandshakePacketListenerImpl, PacketListener=interface net.minecraft.network.PacketListener, CraftServer=class org.bukkit.craftbukkit.CraftServer}
[13:05:30] [nioEventLoopGroup-2-3/INFO]: [gg.playit.minecraft.PlayitTcpTunnel] legacyPingHandler is null
[13:05:30] [nioEventLoopGroup-2-3/INFO]: [gg.playit.minecraft.PlayitTcpTunnel] connecting to minecraft server at localhost/127.0.0.1:25565
[13:05:30] [nioEventLoopGroup-2-4/INFO]: [gg.playit.minecraft.PlayitTcpTunnel] connected to local minecraft server
[13:06:10] [Server thread/INFO]: RAPALLE issued server command: /esee RAPALLE
[13:07:41] [Server thread/INFO]: RAPALLE issued server command: /gamemode spectator
[13:07:41] [Server thread/INFO]: [RAPALLE: Set own game mode to Spectator Mode]
[13:07:52] [Server thread/INFO]: RAPALLE issued server command: /gamemode survival
[13:07:52] [Server thread/INFO]: [RAPALLE: Set own game mode to Survival Mode]
[13:08:12] [Thread-6/INFO]: [gg.playit.control.ChannelSetup] send keep alive
[13:12:00] [Thread-6/INFO]: [gg.playit.minecraft.PlayitManager] got new client: NewClient{connectAddr=147.185.221.194:31812, peerAddr=80.137.113.152:62723, claimAddress=[2602:fbaf:0830:0000:0000:0000:0000:0002]:43784, claimToken=[44, 0, 60, -109, -71, -35, -62, 124, 68, 80, -119, 113, -104, -11, 3, -27, -7, -123, -53, -85, 8, 103, -117, -102, -112, 0, 0, 0, 0, 0, 7, 41, 53, 0, 0, 0, 0, 0, 58, 120, 125, 18, -53, -85, 8, 0, 0, 0, 0, 36, 0, 0, 0, 0, 0, 0, 0, 1, 0, 4, -93, 13, -49, -91, 104, -9, 40, -115, 53, -107, 45, 15, 24, -79, 126, 22], tunnelServerId=1, dataCenterId=36}
[13:12:00] [Thread-6/INFO]: [gg.playit.minecraft.PlayitManager] starting tcp tunnel for client
[13:12:00] [Thread-6/INFO]: [gg.playit.minecraft.PlayitTcpTunnel] start connection to /[2602:fbaf:830:0:0:0:0:2]:43784 to claim client
[13:12:00] [nioEventLoopGroup-2-1/INFO]: [gg.playit.minecraft.PlayitTcpTunnel] connected to tunnel server, sending claim token
[13:12:00] [nioEventLoopGroup-2-1/INFO]: [gg.playit.minecraft.PlayitTcpTunnel] claim token sent
[13:12:00] [nioEventLoopGroup-2-1/INFO]: [gg.playit.minecraft.PlayitTcpTunnel] connection to tunnel server has been established
[13:12:00] [nioEventLoopGroup-2-1/INFO]: [gg.playit.minecraft.PlayitTcpTunnel] Reflect: ReflectionHelper{ServerConnection=class net.minecraft.server.network.ServerConnectionListener, LegacyPingHandler=class net.minecraft.server.network.LegacyQueryHandler, MinecraftServer=class net.minecraft.server.MinecraftServer, PacketSplitter=class net.minecraft.network.Varint21FrameDecoder, PacketDecoder=class net.minecraft.network.PacketDecoder, EnumProtocolDirection=class net.minecraft.network.protocol.PacketFlow, PacketPrepender=class net.minecraft.network.Varint21LengthFieldPrepender, PacketEncoder=class net.minecraft.network.PacketEncoder, NetworkManagerServer=class net.minecraft.network.RateKickingConnection, NetworkManager=class net.minecraft.network.Connection, HandshakeListener=class net.minecraft.server.network.ServerHandshakePacketListenerImpl, PacketListener=interface net.minecraft.network.PacketListener, CraftServer=class org.bukkit.craftbukkit.CraftServer}
[13:12:00] [nioEventLoopGroup-2-1/INFO]: [gg.playit.minecraft.PlayitTcpTunnel] legacyPingHandler is null
[13:12:00] [nioEventLoopGroup-2-1/INFO]: [gg.playit.minecraft.PlayitTcpTunnel] connecting to minecraft server at localhost/127.0.0.1:25565
[13:12:00] [nioEventLoopGroup-2-2/INFO]: [gg.playit.minecraft.PlayitTcpTunnel] connected to local minecraft server
[13:12:15] [Thread-6/INFO]: [gg.playit.control.ChannelSetup] send keep alive
[13:14:42] [Thread-6/INFO]: [gg.playit.minecraft.PlayitManager] got new client: NewClient{connectAddr=147.185.221.194:31812, peerAddr=80.137.113.152:63348, claimAddress=[2602:fbaf:0830:0000:0000:0000:0000:0002]:43784, claimToken=[44, 0, 60, -109, -71, -35, -62, 124, 68, 80, -119, 113, -104, -9, 116, 78, 88, -107, -47, -85, 8, 103, -117, -101, 50, 0, 0, 0, 0, 0, 7, 41, 53, 0, 0, 0, 0, 0, 58, 120, 125, 81, -47, -85, 8, 0, 0, 0, 0, 36, 0, 0, 0, 0, 0, 0, 0, 1, 0, 1, -56, -80, 6, -87, -25, 107, 59, 54, -33, 112, 57, -34, 77, 51, -72, 20], tunnelServerId=1, dataCenterId=36}
[13:14:42] [Thread-6/INFO]: [gg.playit.minecraft.PlayitManager] starting tcp tunnel for client
[13:14:42] [Thread-6/INFO]: [gg.playit.minecraft.PlayitTcpTunnel] start connection to /[2602:fbaf:830:0:0:0:0:2]:43784 to claim client
[13:14:42] [nioEventLoopGroup-2-3/INFO]: [gg.playit.minecraft.PlayitTcpTunnel] connected to tunnel server, sending claim token
[13:14:42] [nioEventLoopGroup-2-3/INFO]: [gg.playit.minecraft.PlayitTcpTunnel] claim token sent
[13:14:42] [nioEventLoopGroup-2-3/INFO]: [gg.playit.minecraft.PlayitTcpTunnel] connection to tunnel server has been established
[13:14:42] [nioEventLoopGroup-2-3/INFO]: [gg.playit.minecraft.PlayitTcpTunnel] Reflect: ReflectionHelper{ServerConnection=class net.minecraft.server.network.ServerConnectionListener, LegacyPingHandler=class net.minecraft.server.network.LegacyQueryHandler, MinecraftServer=class net.minecraft.server.MinecraftServer, PacketSplitter=class net.minecraft.network.Varint21FrameDecoder, PacketDecoder=class net.minecraft.network.PacketDecoder, EnumProtocolDirection=class net.minecraft.network.protocol.PacketFlow, PacketPrepender=class net.minecraft.network.Varint21LengthFieldPrepender, PacketEncoder=class net.minecraft.network.PacketEncoder, NetworkManagerServer=class net.minecraft.network.RateKickingConnection, NetworkManager=class net.minecraft.network.Connection, HandshakeListener=class net.minecraft.server.network.ServerHandshakePacketListenerImpl, PacketListener=interface net.minecraft.network.PacketListener, CraftServer=class org.bukkit.craftbukkit.CraftServer}
[13:14:42] [nioEventLoopGroup-2-3/INFO]: [gg.playit.minecraft.PlayitTcpTunnel] legacyPingHandler is null
[13:14:42] [nioEventLoopGroup-2-3/INFO]: [gg.playit.minecraft.PlayitTcpTunnel] connecting to minecraft server at localhost/127.0.0.1:25565
[13:14:42] [nioEventLoopGroup-2-4/INFO]: [gg.playit.minecraft.PlayitTcpTunnel] connected to local minecraft server
[13:15:04] [Thread-6/INFO]: [gg.playit.minecraft.PlayitManager] got new client: NewClient{connectAddr=147.185.221.194:31812, peerAddr=80.137.113.152:63511, claimAddress=[2602:fbaf:0830:0000:0000:0000:0000:0002]:43784, claimToken=[44, 0, 60, -109, -71, -35, -62, 124, 68, 80, -119, 113, -104, -8, 23, -40, -105, -35, -115, -85, 8, 103, -117, -101, 72, 0, 0, 0, 0, 0, 7, 41, 53, 0, 0, 0, 0, 0, 58, 120, 125, -45, -115, -85, 8, 0, 0, 0, 0, 36, 0, 0, 0, 0, 0, 0, 0, 1, 0, 2, -98, -1, -22, -95, 69, -60, -49, 52, -88, 75, 104, -107, 24, -50, 62, 50], tunnelServerId=1, dataCenterId=36}
[13:15:04] [Thread-6/INFO]: [gg.playit.minecraft.PlayitManager] starting tcp tunnel for client
[13:15:04] [Thread-6/INFO]: [gg.playit.minecraft.PlayitTcpTunnel] start connection to /[2602:fbaf:830:0:0:0:0:2]:43784 to claim client
[13:15:04] [nioEventLoopGroup-2-1/INFO]: [gg.playit.minecraft.PlayitTcpTunnel] connected to tunnel server, sending claim token
[13:15:04] [nioEventLoopGroup-2-1/INFO]: [gg.playit.minecraft.PlayitTcpTunnel] claim token sent
[13:15:04] [nioEventLoopGroup-2-1/INFO]: [gg.playit.minecraft.PlayitTcpTunnel] connection to tunnel server has been established
[13:15:04] [nioEventLoopGroup-2-1/INFO]: [gg.playit.minecraft.PlayitTcpTunnel] Reflect: ReflectionHelper{ServerConnection=class net.minecraft.server.network.ServerConnectionListener, LegacyPingHandler=class net.minecraft.server.network.LegacyQueryHandler, MinecraftServer=class net.minecraft.server.MinecraftServer, PacketSplitter=class net.minecraft.network.Varint21FrameDecoder, PacketDecoder=class net.minecraft.network.PacketDecoder, EnumProtocolDirection=class net.minecraft.network.protocol.PacketFlow, PacketPrepender=class net.minecraft.network.Varint21LengthFieldPrepender, PacketEncoder=class net.minecraft.network.PacketEncoder, NetworkManagerServer=class net.minecraft.network.RateKickingConnection, NetworkManager=class net.minecraft.network.Connection, HandshakeListener=class net.minecraft.server.network.ServerHandshakePacketListenerImpl, PacketListener=interface net.minecraft.network.PacketListener, CraftServer=class org.bukkit.craftbukkit.CraftServer}
[13:15:04] [nioEventLoopGroup-2-1/INFO]: [gg.playit.minecraft.PlayitTcpTunnel] legacyPingHandler is null
[13:15:04] [nioEventLoopGroup-2-1/INFO]: [gg.playit.minecraft.PlayitTcpTunnel] connecting to minecraft server at localhost/127.0.0.1:25565
[13:15:04] [nioEventLoopGroup-2-2/INFO]: [gg.playit.minecraft.PlayitTcpTunnel] connected to local minecraft server
[13:16:16] [Thread-6/INFO]: [gg.playit.control.ChannelSetup] send keep alive
[13:18:15] [Server thread/INFO]: RAPALLE issued server command: /esee RAPALLE
[13:20:18] [Thread-6/INFO]: [gg.playit.control.ChannelSetup] send keep alive
[13:22:25] [Server thread/INFO]: RAPALLE issued server command: /esee RAPALLE
[13:24:19] [Thread-6/INFO]: [gg.playit.control.ChannelSetup] send keep alive
[13:28:21] [Thread-6/INFO]: [gg.playit.control.ChannelSetup] send keep alive
[13:29:29] [Server thread/INFO]: Villager Villager['Villager'/471, uuid='e77b5d4c-b72c-43df-a9dd-d520bae716dd', l='ServerLevel[world]', x=280.77, y=52.00, z=25.70, cpos=[17, 1], tl=61085, v=true] died, message: 'Villager was squished too much'
[13:32:22] [Thread-6/INFO]: [gg.playit.control.ChannelSetup] send keep alive
[13:35:35] [Server thread/INFO]: Stopping the server
[13:35:35] [Server thread/INFO]: Stopping server
[13:35:35] [Server thread/INFO]: [InvSee++] Disabling InvSeePlusPlus v0.29.6
[13:35:35] [Server thread/INFO]: [KeepChunks] Disabling KeepChunks v1.7.3
[13:35:35] [Server thread/INFO]: [LTItemMail] Disabling LTItemMail v0.3.4
[13:35:35] [Server thread/INFO]: [playit-gg] Disabling playit-gg v0.1.4
[13:35:35] [Server thread/INFO]: [RHLeafDecay] Disabling RHLeafDecay v1.21_R1
[13:35:35] [Server thread/INFO]: [RHLeafDecay] Cleaned up scheduledBlocks...
[13:35:35] [Server thread/INFO]: [RHLeafDecay] The plugin has been unloaded!
[13:35:35] [Server thread/INFO]: [SinglePlayerSleep] Disabling SinglePlayerSleep v1.16_2.13.53
[13:35:35] [Server thread/INFO]: [SinglePlayerSleep]  v1.16_2.13.53 is DISABLED
[13:35:35] [Server thread/INFO]: [WorldEdit] Disabling WorldEdit v7.3.6+6892-3d660b8
[13:35:35] [Server thread/INFO]: Unregistering com.sk89q.worldedit.bukkit.BukkitServerInterface from WorldEdit
[13:35:35] [Server thread/INFO]: Saving players
[13:35:35] [Server thread/INFO]: RAPALLE lost connection: Server closed
[13:35:35] [Server thread/INFO]: RAPALLE left the game
[13:35:36] [Server thread/INFO]: Saving worlds
[13:35:36] [Server thread/INFO]: Saving chunks for level 'ServerLevel[world]'/minecraft:overworld
[13:35:36] [Server thread/INFO]: [ChunkHolderManager] Waiting 60s for chunk system to halt for world 'world'
[13:35:36] [Server thread/INFO]: [ChunkHolderManager] Halted chunk system for world 'world'
[13:35:36] [Server thread/INFO]: [ChunkHolderManager] Saving all chunkholders for world 'world'
[13:35:36] [Server thread/INFO]: [ChunkHolderManager] Saved 17 block chunks, 251 entity chunks, 0 poi chunks in world 'world' in 0,14s
[13:35:36] [Server thread/INFO]: Saving chunks for level 'ServerLevel[world_nether]'/minecraft:the_nether
[13:35:36] [Server thread/INFO]: [ChunkHolderManager] Waiting 60s for chunk system to halt for world 'world_nether'
[13:35:36] [Server thread/INFO]: [ChunkHolderManager] Halted chunk system for world 'world_nether'
[13:35:36] [Server thread/INFO]: [ChunkHolderManager] Saving all chunkholders for world 'world_nether'
[13:35:36] [Server thread/INFO]: [ChunkHolderManager] Saved 9 block chunks, 24 entity chunks, 0 poi chunks in world 'world_nether' in 0,06s
[13:35:36] [Server thread/INFO]: Saving chunks for level 'ServerLevel[world_the_end]'/minecraft:the_end
[13:35:36] [Server thread/INFO]: [ChunkHolderManager] Waiting 60s for chunk system to halt for world 'world_the_end'
[13:35:36] [Server thread/INFO]: [ChunkHolderManager] Halted chunk system for world 'world_the_end'
[13:35:36] [Server thread/INFO]: [ChunkHolderManager] Saving all chunkholders for world 'world_the_end'
[13:35:36] [Server thread/INFO]: [ChunkHolderManager] Saved 0 block chunks, 33 entity chunks, 0 poi chunks in world 'world_the_end' in 0,03s
[13:35:36] [Server thread/INFO]: ThreadedAnvilChunkStorage (world): All chunks are saved
[13:35:36] [Server thread/INFO]: ThreadedAnvilChunkStorage (DIM-1): All chunks are saved
[13:35:36] [Server thread/INFO]: ThreadedAnvilChunkStorage (DIM1): All chunks are saved
[13:35:36] [Server thread/INFO]: ThreadedAnvilChunkStorage: All dimensions are saved
