Okt. 30, 2024 2:16:07 PM io.github.leothawne.LTItemMail.module.MailboxModule log
INFORMATION: RAPALLE sent to Lykron: Mailbox#11
Okt. 30, 2024 2:16:07 PM io.github.leothawne.LTItemMail.module.MailboxModule log
INFORMATION: Lykron received Mailbox#11
Okt. 30, 2024 2:20:04 PM io.github.leothawne.LTItemMail.module.MailboxModule log
INFORMATION: RAPALLE sent to Lykron: Mailbox#12
Okt. 30, 2024 2:20:04 PM io.github.leothawne.LTItemMail.module.MailboxModule log
INFORMATION: Lykron received Mailbox#12
Okt. 30, 2024 2:21:33 PM io.github.leothawne.LTItemMail.module.MailboxModule log
INFORMATION: Lykron sent to RAPALLE: Mailbox#13
Okt. 30, 2024 2:21:33 PM io.github.leothawne.LTItemMail.module.MailboxModule log
INFORMATION: RAPALLE received Mailbox#13
Okt. 30, 2024 2:22:41 PM io.github.leothawne.LTItemMail.module.MailboxModule log
INFORMATION: RAPALLE sent to Lykron: Mailbox#14
Okt. 30, 2024 2:22:41 PM io.github.leothawne.LTItemMail.module.MailboxModule log
INFORMATION: Lykron received Mailbox#14
Okt. 30, 2024 2:47:45 PM io.github.leothawne.LTItemMail.module.MailboxModule log
INFORMATION: RAPALLE sent to Lykron: Mailbox#15
Okt. 30, 2024 2:47:45 PM io.github.leothawne.LTItemMail.module.MailboxModule log
INFORMATION: Lykron received Mailbox#15
Okt. 30, 2024 2:52:00 PM io.github.leothawne.LTItemMail.module.MailboxModule log
INFORMATION: RAPALLE sent to Lykron: Mailbox#16
Okt. 30, 2024 2:52:00 PM io.github.leothawne.LTItemMail.module.MailboxModule log
INFORMATION: Lykron received Mailbox#16
Okt. 30, 2024 2:56:48 PM io.github.leothawne.LTItemMail.module.MailboxModule log
INFORMATION: RAPALLE sent to Lykron: Mailbox#17
Okt. 30, 2024 2:56:48 PM io.github.leothawne.LTItemMail.module.MailboxModule log
INFORMATION: Lykron received Mailbox#17
Okt. 30, 2024 3:08:21 PM io.github.leothawne.LTItemMail.module.MailboxModule log
INFORMATION: RAPALLE sent to Lykron: Mailbox#18
Okt. 30, 2024 3:08:21 PM io.github.leothawne.LTItemMail.module.MailboxModule log
INFORMATION: Lykron received Mailbox#18
Okt. 30, 2024 3:13:21 PM io.github.leothawne.LTItemMail.module.MailboxModule log
INFORMATION: RAPALLE sent to Lykron: Mailbox#19
Okt. 30, 2024 3:13:21 PM io.github.leothawne.LTItemMail.module.MailboxModule log
INFORMATION: Lykron received Mailbox#19
Okt. 30, 2024 3:20:45 PM io.github.leothawne.LTItemMail.module.MailboxModule log
INFORMATION: netzguru0815 sent to RAPALLE: Mailbox#20
Okt. 30, 2024 3:20:45 PM io.github.leothawne.LTItemMail.module.MailboxModule log
INFORMATION: RAPALLE received Mailbox#20
Okt. 30, 2024 3:22:04 PM io.github.leothawne.LTItemMail.module.MailboxModule log
INFORMATION: Lykron sent to RAPALLE: Mailbox#21
Okt. 30, 2024 3:22:04 PM io.github.leothawne.LTItemMail.module.MailboxModule log
INFORMATION: RAPALLE received Mailbox#21
Okt. 30, 2024 3:24:52 PM io.github.leothawne.LTItemMail.module.MailboxModule log
INFORMATION: RAPALLE sent to Lykron: Mailbox#22
Okt. 30, 2024 3:24:52 PM io.github.leothawne.LTItemMail.module.MailboxModule log
INFORMATION: Lykron received Mailbox#22
Okt. 30, 2024 3:34:38 PM io.github.leothawne.LTItemMail.module.MailboxModule log
INFORMATION: RAPALLE sent to Lykron: Mailbox#23
Okt. 30, 2024 3:34:38 PM io.github.leothawne.LTItemMail.module.MailboxModule log
INFORMATION: Lykron received Mailbox#23
Okt. 30, 2024 3:34:41 PM io.github.leothawne.LTItemMail.module.MailboxModule log
INFORMATION: Lykron sent to RAPALLE: Mailbox#24
Okt. 30, 2024 3:34:41 PM io.github.leothawne.LTItemMail.module.MailboxModule log
INFORMATION: RAPALLE received Mailbox#24
Okt. 30, 2024 3:36:18 PM io.github.leothawne.LTItemMail.module.MailboxModule log
INFORMATION: Lykron sent to RAPALLE: Mailbox#25
Okt. 30, 2024 3:36:18 PM io.github.leothawne.LTItemMail.module.MailboxModule log
INFORMATION: RAPALLE received Mailbox#25
Okt. 30, 2024 3:36:50 PM io.github.leothawne.LTItemMail.module.MailboxModule log
INFORMATION: RAPALLE sent to Lykron: Mailbox#26
Okt. 30, 2024 3:36:50 PM io.github.leothawne.LTItemMail.module.MailboxModule log
INFORMATION: Lykron received Mailbox#26
Okt. 30, 2024 3:37:08 PM io.github.leothawne.LTItemMail.module.MailboxModule log
INFORMATION: RAPALLE sent to Lykron: Mailbox#27
Okt. 30, 2024 3:37:08 PM io.github.leothawne.LTItemMail.module.MailboxModule log
INFORMATION: Lykron received Mailbox#27
Okt. 30, 2024 4:00:29 PM io.github.leothawne.LTItemMail.module.MailboxModule log
INFORMATION: Lykron sent to RAPALLE: Mailbox#28
Okt. 30, 2024 4:00:29 PM io.github.leothawne.LTItemMail.module.MailboxModule log
INFORMATION: RAPALLE received Mailbox#28
Okt. 30, 2024 4:16:33 PM io.github.leothawne.LTItemMail.module.MailboxModule log
INFORMATION: Lykron sent to RAPALLE: Mailbox#29
Okt. 30, 2024 4:16:33 PM io.github.leothawne.LTItemMail.module.MailboxModule log
INFORMATION: RAPALLE received Mailbox#29
Okt. 30, 2024 4:31:32 PM io.github.leothawne.LTItemMail.module.MailboxModule log
INFORMATION: RAPALLE sent to Lykron: Mailbox#30
Okt. 30, 2024 4:31:32 PM io.github.leothawne.LTItemMail.module.MailboxModule log
INFORMATION: Lykron received Mailbox#30
Okt. 30, 2024 4:32:10 PM io.github.leothawne.LTItemMail.module.MailboxModule log
INFORMATION: Lykron sent to RAPALLE: Mailbox#31
Okt. 30, 2024 4:32:10 PM io.github.leothawne.LTItemMail.module.MailboxModule log
INFORMATION: RAPALLE received Mailbox#31
Okt. 30, 2024 4:54:54 PM io.github.leothawne.LTItemMail.module.MailboxModule log
INFORMATION: MINECRAFTER_TOBI sent to Lykron: Mailbox#32
Okt. 30, 2024 4:54:54 PM io.github.leothawne.LTItemMail.module.MailboxModule log
INFORMATION: Lykron received Mailbox#32
Okt. 30, 2024 5:04:25 PM io.github.leothawne.LTItemMail.module.MailboxModule log
INFORMATION: RAPALLE sent to Lykron: Mailbox#33
Okt. 30, 2024 5:04:25 PM io.github.leothawne.LTItemMail.module.MailboxModule log
INFORMATION: Lykron received Mailbox#33
Okt. 30, 2024 5:06:14 PM io.github.leothawne.LTItemMail.module.MailboxModule log
INFORMATION: Lykron sent to RAPALLE: Mailbox#34
Okt. 30, 2024 5:06:14 PM io.github.leothawne.LTItemMail.module.MailboxModule log
INFORMATION: RAPALLE received Mailbox#34
Okt. 30, 2024 5:07:53 PM io.github.leothawne.LTItemMail.module.MailboxModule log
INFORMATION: Lykron sent to RAPALLE: Mailbox#35
Okt. 30, 2024 5:07:53 PM io.github.leothawne.LTItemMail.module.MailboxModule log
INFORMATION: RAPALLE received Mailbox#35
