Okt. 28, 2024 10:35:45 PM io.github.leothawne.LTItemMail.module.MailboxModule log
INFORMATION: MINECRAFTER_TOBI sent to netzguru0815: Mailbox#1
Okt. 28, 2024 10:35:45 PM io.github.leothawne.LTItemMail.module.MailboxModule log
INFORMATION: netzguru0815 received Mailbox#1
Okt. 28, 2024 10:36:09 PM io.github.leothawne.LTItemMail.module.MailboxModule log
INFORMATION: MINECRAFTER_TOBI sent to netzguru0815: Mailbox#2
Okt. 28, 2024 10:36:09 PM io.github.leothawne.LTItemMail.module.MailboxModule log
INFORMATION: netzguru0815 received Mailbox#2
Okt. 28, 2024 10:38:10 PM io.github.leothawne.LTItemMail.module.MailboxModule log
INFORMATION: MINECRAFTER_TOBI sent to netzguru0815: Mailbox#3
Okt. 28, 2024 10:38:10 PM io.github.leothawne.LTItemMail.module.MailboxModule log
INFORMATION: netzguru0815 received Mailbox#3
Okt. 28, 2024 10:39:28 PM io.github.leothawne.LTItemMail.module.MailboxModule log
INFORMATION: MINECRAFTER_TOBI sent to netzguru0815: Mailbox#4
Okt. 28, 2024 10:39:28 PM io.github.leothawne.LTItemMail.module.MailboxModule log
INFORMATION: netzguru0815 received Mailbox#4
Okt. 28, 2024 10:41:35 PM io.github.leothawne.LTItemMail.module.MailboxModule log
INFORMATION: netzguru0815 sent to MINECRAFTER_TOBI: Mailbox#5
Okt. 28, 2024 10:41:35 PM io.github.leothawne.LTItemMail.module.MailboxModule log
INFORMATION: MINECRAFTER_TOBI received Mailbox#5
Okt. 28, 2024 10:42:13 PM io.github.leothawne.LTItemMail.module.MailboxModule log
INFORMATION: MINECRAFTER_TOBI sent to netzguru0815: Mailbox#6
Okt. 28, 2024 10:42:13 PM io.github.leothawne.LTItemMail.module.MailboxModule log
INFORMATION: netzguru0815 received Mailbox#6
Okt. 28, 2024 10:43:13 PM io.github.leothawne.LTItemMail.module.MailboxModule log
INFORMATION: MINECRAFTER_TOBI sent to netzguru0815: Mailbox#7
Okt. 28, 2024 10:43:13 PM io.github.leothawne.LTItemMail.module.MailboxModule log
INFORMATION: netzguru0815 received Mailbox#7
Okt. 28, 2024 10:43:49 PM io.github.leothawne.LTItemMail.module.MailboxModule log
INFORMATION: MINECRAFTER_TOBI sent to netzguru0815: Mailbox#8
Okt. 28, 2024 10:43:49 PM io.github.leothawne.LTItemMail.module.MailboxModule log
INFORMATION: netzguru0815 received Mailbox#8
