[15:28:00] [ServerMain/INFO]: Environment: Environment[sessionHost=https://sessionserver.mojang.com, servicesHost=https://api.minecraftservices.com, name=PROD]
[15:28:01] [ServerMain/INFO]: Loaded 1174 recipes
[15:28:01] [ServerMain/INFO]: Loaded 1271 advancements
[15:28:02] [Server thread/INFO]: Starting minecraft server version 1.20.4
[15:28:02] [Server thread/INFO]: Loading properties
[15:28:02] [Server thread/INFO]: This server is running Paper version git-Paper-497 (MC: 1.20.4) (Implementing API version 1.20.4-R0.1-SNAPSHOT) (Git: d8d54d9 on ver/1.20.4)
[15:28:02] [Server thread/INFO]: Using 4 threads for Netty based IO
[15:28:02] [Server thread/INFO]: Server Ping Player Sample Count: 12
[15:28:02] [Server thread/WARN]: [Configurations] The global config file didn't have a version set, assuming latest
[15:28:02] [Server thread/INFO]: [ChunkTaskScheduler] Chunk system is using 1 I/O threads, 3 worker threads, and gen parallelism of 3 threads
[15:28:02] [Server thread/WARN]: [!] The timings profiler has been enabled but has been scheduled for removal from Paper in the future.
    We recommend installing the spark profiler as a replacement: https://spark.lucko.me/
    For more information please visit: https://github.com/PaperMC/Paper/issues/8948
[15:28:02] [Server thread/INFO]: Default game type: SURVIVAL
[15:28:02] [Server thread/INFO]: Generating keypair
[15:28:03] [Server thread/INFO]: Starting Minecraft server on *:20002
[15:28:03] [Server thread/INFO]: Using default channel type
[15:28:03] [Server thread/INFO]: Paper: Using Java compression from Velocity.
[15:28:03] [Server thread/INFO]: Paper: Using Java cipher from Velocity.
[15:28:03] [Server thread/WARN]: [org.bukkit.craftbukkit.v1_20_R3.legacy.CraftLegacy] Initializing Legacy Material Support. Unless you have legacy plugins and/or data this is a bug!
[15:28:05] [Server thread/WARN]: Legacy plugin PlayTime v1.0 does not specify an api-version.
[15:28:05] [Server thread/INFO]: [SpigotLibraryLoader] [ChatImage] Loading 2 libraries... please wait
[15:28:05] [Server thread/INFO]: [SpigotLibraryLoader] [ChatImage] Loaded library L:\RAPALLE.NET\cloud\static\amongus-1\libraries\commons-io\commons-io\2.11.0\commons-io-2.11.0.jar
[15:28:05] [Server thread/INFO]: [SpigotLibraryLoader] [ChatImage] Loaded library L:\RAPALLE.NET\cloud\static\amongus-1\libraries\com\google\code\gson\gson\2.10.1\gson-2.10.1.jar
[15:28:05] [Server thread/INFO]: [ViaVersion] Loading server plugin ViaVersion v5.0.3
[15:28:05] [Server thread/INFO]: [ViaVersion] ViaVersion 5.0.3 is now loaded. Registering protocol transformers and injecting...
[15:28:05] [Via-Mappingloader-0/INFO]: [ViaVersion] Loading block connection mappings ...
[15:28:06] [Via-Mappingloader-0/INFO]: [ViaVersion] Using FastUtil Long2ObjectOpenHashMap for block connections
[15:28:06] [Server thread/INFO]: [PlaceholderAPI] Loading server plugin PlaceholderAPI v2.11.6
[15:28:06] [Server thread/INFO]: [PoloCloud-Plugin] Loading server plugin PoloCloud-Plugin v1.0.0
[15:28:06] [Server thread/INFO]: [PlayTime] Loading server plugin PlayTime v1.0
[15:28:06] [Server thread/INFO]: [LuckPerms] Loading server plugin LuckPerms v5.4.141
[15:28:06] [Server thread/INFO]: [GSit] Loading server plugin GSit v1.10.0
[15:28:06] [Server thread/INFO]: [eBackup] Loading server plugin eBackup v1.3.1
[15:28:06] [Server thread/INFO]: [CoreProtect] Loading server plugin CoreProtect v22.4
[15:28:06] [Server thread/INFO]: [ChatImage] Loading server plugin ChatImage v2.6.0
[15:28:06] [Server thread/INFO]: [ChatHead] Loading server plugin ChatHead v1.0.1
[15:28:06] [Server thread/INFO]: Server permissions file permissions.yml is empty, ignoring it
[15:28:06] [Server thread/INFO]: [LuckPerms] Enabling LuckPerms v5.4.141
[15:28:06] [Server thread/INFO]:         __    
[15:28:06] [Server thread/INFO]:   |    |__)   LuckPerms v5.4.141
[15:28:06] [Server thread/INFO]:   |___ |      Running on Bukkit - Paper
[15:28:06] [Server thread/INFO]: 
[15:28:06] [Server thread/INFO]: [LuckPerms] Loading configuration...
[15:28:07] [Server thread/INFO]: [LuckPerms] Loading storage provider... [H2]
[15:28:07] [Server thread/INFO]: [LuckPerms] Loading internal permission managers...
[15:28:07] [Server thread/INFO]: [LuckPerms] Performing initial data load...
[15:28:07] [Server thread/INFO]: [LuckPerms] Successfully enabled. (took 1047ms)
[15:28:07] [Server thread/WARN]: **** SERVER IS RUNNING IN OFFLINE/INSECURE MODE!
[15:28:07] [Server thread/WARN]: The server will make no attempt to authenticate usernames. Beware.
[15:28:07] [Server thread/WARN]: Whilst this makes it possible to use Velocity, unless access to your server is properly restricted, it also opens up the ability for hackers to connect with any username they choose.
[15:28:07] [Server thread/WARN]: Please see https://docs.papermc.io/velocity/security for further information.
[15:28:07] [Server thread/WARN]: To change this, set "online-mode" to "true" in the server.properties file.
[15:28:07] [Server thread/INFO]: Preparing level "world"
[15:28:07] [Server thread/INFO]: Preparing start region for dimension minecraft:overworld
[15:28:08] [Server thread/INFO]: Time elapsed: 242 ms
[15:28:08] [Server thread/INFO]: Preparing start region for dimension minecraft:the_nether
[15:28:09] [Server thread/INFO]: Time elapsed: 945 ms
[15:28:09] [Server thread/INFO]: Preparing start region for dimension minecraft:the_end
[15:28:09] [Server thread/INFO]: Time elapsed: 27 ms
[15:28:09] [Server thread/INFO]: [ViaVersion] Enabling ViaVersion v5.0.3
[15:28:09] [Server thread/INFO]: [ViaVersion] ViaVersion detected server version: 1.20.3-1.20.4 (765)
[15:28:09] [Server thread/INFO]: [PlaceholderAPI] Enabling PlaceholderAPI v2.11.6
[15:28:09] [Server thread/INFO]: [PlaceholderAPI] Fetching available expansion information...
[15:28:09] [Server thread/INFO]: [PoloCloud-Plugin] Enabling PoloCloud-Plugin v1.0.0
[15:28:09] [Server thread/INFO]: [PlayTime] Enabling PlayTime v1.0*
[15:28:09] [Server thread/INFO]: ACTIVATED
[15:28:09] [Server thread/INFO]: [PlayTime] [STDOUT]     0
[15:28:09] [Server thread/WARN]: Nag author(s): '[lustigeeefails]' of 'PlayTime v1.0' about their usage of System.out/err.print. Please use your plugin's logger instead (JavaPlugin#getLogger).
[15:28:09] [Server thread/INFO]: [PlayTime] [STDOUT]   0   0
[15:28:09] [Server thread/INFO]: [PlayTime] [STDOUT] 0       0
[15:28:09] [Server thread/INFO]: [PlayTime] [STDOUT]     0
[15:28:09] [Server thread/INFO]: [PlayTime] [STDOUT]     0
[15:28:09] [Server thread/INFO]: [PlayTime] [STDOUT]     0
[15:28:09] [Server thread/INFO]: [PlayTime] [STDOUT]     0
[15:28:09] [Server thread/INFO]: [PlayTime] [STDOUT]     0
[15:28:09] [Server thread/INFO]: [PlayTime] [STDOUT]     0
[15:28:09] [Server thread/INFO]: [PlayTime] [STDOUT] §2Config loaded
[15:28:09] [Server thread/INFO]: [GSit] Enabling GSit v1.10.0
[15:28:09] [Server thread/INFO]: [GSit] The plugin was successfully enabled.
[15:28:09] [Server thread/INFO]: [GSit] Link with PlaceholderAPI successful!
[15:28:09] [Server thread/INFO]: [PlaceholderAPI] Successfully registered internal expansion: gsit [1.10.0]
[15:28:09] [Server thread/INFO]: [eBackup] Enabling eBackup v1.3.1
[15:28:09] [Server thread/INFO]: [eBackup] Initializing eBackup...
[15:28:09] [Server thread/INFO]: [eBackup] Configured the cron task to be: at 04:00 at 4 day
[15:28:09] [Server thread/INFO]: [eBackup] Plugin initialized!
[15:28:09] [Server thread/INFO]: [CoreProtect] Enabling CoreProtect v22.4
[15:28:10] [Server thread/INFO]: [CoreProtect] CoreProtect has been successfully enabled! 
[15:28:10] [Server thread/INFO]: [CoreProtect] Using SQLite for data storage.
[15:28:10] [Server thread/INFO]: --------------------
[15:28:10] [Server thread/INFO]: [CoreProtect] Enjoy CoreProtect? Join our Discord!
[15:28:10] [Server thread/INFO]: [CoreProtect] Discord: www.coreprotect.net/discord/
[15:28:10] [Server thread/INFO]: --------------------
[15:28:10] [Server thread/INFO]: [ChatImage] Enabling ChatImage v2.6.0
[15:28:10] [Server thread/INFO]: [PlaceholderAPI] Successfully registered internal expansion: chatimage [1.0.0]
[15:28:10] [Server thread/INFO]: [ChatHead] Enabling ChatHead v1.0.1
[15:28:10] [Server thread/INFO]: [PlaceholderAPI] Placeholder expansion registration initializing...
[15:28:10] [Server thread/INFO]: Running delayed init tasks
[15:28:10] [Craft Scheduler Thread - 2 - ViaVersion/INFO]: [ViaVersion] Finished mapping loading, shutting down loader executor!
[15:28:10] [Server thread/INFO]: Done (7.989s)! For help, type "help"
[15:28:10] [Server thread/INFO]: Timings Reset
[15:28:10] [Server thread/INFO]: [PlaceholderAPI] Successfully registered external expansion: luckperms [5.4-R2]
[15:28:10] [Server thread/INFO]: 1 placeholder hook(s) registered!
[15:28:32] [User Authenticator #0/INFO]: UUID of player RAPALLE is d0a66567-dc4d-410a-9f31-1debb1ff51ad
[15:28:32] [Server thread/INFO]: RAPALLE joined the game
[15:28:32] [Server thread/INFO]: RAPALLE[/127.0.0.1:51875] logged in with entity id 268 at ([world]-8.5, 86.0, 20.5)
[15:28:41] [Server thread/INFO]: RAPALLE issued server command: /lp editor
[15:29:00] [Server thread/INFO]: RAPALLE lost connection: Disconnected
[15:29:00] [Server thread/INFO]: RAPALLE left the game
[16:14:20] [User Authenticator #1/INFO]: UUID of player RAPALLE is d0a66567-dc4d-410a-9f31-1debb1ff51ad
[16:14:21] [Server thread/INFO]: RAPALLE joined the game
[16:14:21] [Server thread/INFO]: RAPALLE[/127.0.0.1:55722] logged in with entity id 371 at ([world]-8.5, 86.0, 20.5)
[16:14:23] [Server thread/INFO]: RAPALLE lost connection: Disconnected
[16:14:23] [Server thread/INFO]: RAPALLE left the game
[16:22:49] [Server thread/INFO]: Stopping the server
[16:22:49] [Server thread/INFO]: Stopping server
[16:22:49] [Server thread/INFO]: [ChatHead] Disabling ChatHead v1.0.1
[16:22:49] [Server thread/INFO]: [ChatImage] Disabling ChatImage v2.6.0
[16:22:49] [Server thread/INFO]: [CoreProtect] Disabling CoreProtect v22.4
[16:22:49] [Server thread/INFO]: [CoreProtect] Finishing up data logging. Please wait...
[16:22:50] [Server thread/INFO]: [CoreProtect] Success! Disabled CoreProtect v22.4
[16:22:50] [Server thread/INFO]: [eBackup] Disabling eBackup v1.3.1
[16:22:50] [Server thread/INFO]: [eBackup] Disabled eBackup!
[16:22:50] [Server thread/INFO]: [GSit] Disabling GSit v1.10.0
[16:22:50] [Server thread/INFO]: [GSit] The plugin was successfully disabled.
[16:22:50] [Server thread/INFO]: [LuckPerms] Disabling LuckPerms v5.4.141
[16:22:50] [Server thread/INFO]: [PlaceholderAPI] Unregistered placeholder expansion luckperms
[16:22:50] [Server thread/INFO]: [PlaceholderAPI] Reason: required plugin LuckPerms was disabled.
[16:22:50] [Server thread/INFO]: [LuckPerms] Starting shutdown process...
[16:22:50] [Server thread/INFO]: [LuckPerms] Closing storage...
[16:22:50] [Server thread/INFO]: [LuckPerms] Goodbye!
[16:22:50] [Server thread/INFO]: [PlayTime] Disabling PlayTime v1.0
[16:22:50] [Server thread/INFO]: DISABLED
[16:22:50] [Server thread/INFO]: [PlayTime] [STDOUT]     0
[16:22:50] [Server thread/WARN]: Nag author(s): '[lustigeeefails]' of 'PlayTime v1.0' about their usage of System.out/err.print. Please use your plugin's logger instead (JavaPlugin#getLogger).
[16:22:50] [Server thread/INFO]: [PlayTime] [STDOUT]   0   0
[16:22:50] [Server thread/INFO]: [PlayTime] [STDOUT] 0       0
[16:22:50] [Server thread/INFO]: [PlayTime] [STDOUT]     0
[16:22:50] [Server thread/INFO]: [PlayTime] [STDOUT]     0
[16:22:50] [Server thread/INFO]: [PlayTime] [STDOUT]     0
[16:22:50] [Server thread/INFO]: [PlayTime] [STDOUT]     0
[16:22:50] [Server thread/INFO]: [PlayTime] [STDOUT]     0
[16:22:50] [Server thread/INFO]: [PlayTime] [STDOUT]     0
[16:22:50] [Server thread/INFO]: [PoloCloud-Plugin] Disabling PoloCloud-Plugin v1.0.0
[16:22:50] [Server thread/INFO]: [PlaceholderAPI] Disabling PlaceholderAPI v2.11.6
[16:22:50] [Server thread/INFO]: [ViaVersion] Disabling ViaVersion v5.0.3
[16:22:50] [Server thread/INFO]: [ViaVersion] ViaVersion has been disabled; uninjected the platform and shut down the scheduler.
[16:22:50] [Server thread/INFO]: Saving players
[16:22:50] [Server thread/INFO]: Saving worlds
[16:22:50] [Server thread/INFO]: Saving chunks for level 'ServerLevel[world]'/minecraft:overworld
[16:22:50] [Server thread/INFO]: [ChunkHolderManager] Waiting 60s for chunk system to halt for world 'world'
[16:22:50] [Server thread/INFO]: [ChunkHolderManager] Halted chunk system for world 'world'
[16:22:50] [Server thread/INFO]: [ChunkHolderManager] Saving all chunkholders for world 'world'
[16:22:50] [Server thread/INFO]: [ChunkHolderManager] Saved 1 block chunks, 128 entity chunks, 0 poi chunks in world 'world' in 0,02s
[16:22:50] [Server thread/INFO]: ThreadedAnvilChunkStorage (world): All chunks are saved
[16:22:50] [Server thread/INFO]: Saving chunks for level 'ServerLevel[world_nether]'/minecraft:the_nether
[16:22:50] [Server thread/INFO]: [ChunkHolderManager] Waiting 60s for chunk system to halt for world 'world_nether'
[16:22:50] [Server thread/INFO]: [ChunkHolderManager] Halted chunk system for world 'world_nether'
[16:22:50] [Server thread/INFO]: [ChunkHolderManager] Saving all chunkholders for world 'world_nether'
[16:22:50] [Server thread/INFO]: [ChunkHolderManager] Saved 0 block chunks, 26 entity chunks, 0 poi chunks in world 'world_nether' in 0,00s
[16:22:50] [Server thread/INFO]: ThreadedAnvilChunkStorage (DIM-1): All chunks are saved
[16:22:50] [Server thread/INFO]: Saving chunks for level 'ServerLevel[world_the_end]'/minecraft:the_end
[16:22:50] [Server thread/INFO]: [ChunkHolderManager] Waiting 60s for chunk system to halt for world 'world_the_end'
[16:22:50] [Server thread/INFO]: [ChunkHolderManager] Halted chunk system for world 'world_the_end'
[16:22:50] [Server thread/INFO]: [ChunkHolderManager] Saving all chunkholders for world 'world_the_end'
[16:22:50] [Server thread/INFO]: [ChunkHolderManager] Saved 0 block chunks, 10 entity chunks, 0 poi chunks in world 'world_the_end' in 0,00s
[16:22:50] [Server thread/INFO]: ThreadedAnvilChunkStorage (DIM1): All chunks are saved
[16:22:50] [Server thread/INFO]: ThreadedAnvilChunkStorage: All dimensions are saved
[16:22:50] [Server thread/INFO]: Flushing Chunk IO
[16:22:50] [Server thread/INFO]: Closing Thread Pool
[16:22:50] [Server thread/INFO]: Closing Server
